<?xml version="1.0" encoding="UTF-8"?>
<checkstyle version="8.37">
<file name="/home/bluefox/Tejas-Backups/rm_ems_1_1_m/rn-ems/src/vesCollector/src/main/java/org/onap/dcae/CLIUtils.java">
<error line="26" column="1" severity="warning" message="Extra separation in import group before &apos;java.util.HashMap&apos;" source="com.puppycrawl.tools.checkstyle.checks.imports.CustomImportOrderCheck"/>
<error line="28" column="14" severity="warning" message="Abbreviation in name &apos;CLIUtils&apos; must contain no more than &apos;2&apos; consecutive capital letters." source="com.puppycrawl.tools.checkstyle.checks.naming.AbbreviationAsWordInNameCheck"/>
<error line="30" column="5" severity="warning" message="Missing a Javadoc comment." source="com.puppycrawl.tools.checkstyle.checks.javadoc.MissingJavadocMethodCheck"/>
</file>
<file name="/home/bluefox/Tejas-Backups/rm_ems_1_1_m/rn-ems/src/vesCollector/src/main/java/org/onap/dcae/JSonSchemasSupplier.java">
<error line="21" column="1" severity="warning" message="&apos;package&apos; should be separated from previous statement." source="com.puppycrawl.tools.checkstyle.checks.whitespace.EmptyLineSeparatorCheck"/>
<error line="30" column="1" severity="warning" message="Extra separation in import group before &apos;java.io.IOException&apos;" source="com.puppycrawl.tools.checkstyle.checks.imports.CustomImportOrderCheck"/>
<error line="30" column="1" severity="warning" message="Wrong lexicographical order for &apos;java.io.IOException&apos; import. Should be before &apos;org.json.JSONObject&apos;." source="com.puppycrawl.tools.checkstyle.checks.imports.CustomImportOrderCheck"/>
<error line="31" column="1" severity="warning" message="Wrong lexicographical order for &apos;java.nio.file.Paths&apos; import. Should be before &apos;org.json.JSONObject&apos;." source="com.puppycrawl.tools.checkstyle.checks.imports.CustomImportOrderCheck"/>
<error line="33" column="1" severity="warning" message="Import statement for &apos;io.vavr.API.Tuple&apos; is in the wrong order. Should be in the &apos;STATIC&apos; group, expecting not assigned imports on this line." source="com.puppycrawl.tools.checkstyle.checks.imports.CustomImportOrderCheck"/>
<error line="34" column="1" severity="warning" message="Import statement for &apos;java.nio.file.Files.readAllBytes&apos; is in the wrong order. Should be in the &apos;STATIC&apos; group, expecting not assigned imports on this line." source="com.puppycrawl.tools.checkstyle.checks.imports.CustomImportOrderCheck"/>
<error line="38" column="5" severity="warning" message="Missing a Javadoc comment." source="com.puppycrawl.tools.checkstyle.checks.javadoc.MissingJavadocMethodCheck"/>
<error line="46" severity="warning" message="Line is longer than 120 characters (found 123)." source="com.puppycrawl.tools.checkstyle.checks.sizes.LineLengthCheck"/>
</file>
<file name="/home/bluefox/Tejas-Backups/rm_ems_1_1_m/rn-ems/src/vesCollector/src/main/java/org/onap/dcae/restapi/HealthCheckController.java">
</file>
<file name="/home/bluefox/Tejas-Backups/rm_ems_1_1_m/rn-ems/src/vesCollector/src/main/java/org/onap/dcae/restapi/ApiAuthInterceptor.java">
<error line="20" column="1" severity="warning" message="&apos;package&apos; should be separated from previous statement." source="com.puppycrawl.tools.checkstyle.checks.whitespace.EmptyLineSeparatorCheck"/>
<error line="61" column="9" severity="warning" message="&apos;if&apos; is not followed by whitespace." source="com.puppycrawl.tools.checkstyle.checks.whitespace.WhitespaceAfterCheck"/>
<error line="61" column="9" severity="warning" message="WhitespaceAround: &apos;if&apos; is not followed by whitespace. Empty blocks may only be represented as {} when not part of a multi-block statement (4.1.3)" source="com.puppycrawl.tools.checkstyle.checks.whitespace.WhitespaceAroundCheck"/>
<error line="61" column="54" severity="warning" message="WhitespaceAround: &apos;{&apos; is not preceded with whitespace." source="com.puppycrawl.tools.checkstyle.checks.whitespace.WhitespaceAroundCheck"/>
<error line="62" column="13" severity="warning" message="&apos;if&apos; is not followed by whitespace." source="com.puppycrawl.tools.checkstyle.checks.whitespace.WhitespaceAfterCheck"/>
<error line="62" column="13" severity="warning" message="WhitespaceAround: &apos;if&apos; is not followed by whitespace. Empty blocks may only be represented as {} when not part of a multi-block statement (4.1.3)" source="com.puppycrawl.tools.checkstyle.checks.whitespace.WhitespaceAroundCheck"/>
<error line="62" column="62" severity="warning" message="WhitespaceAround: &apos;{&apos; is not preceded with whitespace." source="com.puppycrawl.tools.checkstyle.checks.whitespace.WhitespaceAroundCheck"/>
<error line="70" column="9" severity="warning" message="&apos;if&apos; is not followed by whitespace." source="com.puppycrawl.tools.checkstyle.checks.whitespace.WhitespaceAfterCheck"/>
<error line="70" column="9" severity="warning" message="WhitespaceAround: &apos;if&apos; is not followed by whitespace. Empty blocks may only be represented as {} when not part of a multi-block statement (4.1.3)" source="com.puppycrawl.tools.checkstyle.checks.whitespace.WhitespaceAroundCheck"/>
<error line="70" column="42" severity="warning" message="WhitespaceAround: &apos;{&apos; is not preceded with whitespace." source="com.puppycrawl.tools.checkstyle.checks.whitespace.WhitespaceAroundCheck"/>
<error line="111" column="9" severity="warning" message="&apos;if&apos; is not followed by whitespace." source="com.puppycrawl.tools.checkstyle.checks.whitespace.WhitespaceAfterCheck"/>
<error line="111" column="9" severity="warning" message="WhitespaceAround: &apos;if&apos; is not followed by whitespace. Empty blocks may only be represented as {} when not part of a multi-block statement (4.1.3)" source="com.puppycrawl.tools.checkstyle.checks.whitespace.WhitespaceAroundCheck"/>
<error line="111" column="62" severity="warning" message="WhitespaceAround: &apos;{&apos; is not preceded with whitespace." source="com.puppycrawl.tools.checkstyle.checks.whitespace.WhitespaceAroundCheck"/>
<error line="129" column="76" severity="warning" message="&apos;,&apos; is not followed by whitespace." source="com.puppycrawl.tools.checkstyle.checks.whitespace.WhitespaceAfterCheck"/>
</file>
<file name="/home/bluefox/Tejas-Backups/rm_ems_1_1_m/rn-ems/src/vesCollector/src/main/java/org/onap/dcae/restapi/WebMvcConfig.java">
<error line="55" column="5" severity="warning" message="Missing a Javadoc comment." source="com.puppycrawl.tools.checkstyle.checks.javadoc.MissingJavadocMethodCheck"/>
</file>
<file name="/home/bluefox/Tejas-Backups/rm_ems_1_1_m/rn-ems/src/vesCollector/src/main/java/org/onap/dcae/restapi/ServletConfig.java">
</file>
<file name="/home/bluefox/Tejas-Backups/rm_ems_1_1_m/rn-ems/src/vesCollector/src/main/java/org/onap/dcae/restapi/EventValidatorException.java">
<error line="20" column="1" severity="warning" message="&apos;package&apos; should be separated from previous statement." source="com.puppycrawl.tools.checkstyle.checks.whitespace.EmptyLineSeparatorCheck"/>
</file>
<file name="/home/bluefox/Tejas-Backups/rm_ems_1_1_m/rn-ems/src/vesCollector/src/main/java/org/onap/dcae/restapi/SwaggerConfig.java">
<error line="33" column="27" severity="warning" message="WhitespaceAround: &apos;{&apos; is not preceded with whitespace." source="com.puppycrawl.tools.checkstyle.checks.whitespace.WhitespaceAroundCheck"/>
<error line="35" column="3" severity="warning" message="&apos;method def modifier&apos; has incorrect indentation level 2, expected level should be 4." source="com.puppycrawl.tools.checkstyle.checks.indentation.IndentationCheck"/>
<error line="35" column="3" severity="warning" message="Missing a Javadoc comment." source="com.puppycrawl.tools.checkstyle.checks.javadoc.MissingJavadocMethodCheck"/>
<error line="37" column="5" severity="warning" message="&apos;method def&apos; child has incorrect indentation level 4, expected level should be 8." source="com.puppycrawl.tools.checkstyle.checks.indentation.IndentationCheck"/>
<error line="42" column="3" severity="warning" message="&apos;method def rcurly&apos; has incorrect indentation level 2, expected level should be 4." source="com.puppycrawl.tools.checkstyle.checks.indentation.IndentationCheck"/>
</file>
<file name="/home/bluefox/Tejas-Backups/rm_ems_1_1_m/rn-ems/src/vesCollector/src/main/java/org/onap/dcae/restapi/ApiException.java">
<error line="20" column="1" severity="warning" message="&apos;package&apos; should be separated from previous statement." source="com.puppycrawl.tools.checkstyle.checks.whitespace.EmptyLineSeparatorCheck"/>
<error line="25" column="1" severity="warning" message="Extra separation in import group before &apos;java.util.ArrayList&apos;" source="com.puppycrawl.tools.checkstyle.checks.imports.CustomImportOrderCheck"/>
<error line="25" column="1" severity="warning" message="Wrong lexicographical order for &apos;java.util.ArrayList&apos; import. Should be before &apos;org.json.JSONObject&apos;." source="com.puppycrawl.tools.checkstyle.checks.imports.CustomImportOrderCheck"/>
<error line="26" column="1" severity="warning" message="Wrong lexicographical order for &apos;java.util.List&apos; import. Should be before &apos;org.json.JSONObject&apos;." source="com.puppycrawl.tools.checkstyle.checks.imports.CustomImportOrderCheck"/>
<error line="28" severity="warning" message="Summary javadoc is missing." source="com.puppycrawl.tools.checkstyle.checks.javadoc.SummaryJavadocCheck"/>
<error line="34" severity="warning" message="Line is longer than 120 characters (found 129)." source="com.puppycrawl.tools.checkstyle.checks.sizes.LineLengthCheck"/>
<error line="35" severity="warning" message="Line is longer than 120 characters (found 124)." source="com.puppycrawl.tools.checkstyle.checks.sizes.LineLengthCheck"/>
<error line="37" severity="warning" message="Line is longer than 120 characters (found 124)." source="com.puppycrawl.tools.checkstyle.checks.sizes.LineLengthCheck"/>
<error line="38" severity="warning" message="Line is longer than 120 characters (found 200)." source="com.puppycrawl.tools.checkstyle.checks.sizes.LineLengthCheck"/>
<error line="39" severity="warning" message="Line is longer than 120 characters (found 194)." source="com.puppycrawl.tools.checkstyle.checks.sizes.LineLengthCheck"/>
<error line="40" severity="warning" message="Line is longer than 120 characters (found 129)." source="com.puppycrawl.tools.checkstyle.checks.sizes.LineLengthCheck"/>
<error line="41" severity="warning" message="Line is longer than 120 characters (found 250)." source="com.puppycrawl.tools.checkstyle.checks.sizes.LineLengthCheck"/>
<error line="42" severity="warning" message="Line is longer than 120 characters (found 242)." source="com.puppycrawl.tools.checkstyle.checks.sizes.LineLengthCheck"/>
<error line="43" severity="warning" message="Line is longer than 120 characters (found 291)." source="com.puppycrawl.tools.checkstyle.checks.sizes.LineLengthCheck"/>
<error line="44" severity="warning" message="Line is longer than 120 characters (found 143)." source="com.puppycrawl.tools.checkstyle.checks.sizes.LineLengthCheck"/>
<error line="45" severity="warning" message="Line is longer than 120 characters (found 192)." source="com.puppycrawl.tools.checkstyle.checks.sizes.LineLengthCheck"/>
<error line="45" column="105" severity="warning" message="&apos;,&apos; is not followed by whitespace." source="com.puppycrawl.tools.checkstyle.checks.whitespace.WhitespaceAfterCheck"/>
<error line="45" column="187" severity="warning" message="&apos;,&apos; is not followed by whitespace." source="com.puppycrawl.tools.checkstyle.checks.whitespace.WhitespaceAfterCheck"/>
<error line="46" severity="warning" message="Line is longer than 120 characters (found 199)." source="com.puppycrawl.tools.checkstyle.checks.sizes.LineLengthCheck"/>
<error line="47" severity="warning" message="Line is longer than 120 characters (found 176)." source="com.puppycrawl.tools.checkstyle.checks.sizes.LineLengthCheck"/>
<error line="48" severity="warning" message="Line is longer than 120 characters (found 153)." source="com.puppycrawl.tools.checkstyle.checks.sizes.LineLengthCheck"/>
<error line="48" column="140" severity="warning" message="&apos;,&apos; is not followed by whitespace." source="com.puppycrawl.tools.checkstyle.checks.whitespace.WhitespaceAfterCheck"/>
<error line="49" severity="warning" message="Line is longer than 120 characters (found 165)." source="com.puppycrawl.tools.checkstyle.checks.sizes.LineLengthCheck"/>
<error line="49" column="152" severity="warning" message="&apos;,&apos; is not followed by whitespace." source="com.puppycrawl.tools.checkstyle.checks.whitespace.WhitespaceAfterCheck"/>
<error line="50" severity="warning" message="Line is longer than 120 characters (found 169)." source="com.puppycrawl.tools.checkstyle.checks.sizes.LineLengthCheck"/>
<error line="50" column="156" severity="warning" message="&apos;,&apos; is not followed by whitespace." source="com.puppycrawl.tools.checkstyle.checks.whitespace.WhitespaceAfterCheck"/>
<error line="51" severity="warning" message="Line is longer than 120 characters (found 177)." source="com.puppycrawl.tools.checkstyle.checks.sizes.LineLengthCheck"/>
<error line="51" column="164" severity="warning" message="&apos;,&apos; is not followed by whitespace." source="com.puppycrawl.tools.checkstyle.checks.whitespace.WhitespaceAfterCheck"/>
<error line="52" severity="warning" message="Line is longer than 120 characters (found 157)." source="com.puppycrawl.tools.checkstyle.checks.sizes.LineLengthCheck"/>
<error line="52" column="144" severity="warning" message="&apos;,&apos; is not followed by whitespace." source="com.puppycrawl.tools.checkstyle.checks.whitespace.WhitespaceAfterCheck"/>
<error line="53" severity="warning" message="Line is longer than 120 characters (found 173)." source="com.puppycrawl.tools.checkstyle.checks.sizes.LineLengthCheck"/>
<error line="53" column="160" severity="warning" message="&apos;,&apos; is not followed by whitespace." source="com.puppycrawl.tools.checkstyle.checks.whitespace.WhitespaceAfterCheck"/>
<error line="54" severity="warning" message="Line is longer than 120 characters (found 165)." source="com.puppycrawl.tools.checkstyle.checks.sizes.LineLengthCheck"/>
<error line="54" column="152" severity="warning" message="&apos;,&apos; is not followed by whitespace." source="com.puppycrawl.tools.checkstyle.checks.whitespace.WhitespaceAfterCheck"/>
<error line="74" column="5" severity="warning" message="Missing a Javadoc comment." source="com.puppycrawl.tools.checkstyle.checks.javadoc.MissingJavadocMethodCheck"/>
<error line="74" column="23" severity="warning" message="Abbreviation in name &apos;toJSON&apos; must contain no more than &apos;2&apos; consecutive capital letters." source="com.puppycrawl.tools.checkstyle.checks.naming.AbbreviationAsWordInNameCheck"/>
<error line="78" column="9" severity="warning" message="&apos;if&apos; is not followed by whitespace." source="com.puppycrawl.tools.checkstyle.checks.whitespace.WhitespaceAfterCheck"/>
<error line="78" column="9" severity="warning" message="WhitespaceAround: &apos;if&apos; is not followed by whitespace. Empty blocks may only be represented as {} when not part of a multi-block statement (4.1.3)" source="com.puppycrawl.tools.checkstyle.checks.whitespace.WhitespaceAroundCheck"/>
</file>
<file name="/home/bluefox/Tejas-Backups/rm_ems_1_1_m/rn-ems/src/vesCollector/src/main/java/org/onap/dcae/restapi/VesRestController.java">
<error line="49" column="1" severity="warning" message="Extra separation in import group before &apos;javax.servlet.http.HttpServletRequest&apos;" source="com.puppycrawl.tools.checkstyle.checks.imports.CustomImportOrderCheck"/>
<error line="49" column="1" severity="warning" message="Wrong lexicographical order for &apos;javax.servlet.http.HttpServletRequest&apos; import. Should be before &apos;org.springframework.web.bind.annotation.RestController&apos;." source="com.puppycrawl.tools.checkstyle.checks.imports.CustomImportOrderCheck"/>
<error line="50" column="1" severity="warning" message="Wrong lexicographical order for &apos;java.util.List&apos; import. Should be before &apos;org.springframework.web.bind.annotation.RestController&apos;." source="com.puppycrawl.tools.checkstyle.checks.imports.CustomImportOrderCheck"/>
<error line="51" column="1" severity="warning" message="Wrong lexicographical order for &apos;java.util.UUID&apos; import. Should be before &apos;org.springframework.web.bind.annotation.RestController&apos;." source="com.puppycrawl.tools.checkstyle.checks.imports.CustomImportOrderCheck"/>
<error line="53" column="1" severity="warning" message="Import statement for &apos;org.onap.dcae.common.validator.BatchEventValidator.executeBatchEventValidation&apos; is in the wrong order. Should be in the &apos;STATIC&apos; group, expecting not assigned imports on this line." source="com.puppycrawl.tools.checkstyle.checks.imports.CustomImportOrderCheck"/>
<error line="54" column="1" severity="warning" message="Import statement for &apos;org.springframework.http.ResponseEntity.badRequest&apos; is in the wrong order. Should be in the &apos;STATIC&apos; group, expecting not assigned imports on this line." source="com.puppycrawl.tools.checkstyle.checks.imports.CustomImportOrderCheck"/>
<error line="55" column="1" severity="warning" message="Import statement for &apos;org.springframework.http.ResponseEntity.status&apos; is in the wrong order. Should be in the &apos;STATIC&apos; group, expecting not assigned imports on this line." source="com.puppycrawl.tools.checkstyle.checks.imports.CustomImportOrderCheck"/>
<error line="60" severity="warning" message="Line is longer than 120 characters (found 153)." source="com.puppycrawl.tools.checkstyle.checks.sizes.LineLengthCheck"/>
<error line="74" severity="warning" message="Line is longer than 120 characters (found 135)." source="com.puppycrawl.tools.checkstyle.checks.sizes.LineLengthCheck"/>
<error line="91" severity="warning" message="Line is longer than 120 characters (found 132)." source="com.puppycrawl.tools.checkstyle.checks.sizes.LineLengthCheck"/>
<error line="95" severity="warning" message="Line is longer than 120 characters (found 121)." source="com.puppycrawl.tools.checkstyle.checks.sizes.LineLengthCheck"/>
<error line="99" severity="warning" message="Line is longer than 120 characters (found 132)." source="com.puppycrawl.tools.checkstyle.checks.sizes.LineLengthCheck"/>
<error line="106" column="26" severity="warning" message="Abbreviation in name &apos;requestURI&apos; must contain no more than &apos;2&apos; consecutive capital letters." source="com.puppycrawl.tools.checkstyle.checks.naming.AbbreviationAsWordInNameCheck"/>
<error line="112" severity="warning" message="Line is longer than 120 characters (found 146)." source="com.puppycrawl.tools.checkstyle.checks.sizes.LineLengthCheck"/>
<error line="112" column="134" severity="warning" message="Abbreviation in name &apos;requestURI&apos; must contain no more than &apos;2&apos; consecutive capital letters." source="com.puppycrawl.tools.checkstyle.checks.naming.AbbreviationAsWordInNameCheck"/>
<error line="155" column="98" severity="warning" message="Abbreviation in name &apos;requestURI&apos; must contain no more than &apos;2&apos; consecutive capital letters." source="com.puppycrawl.tools.checkstyle.checks.naming.AbbreviationAsWordInNameCheck"/>
<error line="159" column="18" severity="warning" message="Abbreviation in name &apos;generateUUID&apos; must contain no more than &apos;2&apos; consecutive capital letters." source="com.puppycrawl.tools.checkstyle.checks.naming.AbbreviationAsWordInNameCheck"/>
</file>
<file name="/home/bluefox/Tejas-Backups/rm_ems_1_1_m/rn-ems/src/vesCollector/src/main/java/org/onap/dcae/ApplicationSettings.java">
<error line="39" column="1" severity="warning" message="Extra separation in import group before &apos;javax.annotation.Nullable&apos;" source="com.puppycrawl.tools.checkstyle.checks.imports.CustomImportOrderCheck"/>
<error line="39" column="1" severity="warning" message="Wrong lexicographical order for &apos;javax.annotation.Nullable&apos; import. Should be before &apos;org.slf4j.LoggerFactory&apos;." source="com.puppycrawl.tools.checkstyle.checks.imports.CustomImportOrderCheck"/>
<error line="40" column="1" severity="warning" message="Wrong lexicographical order for &apos;java.io.FileReader&apos; import. Should be before &apos;org.slf4j.LoggerFactory&apos;." source="com.puppycrawl.tools.checkstyle.checks.imports.CustomImportOrderCheck"/>
<error line="41" column="1" severity="warning" message="Wrong lexicographical order for &apos;java.io.IOException&apos; import. Should be before &apos;org.slf4j.LoggerFactory&apos;." source="com.puppycrawl.tools.checkstyle.checks.imports.CustomImportOrderCheck"/>
<error line="42" column="1" severity="warning" message="Wrong lexicographical order for &apos;java.lang.reflect.Type&apos; import. Should be before &apos;org.slf4j.LoggerFactory&apos;." source="com.puppycrawl.tools.checkstyle.checks.imports.CustomImportOrderCheck"/>
<error line="43" column="1" severity="warning" message="Wrong lexicographical order for &apos;java.nio.file.Path&apos; import. Should be before &apos;org.slf4j.LoggerFactory&apos;." source="com.puppycrawl.tools.checkstyle.checks.imports.CustomImportOrderCheck"/>
<error line="44" column="1" severity="warning" message="Wrong lexicographical order for &apos;java.nio.file.Paths&apos; import. Should be before &apos;org.slf4j.LoggerFactory&apos;." source="com.puppycrawl.tools.checkstyle.checks.imports.CustomImportOrderCheck"/>
<error line="45" column="1" severity="warning" message="Wrong lexicographical order for &apos;java.util.List&apos; import. Should be before &apos;org.slf4j.LoggerFactory&apos;." source="com.puppycrawl.tools.checkstyle.checks.imports.CustomImportOrderCheck"/>
<error line="47" column="1" severity="warning" message="Import statement for &apos;java.lang.String.format&apos; is in the wrong order. Should be in the &apos;STATIC&apos; group, expecting not assigned imports on this line." source="com.puppycrawl.tools.checkstyle.checks.imports.CustomImportOrderCheck"/>
<error line="75" severity="warning" message="Line is longer than 120 characters (found 125)." source="com.puppycrawl.tools.checkstyle.checks.sizes.LineLengthCheck"/>
<error line="75" column="5" severity="warning" message="Missing a Javadoc comment." source="com.puppycrawl.tools.checkstyle.checks.javadoc.MissingJavadocMethodCheck"/>
<error line="105" column="5" severity="warning" message="&apos;METHOD_DEF&apos; should be separated from previous statement." source="com.puppycrawl.tools.checkstyle.checks.whitespace.EmptyLineSeparatorCheck"/>
<error line="113" column="5" severity="warning" message="Missing a Javadoc comment." source="com.puppycrawl.tools.checkstyle.checks.javadoc.MissingJavadocMethodCheck"/>
<error line="119" column="54" severity="warning" message="WhitespaceAround: &apos;{&apos; is not preceded with whitespace." source="com.puppycrawl.tools.checkstyle.checks.whitespace.WhitespaceAroundCheck"/>
<error line="120" column="8" severity="warning" message="&apos;method def&apos; child has incorrect indentation level 7, expected level should be 8." source="com.puppycrawl.tools.checkstyle.checks.indentation.IndentationCheck"/>
<error line="144" severity="warning" message="Line is longer than 120 characters (found 121)." source="com.puppycrawl.tools.checkstyle.checks.sizes.LineLengthCheck"/>
<error line="152" severity="warning" message="Line is longer than 120 characters (found 128)." source="com.puppycrawl.tools.checkstyle.checks.sizes.LineLengthCheck"/>
<error line="156" severity="warning" message="Line is longer than 120 characters (found 122)." source="com.puppycrawl.tools.checkstyle.checks.sizes.LineLengthCheck"/>
<error line="163" column="19" severity="warning" message="Method name &apos;dMaaPConfigurationFileLocation&apos; must match pattern &apos;^[a-z][a-z0-9][a-zA-Z0-9_]*$&apos;." source="com.puppycrawl.tools.checkstyle.checks.naming.MethodNameCheck"/>
<error line="167" column="39" severity="warning" message="WhitespaceAround: &apos;{&apos; is not preceded with whitespace." source="com.puppycrawl.tools.checkstyle.checks.whitespace.WhitespaceAroundCheck"/>
<error line="168" severity="warning" message="Line is longer than 120 characters (found 137)." source="com.puppycrawl.tools.checkstyle.checks.sizes.LineLengthCheck"/>
<error line="171" column="31" severity="warning" message="WhitespaceAround: &apos;{&apos; is not preceded with whitespace." source="com.puppycrawl.tools.checkstyle.checks.whitespace.WhitespaceAroundCheck"/>
<error line="189" severity="warning" message="Line is longer than 120 characters (found 122)." source="com.puppycrawl.tools.checkstyle.checks.sizes.LineLengthCheck"/>
<error line="236" column="23" severity="warning" message="WhitespaceAround: &apos;-&gt;&apos; is not followed by whitespace. Empty blocks may only be represented as {} when not part of a multi-block statement (4.1.3)" source="com.puppycrawl.tools.checkstyle.checks.whitespace.WhitespaceAroundCheck"/>
<error line="236" column="23" severity="warning" message="WhitespaceAround: &apos;-&gt;&apos; is not preceded with whitespace." source="com.puppycrawl.tools.checkstyle.checks.whitespace.WhitespaceAroundCheck"/>
<error line="237" column="25" severity="warning" message="WhitespaceAround: &apos;-&gt;&apos; is not preceded with whitespace." source="com.puppycrawl.tools.checkstyle.checks.whitespace.WhitespaceAroundCheck"/>
<error line="259" column="14" severity="warning" message="Abbreviation in name &apos;EVENT_TRANSFORM_LIST_TYPE&apos; must contain no more than &apos;2&apos; consecutive capital letters." source="com.puppycrawl.tools.checkstyle.checks.naming.AbbreviationAsWordInNameCheck"/>
<error line="259" column="14" severity="warning" message="Local variable name &apos;EVENT_TRANSFORM_LIST_TYPE&apos; must match pattern &apos;^[a-z]([a-z0-9][a-zA-Z0-9]*)?$&apos;." source="com.puppycrawl.tools.checkstyle.checks.naming.LocalVariableNameCheck"/>
<error line="271" column="31" severity="warning" message="Local variable name &apos;dMaaPStreamsProperty&apos; must match pattern &apos;^[a-z]([a-z0-9][a-zA-Z0-9]*)?$&apos;." source="com.puppycrawl.tools.checkstyle.checks.naming.LocalVariableNameCheck"/>
</file>
<file name="/home/bluefox/Tejas-Backups/rm_ems_1_1_m/rn-ems/src/vesCollector/src/main/java/org/onap/dcae/ApplicationConfigurationListener.java">
<error line="29" column="1" severity="warning" message="Extra separation in import group before &apos;java.time.Duration&apos;" source="com.puppycrawl.tools.checkstyle.checks.imports.CustomImportOrderCheck"/>
<error line="29" column="1" severity="warning" message="Wrong lexicographical order for &apos;java.time.Duration&apos; import. Should be before &apos;reactor.core.Disposable&apos;." source="com.puppycrawl.tools.checkstyle.checks.imports.CustomImportOrderCheck"/>
<error line="42" severity="warning" message="First sentence of Javadoc is missing an ending period." source="com.puppycrawl.tools.checkstyle.checks.javadoc.SummaryJavadocCheck"/>
<error line="96" severity="warning" message="First sentence of Javadoc is missing an ending period." source="com.puppycrawl.tools.checkstyle.checks.javadoc.SummaryJavadocCheck"/>
</file>
<file name="/home/bluefox/Tejas-Backups/rm_ems_1_1_m/rn-ems/src/vesCollector/src/main/java/org/onap/dcae/multiplestreamreducer/MultipleStreamReducer.java">
<error line="20" column="1" severity="warning" message="&apos;package&apos; should be separated from previous statement." source="com.puppycrawl.tools.checkstyle.checks.whitespace.EmptyLineSeparatorCheck"/>
<error line="27" severity="warning" message="First sentence of Javadoc is missing an ending period." source="com.puppycrawl.tools.checkstyle.checks.javadoc.SummaryJavadocCheck"/>
<error line="39" severity="warning" message="First sentence of Javadoc is missing an ending period." source="com.puppycrawl.tools.checkstyle.checks.javadoc.SummaryJavadocCheck"/>
<error line="46" column="57" severity="warning" message="&apos;+&apos; should be on a new line." source="com.puppycrawl.tools.checkstyle.checks.whitespace.OperatorWrapCheck"/>
</file>
<file name="/home/bluefox/Tejas-Backups/rm_ems_1_1_m/rn-ems/src/vesCollector/src/main/java/org/onap/dcae/ApplicationException.java">
<error line="28" column="3" severity="warning" message="&apos;ctor def modifier&apos; has incorrect indentation level 2, expected level should be 4." source="com.puppycrawl.tools.checkstyle.checks.indentation.IndentationCheck"/>
<error line="29" column="5" severity="warning" message="&apos;ctor def&apos; child has incorrect indentation level 4, expected level should be 8." source="com.puppycrawl.tools.checkstyle.checks.indentation.IndentationCheck"/>
<error line="30" column="3" severity="warning" message="&apos;ctor def rcurly&apos; has incorrect indentation level 2, expected level should be 4." source="com.puppycrawl.tools.checkstyle.checks.indentation.IndentationCheck"/>
<error line="32" column="3" severity="warning" message="&apos;ctor def modifier&apos; has incorrect indentation level 2, expected level should be 4." source="com.puppycrawl.tools.checkstyle.checks.indentation.IndentationCheck"/>
<error line="33" column="5" severity="warning" message="&apos;ctor def&apos; child has incorrect indentation level 4, expected level should be 8." source="com.puppycrawl.tools.checkstyle.checks.indentation.IndentationCheck"/>
<error line="33" column="18" severity="warning" message="&apos;,&apos; is not followed by whitespace." source="com.puppycrawl.tools.checkstyle.checks.whitespace.WhitespaceAfterCheck"/>
<error line="34" column="3" severity="warning" message="&apos;ctor def rcurly&apos; has incorrect indentation level 2, expected level should be 4." source="com.puppycrawl.tools.checkstyle.checks.indentation.IndentationCheck"/>
<error line="36" column="3" severity="warning" message="&apos;ctor def modifier&apos; has incorrect indentation level 2, expected level should be 4." source="com.puppycrawl.tools.checkstyle.checks.indentation.IndentationCheck"/>
<error line="37" column="5" severity="warning" message="&apos;ctor def&apos; child has incorrect indentation level 4, expected level should be 8." source="com.puppycrawl.tools.checkstyle.checks.indentation.IndentationCheck"/>
<error line="38" column="3" severity="warning" message="&apos;ctor def rcurly&apos; has incorrect indentation level 2, expected level should be 4." source="com.puppycrawl.tools.checkstyle.checks.indentation.IndentationCheck"/>
<error line="40" column="3" severity="warning" message="&apos;ctor def modifier&apos; has incorrect indentation level 2, expected level should be 4." source="com.puppycrawl.tools.checkstyle.checks.indentation.IndentationCheck"/>
<error line="41" column="5" severity="warning" message="&apos;ctor def&apos; child has incorrect indentation level 4, expected level should be 8." source="com.puppycrawl.tools.checkstyle.checks.indentation.IndentationCheck"/>
<error line="42" column="3" severity="warning" message="&apos;ctor def rcurly&apos; has incorrect indentation level 2, expected level should be 4." source="com.puppycrawl.tools.checkstyle.checks.indentation.IndentationCheck"/>
</file>
<file name="/home/bluefox/Tejas-Backups/rm_ems_1_1_m/rn-ems/src/vesCollector/src/main/java/org/onap/dcae/configuration/Conversions.java">
<error line="20" column="1" severity="warning" message="&apos;package&apos; should be separated from previous statement." source="com.puppycrawl.tools.checkstyle.checks.whitespace.EmptyLineSeparatorCheck"/>
<error line="33" severity="warning" message="Summary javadoc is missing." source="com.puppycrawl.tools.checkstyle.checks.javadoc.SummaryJavadocCheck"/>
</file>
<file name="/home/bluefox/Tejas-Backups/rm_ems_1_1_m/rn-ems/src/vesCollector/src/main/java/org/onap/dcae/configuration/ConfigFilesFacade.java">
<error line="21" column="1" severity="warning" message="&apos;package&apos; should be separated from previous statement." source="com.puppycrawl.tools.checkstyle.checks.whitespace.EmptyLineSeparatorCheck"/>
<error line="53" column="49" severity="warning" message="Parameter name &apos;dMaaPConfigPath&apos; must match pattern &apos;^[a-z]([a-z0-9][a-zA-Z0-9]*)?$&apos;." source="com.puppycrawl.tools.checkstyle.checks.naming.ParameterNameCheck"/>
<error line="58" severity="warning" message="First sentence of Javadoc is missing an ending period." source="com.puppycrawl.tools.checkstyle.checks.javadoc.SummaryJavadocCheck"/>
<error line="80" column="51" severity="warning" message="Lambda parameter name &apos;__&apos; must match pattern &apos;^[a-z]([a-z0-9][a-zA-Z0-9]*)?$&apos;." source="com.puppycrawl.tools.checkstyle.checks.naming.LambdaParameterNameCheck"/>
<error line="87" column="50" severity="warning" message="Parameter name &apos;dMaaPConfiguration&apos; must match pattern &apos;^[a-z]([a-z0-9][a-zA-Z0-9]*)?$&apos;." source="com.puppycrawl.tools.checkstyle.checks.naming.ParameterNameCheck"/>
<error line="92" column="19" severity="warning" message="Lambda parameter name &apos;__&apos; must match pattern &apos;^[a-z]([a-z0-9][a-zA-Z0-9]*)?$&apos;." source="com.puppycrawl.tools.checkstyle.checks.naming.LambdaParameterNameCheck"/>
<error line="101" column="19" severity="warning" message="Lambda parameter name &apos;__&apos; must match pattern &apos;^[a-z]([a-z0-9][a-zA-Z0-9]*)?$&apos;." source="com.puppycrawl.tools.checkstyle.checks.naming.LambdaParameterNameCheck"/>
</file>
<file name="/home/bluefox/Tejas-Backups/rm_ems_1_1_m/rn-ems/src/vesCollector/src/main/java/org/onap/dcae/configuration/ConfigurationHandler.java">
<error line="20" column="1" severity="warning" message="&apos;package&apos; should be separated from previous statement." source="com.puppycrawl.tools.checkstyle.checks.whitespace.EmptyLineSeparatorCheck"/>
<error line="37" column="1" severity="warning" message="Extra separation in import group before &apos;java.time.Duration&apos;" source="com.puppycrawl.tools.checkstyle.checks.imports.CustomImportOrderCheck"/>
<error line="37" column="1" severity="warning" message="Wrong lexicographical order for &apos;java.time.Duration&apos; import. Should be before &apos;reactor.core.publisher.Mono&apos;." source="com.puppycrawl.tools.checkstyle.checks.imports.CustomImportOrderCheck"/>
<error line="40" severity="warning" message="Line is longer than 120 characters (found 133)." source="com.puppycrawl.tools.checkstyle.checks.sizes.LineLengthCheck"/>
<error line="51" severity="warning" message="First sentence of Javadoc is missing an ending period." source="com.puppycrawl.tools.checkstyle.checks.javadoc.SummaryJavadocCheck"/>
<error line="56" severity="warning" message="Line is longer than 120 characters (found 125)." source="com.puppycrawl.tools.checkstyle.checks.sizes.LineLengthCheck"/>
<error line="61" severity="warning" message="First sentence of Javadoc is missing an ending period." source="com.puppycrawl.tools.checkstyle.checks.javadoc.SummaryJavadocCheck"/>
<error line="92" column="9" severity="warning" message="&apos;if&apos; is not followed by whitespace." source="com.puppycrawl.tools.checkstyle.checks.whitespace.WhitespaceAfterCheck"/>
<error line="92" column="9" severity="warning" message="WhitespaceAround: &apos;if&apos; is not followed by whitespace. Empty blocks may only be represented as {} when not part of a multi-block statement (4.1.3)" source="com.puppycrawl.tools.checkstyle.checks.whitespace.WhitespaceAroundCheck"/>
<error line="94" column="24" severity="warning" message="Local variable name &apos;jObject&apos; must match pattern &apos;^[a-z]([a-z0-9][a-zA-Z0-9]*)?$&apos;." source="com.puppycrawl.tools.checkstyle.checks.naming.LocalVariableNameCheck"/>
</file>
<file name="/home/bluefox/Tejas-Backups/rm_ems_1_1_m/rn-ems/src/vesCollector/src/main/java/org/onap/dcae/configuration/cbs/CbsClientConfigurationProvider.java">
<error line="20" column="1" severity="warning" message="&apos;package&apos; should be separated from previous statement." source="com.puppycrawl.tools.checkstyle.checks.whitespace.EmptyLineSeparatorCheck"/>
</file>
<file name="/home/bluefox/Tejas-Backups/rm_ems_1_1_m/rn-ems/src/vesCollector/src/main/java/org/onap/dcae/configuration/ConfigParsing.java">
<error line="21" column="1" severity="warning" message="&apos;package&apos; should be separated from previous statement." source="com.puppycrawl.tools.checkstyle.checks.whitespace.EmptyLineSeparatorCheck"/>
<error line="46" column="19" severity="warning" message="Lambda parameter name &apos;dMaaPConf&apos; must match pattern &apos;^[a-z]([a-z0-9][a-zA-Z0-9]*)?$&apos;." source="com.puppycrawl.tools.checkstyle.checks.naming.LambdaParameterNameCheck"/>
</file>
<file name="/home/bluefox/Tejas-Backups/rm_ems_1_1_m/rn-ems/src/vesCollector/src/main/java/org/onap/dcae/configuration/ConfigUpdaterFactory.java">
<error line="20" column="1" severity="warning" message="&apos;package&apos; should be separated from previous statement." source="com.puppycrawl.tools.checkstyle.checks.whitespace.EmptyLineSeparatorCheck"/>
<error line="30" column="5" severity="warning" message="Missing a Javadoc comment." source="com.puppycrawl.tools.checkstyle.checks.javadoc.MissingJavadocMethodCheck"/>
</file>
<file name="/home/bluefox/Tejas-Backups/rm_ems_1_1_m/rn-ems/src/vesCollector/src/main/java/org/onap/dcae/configuration/ConfigUpdater.java">
<error line="20" column="1" severity="warning" message="&apos;package&apos; should be separated from previous statement." source="com.puppycrawl.tools.checkstyle.checks.whitespace.EmptyLineSeparatorCheck"/>
<error line="28" column="1" severity="warning" message="Extra separation in import group before &apos;java.nio.file.Path&apos;" source="com.puppycrawl.tools.checkstyle.checks.imports.CustomImportOrderCheck"/>
<error line="28" column="1" severity="warning" message="Wrong lexicographical order for &apos;java.nio.file.Path&apos; import. Should be before &apos;org.slf4j.LoggerFactory&apos;." source="com.puppycrawl.tools.checkstyle.checks.imports.CustomImportOrderCheck"/>
<error line="37" column="5" severity="warning" message="Missing a Javadoc comment." source="com.puppycrawl.tools.checkstyle.checks.javadoc.MissingJavadocMethodCheck"/>
<error line="43" severity="warning" message="First sentence of Javadoc is missing an ending period." source="com.puppycrawl.tools.checkstyle.checks.javadoc.SummaryJavadocCheck"/>
<error line="48" column="68" severity="warning" message="WhitespaceAround: &apos;{&apos; is not preceded with whitespace." source="com.puppycrawl.tools.checkstyle.checks.whitespace.WhitespaceAroundCheck"/>
<error line="52" column="5" severity="warning" message="&apos;METHOD_DEF&apos; should be separated from previous statement." source="com.puppycrawl.tools.checkstyle.checks.whitespace.EmptyLineSeparatorCheck"/>
</file>
<file name="/home/bluefox/Tejas-Backups/rm_ems_1_1_m/rn-ems/src/vesCollector/src/main/java/org/onap/dcae/common/ConfigProcessors.java">
<error line="6" column="4" severity="warning" message="Line contains a tab character." source="com.puppycrawl.tools.checkstyle.checks.whitespace.FileTabCharacterCheck"/>
<error line="29" column="1" severity="warning" message="Extra separation in import group before &apos;java.text.DecimalFormat&apos;" source="com.puppycrawl.tools.checkstyle.checks.imports.CustomImportOrderCheck"/>
<error line="29" column="1" severity="warning" message="Wrong lexicographical order for &apos;java.text.DecimalFormat&apos; import. Should be before &apos;org.slf4j.LoggerFactory&apos;." source="com.puppycrawl.tools.checkstyle.checks.imports.CustomImportOrderCheck"/>
<error line="50" column="5" severity="warning" message="Missing a Javadoc comment." source="com.puppycrawl.tools.checkstyle.checks.javadoc.MissingJavadocMethodCheck"/>
<error line="63" column="5" severity="warning" message="Missing a Javadoc comment." source="com.puppycrawl.tools.checkstyle.checks.javadoc.MissingJavadocMethodCheck"/>
<error line="85" column="5" severity="warning" message="Missing a Javadoc comment." source="com.puppycrawl.tools.checkstyle.checks.javadoc.MissingJavadocMethodCheck"/>
<error line="96" column="5" severity="warning" message="Missing a Javadoc comment." source="com.puppycrawl.tools.checkstyle.checks.javadoc.MissingJavadocMethodCheck"/>
<error line="111" column="5" severity="warning" message="Missing a Javadoc comment." source="com.puppycrawl.tools.checkstyle.checks.javadoc.MissingJavadocMethodCheck"/>
<error line="124" column="5" severity="warning" message="Missing a Javadoc comment." source="com.puppycrawl.tools.checkstyle.checks.javadoc.MissingJavadocMethodCheck"/>
<error line="138" column="5" severity="warning" message="&apos;{&apos; at column 5 should be on the previous line." source="com.puppycrawl.tools.checkstyle.checks.blocks.LeftCurlyCheck"/>
<error line="167" column="5" severity="warning" message="&apos;{&apos; at column 5 should be on the previous line." source="com.puppycrawl.tools.checkstyle.checks.blocks.LeftCurlyCheck"/>
<error line="185" column="5" severity="warning" message="Missing a Javadoc comment." source="com.puppycrawl.tools.checkstyle.checks.javadoc.MissingJavadocMethodCheck"/>
<error line="216" column="5" severity="warning" message="Missing a Javadoc comment." source="com.puppycrawl.tools.checkstyle.checks.javadoc.MissingJavadocMethodCheck"/>
<error line="283" column="21" severity="warning" message="&apos;{&apos; at column 21 should be on the previous line." source="com.puppycrawl.tools.checkstyle.checks.blocks.LeftCurlyCheck"/>
<error line="287" column="17" severity="warning" message="&apos;{&apos; at column 17 should be on the previous line." source="com.puppycrawl.tools.checkstyle.checks.blocks.LeftCurlyCheck"/>
<error line="350" severity="warning" message="Line is longer than 120 characters (found 133)." source="com.puppycrawl.tools.checkstyle.checks.sizes.LineLengthCheck"/>
<error line="352" severity="warning" message="Line is longer than 120 characters (found 125)." source="com.puppycrawl.tools.checkstyle.checks.sizes.LineLengthCheck"/>
<error line="401" column="5" severity="warning" message="Missing a Javadoc comment." source="com.puppycrawl.tools.checkstyle.checks.javadoc.MissingJavadocMethodCheck"/>
<error line="489" column="5" severity="warning" message="Missing a Javadoc comment." source="com.puppycrawl.tools.checkstyle.checks.javadoc.MissingJavadocMethodCheck"/>
<error line="507" severity="warning" message="First sentence of Javadoc is missing an ending period." source="com.puppycrawl.tools.checkstyle.checks.javadoc.SummaryJavadocCheck"/>
<error line="522" column="21" severity="warning" message="Local variable name &apos;aKeySet&apos; must match pattern &apos;^[a-z]([a-z0-9][a-zA-Z0-9]*)?$&apos;." source="com.puppycrawl.tools.checkstyle.checks.naming.LocalVariableNameCheck"/>
<error line="549" severity="warning" message="First sentence of Javadoc is missing an ending period." source="com.puppycrawl.tools.checkstyle.checks.javadoc.SummaryJavadocCheck"/>
<error line="578" column="17" severity="warning" message="&apos;{&apos; at column 17 should be on the previous line." source="com.puppycrawl.tools.checkstyle.checks.blocks.LeftCurlyCheck"/>
<error line="581" column="21" severity="warning" message="&apos;{&apos; at column 21 should be on the previous line." source="com.puppycrawl.tools.checkstyle.checks.blocks.LeftCurlyCheck"/>
<error line="599" column="17" severity="warning" message="&apos;{&apos; at column 17 should be on the previous line." source="com.puppycrawl.tools.checkstyle.checks.blocks.LeftCurlyCheck"/>
<error line="601" column="21" severity="warning" message="&apos;{&apos; at column 21 should be on the previous line." source="com.puppycrawl.tools.checkstyle.checks.blocks.LeftCurlyCheck"/>
</file>
<file name="/home/bluefox/Tejas-Backups/rm_ems_1_1_m/rn-ems/src/vesCollector/src/main/java/org/onap/dcae/common/model/PayloadToLargeException.java">
<error line="20" column="1" severity="warning" message="&apos;package&apos; should be separated from previous statement." source="com.puppycrawl.tools.checkstyle.checks.whitespace.EmptyLineSeparatorCheck"/>
</file>
<file name="/home/bluefox/Tejas-Backups/rm_ems_1_1_m/rn-ems/src/vesCollector/src/main/java/org/onap/dcae/common/model/StndDefinedNamespaceParameterHasEmptyValueException.java">
<error line="20" column="1" severity="warning" message="&apos;package&apos; should be separated from previous statement." source="com.puppycrawl.tools.checkstyle.checks.whitespace.EmptyLineSeparatorCheck"/>
</file>
<file name="/home/bluefox/Tejas-Backups/rm_ems_1_1_m/rn-ems/src/vesCollector/src/main/java/org/onap/dcae/common/model/VesEvent.java">
<error line="20" column="1" severity="warning" message="&apos;package&apos; should be separated from previous statement." source="com.puppycrawl.tools.checkstyle.checks.whitespace.EmptyLineSeparatorCheck"/>
<error line="27" column="1" severity="warning" message="Wrong lexicographical order for &apos;java.util.Optional&apos; import. Should be before &apos;org.json.JSONObject&apos;." source="com.puppycrawl.tools.checkstyle.checks.imports.CustomImportOrderCheck"/>
<error line="138" severity="warning" message="At-clause should have a non-empty description." source="com.puppycrawl.tools.checkstyle.checks.javadoc.NonEmptyAtclauseDescriptionCheck"/>
<error line="157" column="9" severity="warning" message="&apos;if&apos; is not followed by whitespace." source="com.puppycrawl.tools.checkstyle.checks.whitespace.WhitespaceAfterCheck"/>
<error line="157" column="9" severity="warning" message="WhitespaceAround: &apos;if&apos; is not followed by whitespace. Empty blocks may only be represented as {} when not part of a multi-block statement (4.1.3)" source="com.puppycrawl.tools.checkstyle.checks.whitespace.WhitespaceAroundCheck"/>
<error line="160" column="13" severity="warning" message="&apos;if&apos; is not followed by whitespace." source="com.puppycrawl.tools.checkstyle.checks.whitespace.WhitespaceAfterCheck"/>
<error line="160" column="13" severity="warning" message="WhitespaceAround: &apos;if&apos; is not followed by whitespace. Empty blocks may only be represented as {} when not part of a multi-block statement (4.1.3)" source="com.puppycrawl.tools.checkstyle.checks.whitespace.WhitespaceAroundCheck"/>
</file>
<file name="/home/bluefox/Tejas-Backups/rm_ems_1_1_m/rn-ems/src/vesCollector/src/main/java/org/onap/dcae/common/model/InternalException.java">
<error line="20" column="1" severity="warning" message="&apos;package&apos; should be separated from previous statement." source="com.puppycrawl.tools.checkstyle.checks.whitespace.EmptyLineSeparatorCheck"/>
</file>
<file name="/home/bluefox/Tejas-Backups/rm_ems_1_1_m/rn-ems/src/vesCollector/src/main/java/org/onap/dcae/common/model/BackwardsCompatibilityException.java">
<error line="20" column="1" severity="warning" message="&apos;package&apos; should be separated from previous statement." source="com.puppycrawl.tools.checkstyle.checks.whitespace.EmptyLineSeparatorCheck"/>
</file>
<file name="/home/bluefox/Tejas-Backups/rm_ems_1_1_m/rn-ems/src/vesCollector/src/main/java/org/onap/dcae/common/model/StndDefinedNamespaceParameterNotDefinedException.java">
<error line="20" column="1" severity="warning" message="&apos;package&apos; should be separated from previous statement." source="com.puppycrawl.tools.checkstyle.checks.whitespace.EmptyLineSeparatorCheck"/>
</file>
<file name="/home/bluefox/Tejas-Backups/rm_ems_1_1_m/rn-ems/src/vesCollector/src/main/java/org/onap/dcae/common/SSLContextCreator.java">
<error line="28" column="14" severity="warning" message="Abbreviation in name &apos;SSLContextCreator&apos; must contain no more than &apos;2&apos; consecutive capital letters." source="com.puppycrawl.tools.checkstyle.checks.naming.AbbreviationAsWordInNameCheck"/>
<error line="48" severity="warning" message="Line is longer than 120 characters (found 137)." source="com.puppycrawl.tools.checkstyle.checks.sizes.LineLengthCheck"/>
<error line="48" column="5" severity="warning" message="Missing a Javadoc comment." source="com.puppycrawl.tools.checkstyle.checks.javadoc.MissingJavadocMethodCheck"/>
<error line="72" column="5" severity="warning" message="Missing a Javadoc comment." source="com.puppycrawl.tools.checkstyle.checks.javadoc.MissingJavadocMethodCheck"/>
</file>
<file name="/home/bluefox/Tejas-Backups/rm_ems_1_1_m/rn-ems/src/vesCollector/src/main/java/org/onap/dcae/common/EventUpdater.java">
<error line="38" column="3" severity="warning" message="&apos;member def modifier&apos; has incorrect indentation level 2, expected level should be 4." source="com.puppycrawl.tools.checkstyle.checks.indentation.IndentationCheck"/>
<error line="39" column="3" severity="warning" message="&apos;member def modifier&apos; has incorrect indentation level 2, expected level should be 4." source="com.puppycrawl.tools.checkstyle.checks.indentation.IndentationCheck"/>
<error line="40" column="3" severity="warning" message="&apos;member def modifier&apos; has incorrect indentation level 2, expected level should be 4." source="com.puppycrawl.tools.checkstyle.checks.indentation.IndentationCheck"/>
<error line="41" column="3" severity="warning" message="&apos;member def modifier&apos; has incorrect indentation level 2, expected level should be 4." source="com.puppycrawl.tools.checkstyle.checks.indentation.IndentationCheck"/>
<error line="42" column="3" severity="warning" message="&apos;member def modifier&apos; has incorrect indentation level 2, expected level should be 4." source="com.puppycrawl.tools.checkstyle.checks.indentation.IndentationCheck"/>
<error line="43" column="3" severity="warning" message="&apos;member def modifier&apos; has incorrect indentation level 2, expected level should be 4." source="com.puppycrawl.tools.checkstyle.checks.indentation.IndentationCheck"/>
<error line="44" column="3" severity="warning" message="&apos;member def modifier&apos; has incorrect indentation level 2, expected level should be 4." source="com.puppycrawl.tools.checkstyle.checks.indentation.IndentationCheck"/>
<error line="45" column="3" severity="warning" message="&apos;member def modifier&apos; has incorrect indentation level 2, expected level should be 4." source="com.puppycrawl.tools.checkstyle.checks.indentation.IndentationCheck"/>
<error line="46" column="3" severity="warning" message="&apos;member def modifier&apos; has incorrect indentation level 2, expected level should be 4." source="com.puppycrawl.tools.checkstyle.checks.indentation.IndentationCheck"/>
<error line="48" column="3" severity="warning" message="&apos;ctor def modifier&apos; has incorrect indentation level 2, expected level should be 4." source="com.puppycrawl.tools.checkstyle.checks.indentation.IndentationCheck"/>
<error line="49" column="5" severity="warning" message="&apos;ctor def&apos; child has incorrect indentation level 4, expected level should be 8." source="com.puppycrawl.tools.checkstyle.checks.indentation.IndentationCheck"/>
<error line="50" column="3" severity="warning" message="&apos;ctor def rcurly&apos; has incorrect indentation level 2, expected level should be 4." source="com.puppycrawl.tools.checkstyle.checks.indentation.IndentationCheck"/>
<error line="52" column="3" severity="warning" message="&apos;method def modifier&apos; has incorrect indentation level 2, expected level should be 4." source="com.puppycrawl.tools.checkstyle.checks.indentation.IndentationCheck"/>
<error line="52" column="3" severity="warning" message="Missing a Javadoc comment." source="com.puppycrawl.tools.checkstyle.checks.javadoc.MissingJavadocMethodCheck"/>
<error line="52" column="91" severity="warning" message="WhitespaceAround: &apos;{&apos; is not preceded with whitespace." source="com.puppycrawl.tools.checkstyle.checks.whitespace.WhitespaceAroundCheck"/>
<error line="53" column="5" severity="warning" message="&apos;if&apos; has incorrect indentation level 4, expected level should be 8." source="com.puppycrawl.tools.checkstyle.checks.indentation.IndentationCheck"/>
<error line="53" column="5" severity="warning" message="&apos;if&apos; is not followed by whitespace." source="com.puppycrawl.tools.checkstyle.checks.whitespace.WhitespaceAfterCheck"/>
<error line="53" column="5" severity="warning" message="WhitespaceAround: &apos;if&apos; is not followed by whitespace. Empty blocks may only be represented as {} when not part of a multi-block statement (4.1.3)" source="com.puppycrawl.tools.checkstyle.checks.whitespace.WhitespaceAroundCheck"/>
<error line="53" column="42" severity="warning" message="WhitespaceAround: &apos;{&apos; is not preceded with whitespace." source="com.puppycrawl.tools.checkstyle.checks.whitespace.WhitespaceAroundCheck"/>
<error line="54" column="7" severity="warning" message="&apos;if&apos; child has incorrect indentation level 6, expected level should be 12." source="com.puppycrawl.tools.checkstyle.checks.indentation.IndentationCheck"/>
<error line="55" column="5" severity="warning" message="&apos;if rcurly&apos; has incorrect indentation level 4, expected level should be 8." source="com.puppycrawl.tools.checkstyle.checks.indentation.IndentationCheck"/>
<error line="55" column="5" severity="warning" message="&apos;}&apos; at column 5 should be on the same line as the next part of a multi-block statement (one that directly contains multiple blocks: if/else-if/else, do/while or try/catch/finally)." source="RightCurlySame"/>
<error line="56" column="5" severity="warning" message="&apos;else&apos; has incorrect indentation level 4, expected level should be 8." source="com.puppycrawl.tools.checkstyle.checks.indentation.IndentationCheck"/>
<error line="57" column="7" severity="warning" message="&apos;else&apos; child has incorrect indentation level 6, expected level should be 12." source="com.puppycrawl.tools.checkstyle.checks.indentation.IndentationCheck"/>
<error line="58" column="5" severity="warning" message="&apos;else rcurly&apos; has incorrect indentation level 4, expected level should be 8." source="com.puppycrawl.tools.checkstyle.checks.indentation.IndentationCheck"/>
<error line="59" column="3" severity="warning" message="&apos;method def rcurly&apos; has incorrect indentation level 2, expected level should be 4." source="com.puppycrawl.tools.checkstyle.checks.indentation.IndentationCheck"/>
<error line="61" column="3" severity="warning" message="&apos;method def modifier&apos; has incorrect indentation level 2, expected level should be 4." source="com.puppycrawl.tools.checkstyle.checks.indentation.IndentationCheck"/>
<error line="62" column="5" severity="warning" message="&apos;method def&apos; child has incorrect indentation level 4, expected level should be 8." source="com.puppycrawl.tools.checkstyle.checks.indentation.IndentationCheck"/>
<error line="64" column="5" severity="warning" message="&apos;method def&apos; child has incorrect indentation level 4, expected level should be 8." source="com.puppycrawl.tools.checkstyle.checks.indentation.IndentationCheck"/>
<error line="65" column="5" severity="warning" message="&apos;for&apos; has incorrect indentation level 4, expected level should be 8." source="com.puppycrawl.tools.checkstyle.checks.indentation.IndentationCheck"/>
<error line="66" column="7" severity="warning" message="&apos;for&apos; child has incorrect indentation level 6, expected level should be 12." source="com.puppycrawl.tools.checkstyle.checks.indentation.IndentationCheck"/>
<error line="67" column="7" severity="warning" message="&apos;for&apos; child has incorrect indentation level 6, expected level should be 12." source="com.puppycrawl.tools.checkstyle.checks.indentation.IndentationCheck"/>
<error line="68" column="7" severity="warning" message="&apos;for&apos; child has incorrect indentation level 6, expected level should be 12." source="com.puppycrawl.tools.checkstyle.checks.indentation.IndentationCheck"/>
<error line="69" column="7" severity="warning" message="&apos;for&apos; child has incorrect indentation level 6, expected level should be 12." source="com.puppycrawl.tools.checkstyle.checks.indentation.IndentationCheck"/>
<error line="70" column="5" severity="warning" message="&apos;for rcurly&apos; has incorrect indentation level 4, expected level should be 8." source="com.puppycrawl.tools.checkstyle.checks.indentation.IndentationCheck"/>
<error line="71" column="5" severity="warning" message="&apos;method def&apos; child has incorrect indentation level 4, expected level should be 8." source="com.puppycrawl.tools.checkstyle.checks.indentation.IndentationCheck"/>
<error line="72" column="3" severity="warning" message="&apos;method def rcurly&apos; has incorrect indentation level 2, expected level should be 4." source="com.puppycrawl.tools.checkstyle.checks.indentation.IndentationCheck"/>
<error line="74" column="3" severity="warning" message="&apos;method def modifier&apos; has incorrect indentation level 2, expected level should be 4." source="com.puppycrawl.tools.checkstyle.checks.indentation.IndentationCheck"/>
<error line="75" column="5" severity="warning" message="&apos;method def&apos; child has incorrect indentation level 4, expected level should be 8." source="com.puppycrawl.tools.checkstyle.checks.indentation.IndentationCheck"/>
<error line="76" column="5" severity="warning" message="&apos;method def&apos; child has incorrect indentation level 4, expected level should be 8." source="com.puppycrawl.tools.checkstyle.checks.indentation.IndentationCheck"/>
<error line="77" column="5" severity="warning" message="&apos;method def&apos; child has incorrect indentation level 4, expected level should be 8." source="com.puppycrawl.tools.checkstyle.checks.indentation.IndentationCheck"/>
<error line="78" column="5" severity="warning" message="&apos;method def&apos; child has incorrect indentation level 4, expected level should be 8." source="com.puppycrawl.tools.checkstyle.checks.indentation.IndentationCheck"/>
<error line="79" column="3" severity="warning" message="&apos;method def rcurly&apos; has incorrect indentation level 2, expected level should be 4." source="com.puppycrawl.tools.checkstyle.checks.indentation.IndentationCheck"/>
<error line="81" column="3" severity="warning" message="&apos;method def modifier&apos; has incorrect indentation level 2, expected level should be 4." source="com.puppycrawl.tools.checkstyle.checks.indentation.IndentationCheck"/>
<error line="82" column="5" severity="warning" message="&apos;method def&apos; child has incorrect indentation level 4, expected level should be 8." source="com.puppycrawl.tools.checkstyle.checks.indentation.IndentationCheck"/>
<error line="84" column="5" severity="warning" message="&apos;if&apos; has incorrect indentation level 4, expected level should be 8." source="com.puppycrawl.tools.checkstyle.checks.indentation.IndentationCheck"/>
<error line="85" column="7" severity="warning" message="&apos;if&apos; child has incorrect indentation level 6, expected level should be 12." source="com.puppycrawl.tools.checkstyle.checks.indentation.IndentationCheck"/>
<error line="86" column="7" severity="warning" message="&apos;if&apos; child has incorrect indentation level 6, expected level should be 12." source="com.puppycrawl.tools.checkstyle.checks.indentation.IndentationCheck"/>
<error line="87" column="5" severity="warning" message="&apos;if rcurly&apos; has incorrect indentation level 4, expected level should be 8." source="com.puppycrawl.tools.checkstyle.checks.indentation.IndentationCheck"/>
<error line="89" column="5" severity="warning" message="&apos;if&apos; construct must use &apos;{}&apos;s." source="com.puppycrawl.tools.checkstyle.checks.blocks.NeedBracesCheck"/>
<error line="89" column="5" severity="warning" message="&apos;if&apos; has incorrect indentation level 4, expected level should be 8." source="com.puppycrawl.tools.checkstyle.checks.indentation.IndentationCheck"/>
<error line="90" column="8" severity="warning" message="&apos;if&apos; child has incorrect indentation level 7, expected level should be 12." source="com.puppycrawl.tools.checkstyle.checks.indentation.IndentationCheck"/>
<error line="92" column="5" severity="warning" message="&apos;method def&apos; child has incorrect indentation level 4, expected level should be 8." source="com.puppycrawl.tools.checkstyle.checks.indentation.IndentationCheck"/>
<error line="93" column="5" severity="warning" message="&apos;method def&apos; child has incorrect indentation level 4, expected level should be 8." source="com.puppycrawl.tools.checkstyle.checks.indentation.IndentationCheck"/>
<error line="94" column="3" severity="warning" message="&apos;method def rcurly&apos; has incorrect indentation level 2, expected level should be 4." source="com.puppycrawl.tools.checkstyle.checks.indentation.IndentationCheck"/>
<error line="96" column="3" severity="warning" message="&apos;method def modifier&apos; has incorrect indentation level 2, expected level should be 4." source="com.puppycrawl.tools.checkstyle.checks.indentation.IndentationCheck"/>
<error line="97" column="5" severity="warning" message="&apos;method def&apos; child has incorrect indentation level 4, expected level should be 8." source="com.puppycrawl.tools.checkstyle.checks.indentation.IndentationCheck"/>
<error line="98" column="5" severity="warning" message="&apos;method def&apos; child has incorrect indentation level 4, expected level should be 8." source="com.puppycrawl.tools.checkstyle.checks.indentation.IndentationCheck"/>
<error line="99" column="5" severity="warning" message="&apos;method def&apos; child has incorrect indentation level 4, expected level should be 8." source="com.puppycrawl.tools.checkstyle.checks.indentation.IndentationCheck"/>
<error line="100" column="5" severity="warning" message="&apos;method def&apos; child has incorrect indentation level 4, expected level should be 8." source="com.puppycrawl.tools.checkstyle.checks.indentation.IndentationCheck"/>
<error line="101" column="5" severity="warning" message="&apos;method def&apos; child has incorrect indentation level 4, expected level should be 8." source="com.puppycrawl.tools.checkstyle.checks.indentation.IndentationCheck"/>
<error line="102" column="5" severity="warning" message="&apos;method def&apos; child has incorrect indentation level 4, expected level should be 8." source="com.puppycrawl.tools.checkstyle.checks.indentation.IndentationCheck"/>
<error line="103" column="3" severity="warning" message="&apos;method def rcurly&apos; has incorrect indentation level 2, expected level should be 4." source="com.puppycrawl.tools.checkstyle.checks.indentation.IndentationCheck"/>
<error line="105" severity="warning" message="Line is longer than 120 characters (found 136)." source="com.puppycrawl.tools.checkstyle.checks.sizes.LineLengthCheck"/>
<error line="105" column="3" severity="warning" message="&apos;method def modifier&apos; has incorrect indentation level 2, expected level should be 4." source="com.puppycrawl.tools.checkstyle.checks.indentation.IndentationCheck"/>
<error line="106" column="5" severity="warning" message="&apos;for&apos; has incorrect indentation level 4, expected level should be 8." source="com.puppycrawl.tools.checkstyle.checks.indentation.IndentationCheck"/>
<error line="107" column="7" severity="warning" message="&apos;for&apos; child has incorrect indentation level 6, expected level should be 12." source="com.puppycrawl.tools.checkstyle.checks.indentation.IndentationCheck"/>
<error line="108" column="7" severity="warning" message="&apos;if&apos; has incorrect indentation level 6, expected level should be 12." source="com.puppycrawl.tools.checkstyle.checks.indentation.IndentationCheck"/>
<error line="109" column="9" severity="warning" message="&apos;if&apos; child has incorrect indentation level 8, expected level should be 16." source="com.puppycrawl.tools.checkstyle.checks.indentation.IndentationCheck"/>
<error line="110" column="7" severity="warning" message="&apos;if rcurly&apos; has incorrect indentation level 6, expected level should be 12." source="com.puppycrawl.tools.checkstyle.checks.indentation.IndentationCheck"/>
<error line="111" column="5" severity="warning" message="&apos;for rcurly&apos; has incorrect indentation level 4, expected level should be 8." source="com.puppycrawl.tools.checkstyle.checks.indentation.IndentationCheck"/>
<error line="112" column="3" severity="warning" message="&apos;method def rcurly&apos; has incorrect indentation level 2, expected level should be 4." source="com.puppycrawl.tools.checkstyle.checks.indentation.IndentationCheck"/>
<error line="114" column="3" severity="warning" message="&apos;method def modifier&apos; has incorrect indentation level 2, expected level should be 4." source="com.puppycrawl.tools.checkstyle.checks.indentation.IndentationCheck"/>
<error line="115" column="5" severity="warning" message="&apos;for&apos; has incorrect indentation level 4, expected level should be 8." source="com.puppycrawl.tools.checkstyle.checks.indentation.IndentationCheck"/>
<error line="117" column="7" severity="warning" message="&apos;for&apos; child has incorrect indentation level 6, expected level should be 12." source="com.puppycrawl.tools.checkstyle.checks.indentation.IndentationCheck"/>
<error line="118" column="7" severity="warning" message="&apos;for&apos; child has incorrect indentation level 6, expected level should be 12." source="com.puppycrawl.tools.checkstyle.checks.indentation.IndentationCheck"/>
<error line="119" column="7" severity="warning" message="&apos;for&apos; child has incorrect indentation level 6, expected level should be 12." source="com.puppycrawl.tools.checkstyle.checks.indentation.IndentationCheck"/>
<error line="120" column="7" severity="warning" message="&apos;try&apos; has incorrect indentation level 6, expected level should be 12." source="com.puppycrawl.tools.checkstyle.checks.indentation.IndentationCheck"/>
<error line="121" column="9" severity="warning" message="&apos;try&apos; child has incorrect indentation level 8, expected level should be 16." source="com.puppycrawl.tools.checkstyle.checks.indentation.IndentationCheck"/>
<error line="122" column="7" severity="warning" message="&apos;try rcurly&apos; has incorrect indentation level 6, expected level should be 12." source="com.puppycrawl.tools.checkstyle.checks.indentation.IndentationCheck"/>
<error line="123" column="9" severity="warning" message="&apos;catch&apos; child has incorrect indentation level 8, expected level should be 16." source="com.puppycrawl.tools.checkstyle.checks.indentation.IndentationCheck"/>
<error line="124" column="7" severity="warning" message="&apos;catch rcurly&apos; has incorrect indentation level 6, expected level should be 12." source="com.puppycrawl.tools.checkstyle.checks.indentation.IndentationCheck"/>
<error line="125" column="5" severity="warning" message="&apos;for rcurly&apos; has incorrect indentation level 4, expected level should be 8." source="com.puppycrawl.tools.checkstyle.checks.indentation.IndentationCheck"/>
<error line="126" column="3" severity="warning" message="&apos;method def rcurly&apos; has incorrect indentation level 2, expected level should be 4." source="com.puppycrawl.tools.checkstyle.checks.indentation.IndentationCheck"/>
</file>
<file name="/home/bluefox/Tejas-Backups/rm_ems_1_1_m/rn-ems/src/vesCollector/src/main/java/org/onap/dcae/common/EventSender.java">
<error line="21" column="1" severity="warning" message="&apos;package&apos; should be separated from previous statement." source="com.puppycrawl.tools.checkstyle.checks.whitespace.EmptyLineSeparatorCheck"/>
<error line="32" column="1" severity="warning" message="Extra separation in import group before &apos;java.util.List&apos;" source="com.puppycrawl.tools.checkstyle.checks.imports.CustomImportOrderCheck"/>
<error line="32" column="1" severity="warning" message="Wrong lexicographical order for &apos;java.util.List&apos; import. Should be before &apos;org.springframework.http.HttpStatus&apos;." source="com.puppycrawl.tools.checkstyle.checks.imports.CustomImportOrderCheck"/>
<error line="34" column="1" severity="warning" message="Import statement for &apos;org.onap.dcae.restapi.ApiException.DOMAIN_NOT_DEFINED_FOR_STREAM_ID&apos; is in the wrong order. Should be in the &apos;STATIC&apos; group, expecting not assigned imports on this line." source="com.puppycrawl.tools.checkstyle.checks.imports.CustomImportOrderCheck"/>
<error line="48" column="5" severity="warning" message="Missing a Javadoc comment." source="com.puppycrawl.tools.checkstyle.checks.javadoc.MissingJavadocMethodCheck"/>
</file>
<file name="/home/bluefox/Tejas-Backups/rm_ems_1_1_m/rn-ems/src/vesCollector/src/main/java/org/onap/dcae/common/validator/GeneralEventValidator.java">
<error line="21" column="1" severity="warning" message="&apos;package&apos; should be separated from previous statement." source="com.puppycrawl.tools.checkstyle.checks.whitespace.EmptyLineSeparatorCheck"/>
<error line="33" column="1" severity="warning" message="&apos;CLASS_DEF&apos; should be separated from previous statement." source="com.puppycrawl.tools.checkstyle.checks.whitespace.EmptyLineSeparatorCheck"/>
<error line="47" severity="warning" message="First sentence of Javadoc is missing an ending period." source="com.puppycrawl.tools.checkstyle.checks.javadoc.SummaryJavadocCheck"/>
</file>
<file name="/home/bluefox/Tejas-Backups/rm_ems_1_1_m/rn-ems/src/vesCollector/src/main/java/org/onap/dcae/common/validator/StndDefinedValidatorResolver.java">
</file>
<file name="/home/bluefox/Tejas-Backups/rm_ems_1_1_m/rn-ems/src/vesCollector/src/main/java/org/onap/dcae/common/validator/StndDefinedDataValidator.java">
<error line="51" severity="warning" message="First sentence of Javadoc is missing an ending period." source="com.puppycrawl.tools.checkstyle.checks.javadoc.SummaryJavadocCheck"/>
</file>
<file name="/home/bluefox/Tejas-Backups/rm_ems_1_1_m/rn-ems/src/vesCollector/src/main/java/org/onap/dcae/common/validator/SchemaValidator.java">
<error line="21" column="1" severity="warning" message="&apos;package&apos; should be separated from previous statement." source="com.puppycrawl.tools.checkstyle.checks.whitespace.EmptyLineSeparatorCheck"/>
<error line="33" column="1" severity="warning" message="Extra separation in import group before &apos;java.util.Set&apos;" source="com.puppycrawl.tools.checkstyle.checks.imports.CustomImportOrderCheck"/>
<error line="33" column="1" severity="warning" message="Wrong lexicographical order for &apos;java.util.Set&apos; import. Should be before &apos;org.slf4j.LoggerFactory&apos;." source="com.puppycrawl.tools.checkstyle.checks.imports.CustomImportOrderCheck"/>
<error line="51" column="34" severity="warning" message="WhitespaceAround: &apos;-&gt;&apos; is not followed by whitespace. Empty blocks may only be represented as {} when not part of a multi-block statement (4.1.3)" source="com.puppycrawl.tools.checkstyle.checks.whitespace.WhitespaceAroundCheck"/>
<error line="51" column="34" severity="warning" message="WhitespaceAround: &apos;-&gt;&apos; is not preceded with whitespace." source="com.puppycrawl.tools.checkstyle.checks.whitespace.WhitespaceAroundCheck"/>
<error line="51" column="62" severity="warning" message="&apos;)&apos; is preceded with whitespace." source="com.puppycrawl.tools.checkstyle.checks.whitespace.ParenPadCheck"/>
</file>
<file name="/home/bluefox/Tejas-Backups/rm_ems_1_1_m/rn-ems/src/vesCollector/src/main/java/org/onap/dcae/common/validator/BatchEventValidator.java">
<error line="20" column="1" severity="warning" message="&apos;package&apos; should be separated from previous statement." source="com.puppycrawl.tools.checkstyle.checks.whitespace.EmptyLineSeparatorCheck"/>
<error line="28" column="1" severity="warning" message="Extra separation in import group before &apos;java.util.List&apos;" source="com.puppycrawl.tools.checkstyle.checks.imports.CustomImportOrderCheck"/>
<error line="28" column="1" severity="warning" message="Wrong lexicographical order for &apos;java.util.List&apos; import. Should be before &apos;org.onap.dcae.restapi.EventValidatorException&apos;." source="com.puppycrawl.tools.checkstyle.checks.imports.CustomImportOrderCheck"/>
<error line="30" column="1" severity="warning" message="Import statement for &apos;java.util.stream.Collectors.toSet&apos; is in the wrong order. Should be in the &apos;STATIC&apos; group, expecting not assigned imports on this line." source="com.puppycrawl.tools.checkstyle.checks.imports.CustomImportOrderCheck"/>
<error line="31" column="1" severity="warning" message="Import statement for &apos;org.onap.dcae.restapi.ApiException.DIFFERENT_DOMAIN_FIELDS_IN_BATCH_EVENT&apos; is in the wrong order. Should be in the &apos;STATIC&apos; group, expecting not assigned imports on this line." source="com.puppycrawl.tools.checkstyle.checks.imports.CustomImportOrderCheck"/>
<error line="32" column="1" severity="warning" message="Import statement for &apos;org.onap.dcae.restapi.ApiException.DIFFERENT_STND_DEFINED_NAMESPACE_WHEN_DOMAIN_STND_DEFINED&apos; is in the wrong order. Should be in the &apos;STATIC&apos; group, expecting not assigned imports on this line." source="com.puppycrawl.tools.checkstyle.checks.imports.CustomImportOrderCheck"/>
<error line="39" severity="warning" message="First sentence of Javadoc is missing an ending period." source="com.puppycrawl.tools.checkstyle.checks.javadoc.SummaryJavadocCheck"/>
<error line="74" column="91" severity="warning" message="WhitespaceAround: &apos;{&apos; is not preceded with whitespace." source="com.puppycrawl.tools.checkstyle.checks.whitespace.WhitespaceAroundCheck"/>
</file>
<file name="/home/bluefox/Tejas-Backups/rm_ems_1_1_m/rn-ems/src/vesCollector/src/main/java/org/onap/dcae/common/ConfigProcessorAdapter.java">
<error line="29" column="3" severity="warning" message="&apos;member def modifier&apos; has incorrect indentation level 2, expected level should be 4." source="com.puppycrawl.tools.checkstyle.checks.indentation.IndentationCheck"/>
</file>
<file name="/home/bluefox/Tejas-Backups/rm_ems_1_1_m/rn-ems/src/vesCollector/src/main/java/org/onap/dcae/common/configuration/TomcatHttpConfig.java">
<error line="34" column="3" severity="warning" message="&apos;member def modifier&apos; has incorrect indentation level 2, expected level should be 4." source="com.puppycrawl.tools.checkstyle.checks.indentation.IndentationCheck"/>
<error line="37" column="3" severity="warning" message="&apos;method def modifier&apos; has incorrect indentation level 2, expected level should be 4." source="com.puppycrawl.tools.checkstyle.checks.indentation.IndentationCheck"/>
<error line="40" column="5" severity="warning" message="&apos;method def&apos; child has incorrect indentation level 4, expected level should be 8." source="com.puppycrawl.tools.checkstyle.checks.indentation.IndentationCheck"/>
<error line="41" column="7" severity="warning" message="&apos;if&apos; has incorrect indentation level 6, expected level should be 8." source="com.puppycrawl.tools.checkstyle.checks.indentation.IndentationCheck"/>
<error line="41" column="7" severity="warning" message="&apos;if&apos; is not followed by whitespace." source="com.puppycrawl.tools.checkstyle.checks.whitespace.WhitespaceAfterCheck"/>
<error line="41" column="7" severity="warning" message="WhitespaceAround: &apos;if&apos; is not followed by whitespace. Empty blocks may only be represented as {} when not part of a multi-block statement (4.1.3)" source="com.puppycrawl.tools.checkstyle.checks.whitespace.WhitespaceAroundCheck"/>
<error line="41" column="111" severity="warning" message="WhitespaceAround: &apos;{&apos; is not preceded with whitespace." source="com.puppycrawl.tools.checkstyle.checks.whitespace.WhitespaceAroundCheck"/>
<error line="42" column="9" severity="warning" message="&apos;if&apos; child has incorrect indentation level 8, expected level should be 12." source="com.puppycrawl.tools.checkstyle.checks.indentation.IndentationCheck"/>
<error line="43" column="7" severity="warning" message="&apos;if rcurly&apos; has incorrect indentation level 6, expected level should be 8." source="com.puppycrawl.tools.checkstyle.checks.indentation.IndentationCheck"/>
<error line="44" column="5" severity="warning" message="&apos;method def&apos; child has incorrect indentation level 4, expected level should be 8." source="com.puppycrawl.tools.checkstyle.checks.indentation.IndentationCheck"/>
<error line="45" column="3" severity="warning" message="&apos;method def rcurly&apos; has incorrect indentation level 2, expected level should be 4." source="com.puppycrawl.tools.checkstyle.checks.indentation.IndentationCheck"/>
<error line="47" column="3" severity="warning" message="&apos;method def modifier&apos; has incorrect indentation level 2, expected level should be 4." source="com.puppycrawl.tools.checkstyle.checks.indentation.IndentationCheck"/>
<error line="48" column="5" severity="warning" message="&apos;method def&apos; child has incorrect indentation level 4, expected level should be 8." source="com.puppycrawl.tools.checkstyle.checks.indentation.IndentationCheck"/>
<error line="49" column="5" severity="warning" message="&apos;method def&apos; child has incorrect indentation level 4, expected level should be 8." source="com.puppycrawl.tools.checkstyle.checks.indentation.IndentationCheck"/>
<error line="50" column="5" severity="warning" message="&apos;method def&apos; child has incorrect indentation level 4, expected level should be 8." source="com.puppycrawl.tools.checkstyle.checks.indentation.IndentationCheck"/>
<error line="51" column="5" severity="warning" message="&apos;method def&apos; child has incorrect indentation level 4, expected level should be 8." source="com.puppycrawl.tools.checkstyle.checks.indentation.IndentationCheck"/>
<error line="52" column="5" severity="warning" message="&apos;method def&apos; child has incorrect indentation level 4, expected level should be 8." source="com.puppycrawl.tools.checkstyle.checks.indentation.IndentationCheck"/>
<error line="53" column="3" severity="warning" message="&apos;method def rcurly&apos; has incorrect indentation level 2, expected level should be 4." source="com.puppycrawl.tools.checkstyle.checks.indentation.IndentationCheck"/>
</file>
<file name="/home/bluefox/Tejas-Backups/rm_ems_1_1_m/rn-ems/src/vesCollector/src/main/java/org/onap/dcae/common/configuration/NoAuth.java">
<error line="31" column="3" severity="warning" message="&apos;member def modifier&apos; has incorrect indentation level 2, expected level should be 4." source="com.puppycrawl.tools.checkstyle.checks.indentation.IndentationCheck"/>
<error line="33" column="3" severity="warning" message="&apos;member def modifier&apos; has incorrect indentation level 2, expected level should be 4." source="com.puppycrawl.tools.checkstyle.checks.indentation.IndentationCheck"/>
<error line="34" column="3" severity="warning" message="&apos;member def modifier&apos; has incorrect indentation level 2, expected level should be 4." source="com.puppycrawl.tools.checkstyle.checks.indentation.IndentationCheck"/>
<error line="36" column="3" severity="warning" message="&apos;ctor def modifier&apos; has incorrect indentation level 2, expected level should be 4." source="com.puppycrawl.tools.checkstyle.checks.indentation.IndentationCheck"/>
<error line="37" column="5" severity="warning" message="&apos;ctor def&apos; child has incorrect indentation level 4, expected level should be 8." source="com.puppycrawl.tools.checkstyle.checks.indentation.IndentationCheck"/>
<error line="38" column="5" severity="warning" message="&apos;ctor def&apos; child has incorrect indentation level 4, expected level should be 8." source="com.puppycrawl.tools.checkstyle.checks.indentation.IndentationCheck"/>
<error line="39" column="3" severity="warning" message="&apos;ctor def rcurly&apos; has incorrect indentation level 2, expected level should be 4." source="com.puppycrawl.tools.checkstyle.checks.indentation.IndentationCheck"/>
<error line="41" column="3" severity="warning" message="&apos;method def modifier&apos; has incorrect indentation level 2, expected level should be 4." source="com.puppycrawl.tools.checkstyle.checks.indentation.IndentationCheck"/>
<error line="43" column="5" severity="warning" message="&apos;if&apos; has incorrect indentation level 4, expected level should be 8." source="com.puppycrawl.tools.checkstyle.checks.indentation.IndentationCheck"/>
<error line="43" column="30" severity="warning" message="WhitespaceAround: &apos;{&apos; is not preceded with whitespace." source="com.puppycrawl.tools.checkstyle.checks.whitespace.WhitespaceAroundCheck"/>
<error line="44" column="7" severity="warning" message="&apos;if&apos; child has incorrect indentation level 6, expected level should be 12." source="com.puppycrawl.tools.checkstyle.checks.indentation.IndentationCheck"/>
<error line="45" column="7" severity="warning" message="&apos;if&apos; child has incorrect indentation level 6, expected level should be 12." source="com.puppycrawl.tools.checkstyle.checks.indentation.IndentationCheck"/>
<error line="46" column="5" severity="warning" message="&apos;if rcurly&apos; has incorrect indentation level 4, expected level should be 8." source="com.puppycrawl.tools.checkstyle.checks.indentation.IndentationCheck"/>
<error line="46" column="5" severity="warning" message="&apos;}&apos; at column 5 should be on the same line as the next part of a multi-block statement (one that directly contains multiple blocks: if/else-if/else, do/while or try/catch/finally)." source="RightCurlySame"/>
<error line="47" column="5" severity="warning" message="&apos;else&apos; has incorrect indentation level 4, expected level should be 8." source="com.puppycrawl.tools.checkstyle.checks.indentation.IndentationCheck"/>
<error line="48" column="7" severity="warning" message="&apos;else&apos; child has incorrect indentation level 6, expected level should be 12." source="com.puppycrawl.tools.checkstyle.checks.indentation.IndentationCheck"/>
<error line="49" column="7" severity="warning" message="&apos;else&apos; child has incorrect indentation level 6, expected level should be 12." source="com.puppycrawl.tools.checkstyle.checks.indentation.IndentationCheck"/>
<error line="50" column="5" severity="warning" message="&apos;else rcurly&apos; has incorrect indentation level 4, expected level should be 8." source="com.puppycrawl.tools.checkstyle.checks.indentation.IndentationCheck"/>
<error line="51" column="3" severity="warning" message="&apos;method def rcurly&apos; has incorrect indentation level 2, expected level should be 4." source="com.puppycrawl.tools.checkstyle.checks.indentation.IndentationCheck"/>
<error line="53" column="3" severity="warning" message="&apos;method def modifier&apos; has incorrect indentation level 2, expected level should be 4." source="com.puppycrawl.tools.checkstyle.checks.indentation.IndentationCheck"/>
<error line="54" column="5" severity="warning" message="&apos;method def&apos; child has incorrect indentation level 4, expected level should be 8." source="com.puppycrawl.tools.checkstyle.checks.indentation.IndentationCheck"/>
<error line="55" column="3" severity="warning" message="&apos;method def rcurly&apos; has incorrect indentation level 2, expected level should be 4." source="com.puppycrawl.tools.checkstyle.checks.indentation.IndentationCheck"/>
<error line="57" column="3" severity="warning" message="&apos;method def modifier&apos; has incorrect indentation level 2, expected level should be 4." source="com.puppycrawl.tools.checkstyle.checks.indentation.IndentationCheck"/>
<error line="58" column="5" severity="warning" message="&apos;method def&apos; child has incorrect indentation level 4, expected level should be 8." source="com.puppycrawl.tools.checkstyle.checks.indentation.IndentationCheck"/>
<error line="59" column="3" severity="warning" message="&apos;method def rcurly&apos; has incorrect indentation level 2, expected level should be 4." source="com.puppycrawl.tools.checkstyle.checks.indentation.IndentationCheck"/>
</file>
<file name="/home/bluefox/Tejas-Backups/rm_ems_1_1_m/rn-ems/src/vesCollector/src/main/java/org/onap/dcae/common/configuration/ApiConfiguration.java">
<error line="36" column="3" severity="warning" message="&apos;member def modifier&apos; has incorrect indentation level 2, expected level should be 4." source="com.puppycrawl.tools.checkstyle.checks.indentation.IndentationCheck"/>
<error line="37" column="3" severity="warning" message="&apos;member def modifier&apos; has incorrect indentation level 2, expected level should be 4." source="com.puppycrawl.tools.checkstyle.checks.indentation.IndentationCheck"/>
<error line="39" column="3" severity="warning" message="&apos;ctor def modifier&apos; has incorrect indentation level 2, expected level should be 4." source="com.puppycrawl.tools.checkstyle.checks.indentation.IndentationCheck"/>
<error line="41" column="5" severity="warning" message="&apos;ctor def&apos; child has incorrect indentation level 4, expected level should be 8." source="com.puppycrawl.tools.checkstyle.checks.indentation.IndentationCheck"/>
<error line="42" column="5" severity="warning" message="&apos;ctor def&apos; child has incorrect indentation level 4, expected level should be 8." source="com.puppycrawl.tools.checkstyle.checks.indentation.IndentationCheck"/>
<error line="43" column="3" severity="warning" message="&apos;ctor def rcurly&apos; has incorrect indentation level 2, expected level should be 4." source="com.puppycrawl.tools.checkstyle.checks.indentation.IndentationCheck"/>
<error line="45" column="3" severity="warning" message="&apos;method def modifier&apos; has incorrect indentation level 2, expected level should be 4." source="com.puppycrawl.tools.checkstyle.checks.indentation.IndentationCheck"/>
<error line="47" column="5" severity="warning" message="&apos;method def&apos; child has incorrect indentation level 4, expected level should be 8." source="com.puppycrawl.tools.checkstyle.checks.indentation.IndentationCheck"/>
<error line="48" column="3" severity="warning" message="&apos;method def rcurly&apos; has incorrect indentation level 2, expected level should be 4." source="com.puppycrawl.tools.checkstyle.checks.indentation.IndentationCheck"/>
</file>
<file name="/home/bluefox/Tejas-Backups/rm_ems_1_1_m/rn-ems/src/vesCollector/src/main/java/org/onap/dcae/common/configuration/SubjectMatcher.java">
<error line="36" column="3" severity="warning" message="&apos;member def modifier&apos; has incorrect indentation level 2, expected level should be 4." source="com.puppycrawl.tools.checkstyle.checks.indentation.IndentationCheck"/>
<error line="37" column="3" severity="warning" message="&apos;member def modifier&apos; has incorrect indentation level 2, expected level should be 4." source="com.puppycrawl.tools.checkstyle.checks.indentation.IndentationCheck"/>
<error line="39" column="3" severity="warning" message="&apos;ctor def modifier&apos; has incorrect indentation level 2, expected level should be 4." source="com.puppycrawl.tools.checkstyle.checks.indentation.IndentationCheck"/>
<error line="40" column="5" severity="warning" message="&apos;ctor def&apos; child has incorrect indentation level 4, expected level should be 8." source="com.puppycrawl.tools.checkstyle.checks.indentation.IndentationCheck"/>
<error line="41" column="5" severity="warning" message="&apos;ctor def&apos; child has incorrect indentation level 4, expected level should be 8." source="com.puppycrawl.tools.checkstyle.checks.indentation.IndentationCheck"/>
<error line="42" column="3" severity="warning" message="&apos;ctor def rcurly&apos; has incorrect indentation level 2, expected level should be 4." source="com.puppycrawl.tools.checkstyle.checks.indentation.IndentationCheck"/>
<error line="44" column="3" severity="warning" message="&apos;method def modifier&apos; has incorrect indentation level 2, expected level should be 4." source="com.puppycrawl.tools.checkstyle.checks.indentation.IndentationCheck"/>
<error line="44" column="3" severity="warning" message="Missing a Javadoc comment." source="com.puppycrawl.tools.checkstyle.checks.javadoc.MissingJavadocMethodCheck"/>
<error line="44" column="25" severity="warning" message="WhitespaceAround: &apos;{&apos; is not preceded with whitespace." source="com.puppycrawl.tools.checkstyle.checks.whitespace.WhitespaceAroundCheck"/>
<error line="45" column="5" severity="warning" message="&apos;try&apos; has incorrect indentation level 4, expected level should be 8." source="com.puppycrawl.tools.checkstyle.checks.indentation.IndentationCheck"/>
<error line="46" column="7" severity="warning" message="&apos;try&apos; child has incorrect indentation level 6, expected level should be 12." source="com.puppycrawl.tools.checkstyle.checks.indentation.IndentationCheck"/>
<error line="47" column="5" severity="warning" message="&apos;try rcurly&apos; has incorrect indentation level 4, expected level should be 8." source="com.puppycrawl.tools.checkstyle.checks.indentation.IndentationCheck"/>
<error line="48" column="7" severity="warning" message="&apos;catch&apos; child has incorrect indentation level 6, expected level should be 12." source="com.puppycrawl.tools.checkstyle.checks.indentation.IndentationCheck"/>
<error line="49" column="5" severity="warning" message="&apos;catch rcurly&apos; has incorrect indentation level 4, expected level should be 8." source="com.puppycrawl.tools.checkstyle.checks.indentation.IndentationCheck"/>
<error line="50" column="3" severity="warning" message="&apos;method def rcurly&apos; has incorrect indentation level 2, expected level should be 4." source="com.puppycrawl.tools.checkstyle.checks.indentation.IndentationCheck"/>
<error line="52" column="3" severity="warning" message="&apos;method def modifier&apos; has incorrect indentation level 2, expected level should be 4." source="com.puppycrawl.tools.checkstyle.checks.indentation.IndentationCheck"/>
<error line="53" column="5" severity="warning" message="&apos;method def&apos; child has incorrect indentation level 4, expected level should be 8." source="com.puppycrawl.tools.checkstyle.checks.indentation.IndentationCheck"/>
<error line="53" column="17" severity="warning" message="WhitespaceAround: &apos;!=&apos; is not followed by whitespace. Empty blocks may only be represented as {} when not part of a multi-block statement (4.1.3)" source="com.puppycrawl.tools.checkstyle.checks.whitespace.WhitespaceAroundCheck"/>
<error line="54" column="3" severity="warning" message="&apos;method def rcurly&apos; has incorrect indentation level 2, expected level should be 4." source="com.puppycrawl.tools.checkstyle.checks.indentation.IndentationCheck"/>
<error line="56" column="3" severity="warning" message="&apos;method def modifier&apos; has incorrect indentation level 2, expected level should be 4." source="com.puppycrawl.tools.checkstyle.checks.indentation.IndentationCheck"/>
<error line="57" column="5" severity="warning" message="&apos;method def&apos; child has incorrect indentation level 4, expected level should be 8." source="com.puppycrawl.tools.checkstyle.checks.indentation.IndentationCheck"/>
<error line="58" column="3" severity="warning" message="&apos;method def rcurly&apos; has incorrect indentation level 2, expected level should be 4." source="com.puppycrawl.tools.checkstyle.checks.indentation.IndentationCheck"/>
<error line="60" column="3" severity="warning" message="&apos;method def modifier&apos; has incorrect indentation level 2, expected level should be 4." source="com.puppycrawl.tools.checkstyle.checks.indentation.IndentationCheck"/>
<error line="61" column="5" severity="warning" message="&apos;method def&apos; child has incorrect indentation level 4, expected level should be 8." source="com.puppycrawl.tools.checkstyle.checks.indentation.IndentationCheck"/>
<error line="64" column="3" severity="warning" message="&apos;method def rcurly&apos; has incorrect indentation level 2, expected level should be 4." source="com.puppycrawl.tools.checkstyle.checks.indentation.IndentationCheck"/>
</file>
<file name="/home/bluefox/Tejas-Backups/rm_ems_1_1_m/rn-ems/src/vesCollector/src/main/java/org/onap/dcae/common/configuration/AuthMethodType.java">
<error line="26" column="20" severity="warning" message="&apos;,&apos; is not followed by whitespace." source="com.puppycrawl.tools.checkstyle.checks.whitespace.WhitespaceAfterCheck"/>
<error line="28" column="3" severity="warning" message="&apos;member def modifier&apos; has incorrect indentation level 2, expected level should be 4." source="com.puppycrawl.tools.checkstyle.checks.indentation.IndentationCheck"/>
<error line="30" column="3" severity="warning" message="&apos;ctor def modifier&apos; has incorrect indentation level 2, expected level should be 4." source="com.puppycrawl.tools.checkstyle.checks.indentation.IndentationCheck"/>
<error line="31" column="5" severity="warning" message="&apos;ctor def&apos; child has incorrect indentation level 4, expected level should be 8." source="com.puppycrawl.tools.checkstyle.checks.indentation.IndentationCheck"/>
<error line="32" column="3" severity="warning" message="&apos;ctor def rcurly&apos; has incorrect indentation level 2, expected level should be 4." source="com.puppycrawl.tools.checkstyle.checks.indentation.IndentationCheck"/>
<error line="34" column="3" severity="warning" message="&apos;method def modifier&apos; has incorrect indentation level 2, expected level should be 4." source="com.puppycrawl.tools.checkstyle.checks.indentation.IndentationCheck"/>
<error line="35" column="5" severity="warning" message="&apos;method def&apos; child has incorrect indentation level 4, expected level should be 8." source="com.puppycrawl.tools.checkstyle.checks.indentation.IndentationCheck"/>
<error line="36" column="3" severity="warning" message="&apos;method def rcurly&apos; has incorrect indentation level 2, expected level should be 4." source="com.puppycrawl.tools.checkstyle.checks.indentation.IndentationCheck"/>
</file>
<file name="/home/bluefox/Tejas-Backups/rm_ems_1_1_m/rn-ems/src/vesCollector/src/main/java/org/onap/dcae/common/configuration/SslContextCreator.java">
<error line="44" column="3" severity="warning" message="&apos;member def modifier&apos; has incorrect indentation level 2, expected level should be 4." source="com.puppycrawl.tools.checkstyle.checks.indentation.IndentationCheck"/>
<error line="45" column="3" severity="warning" message="&apos;member def modifier&apos; has incorrect indentation level 2, expected level should be 4." source="com.puppycrawl.tools.checkstyle.checks.indentation.IndentationCheck"/>
<error line="47" column="3" severity="warning" message="&apos;ctor def modifier&apos; has incorrect indentation level 2, expected level should be 4." source="com.puppycrawl.tools.checkstyle.checks.indentation.IndentationCheck"/>
<error line="48" column="5" severity="warning" message="&apos;ctor def&apos; child has incorrect indentation level 4, expected level should be 8." source="com.puppycrawl.tools.checkstyle.checks.indentation.IndentationCheck"/>
<error line="49" column="3" severity="warning" message="&apos;ctor def rcurly&apos; has incorrect indentation level 2, expected level should be 4." source="com.puppycrawl.tools.checkstyle.checks.indentation.IndentationCheck"/>
<error line="51" column="3" severity="warning" message="&apos;method def modifier&apos; has incorrect indentation level 2, expected level should be 4." source="com.puppycrawl.tools.checkstyle.checks.indentation.IndentationCheck"/>
<error line="51" column="3" severity="warning" message="Missing a Javadoc comment." source="com.puppycrawl.tools.checkstyle.checks.javadoc.MissingJavadocMethodCheck"/>
<error line="52" column="5" severity="warning" message="&apos;method def&apos; child has incorrect indentation level 4, expected level should be 8." source="com.puppycrawl.tools.checkstyle.checks.indentation.IndentationCheck"/>
<error line="54" column="5" severity="warning" message="&apos;method def&apos; child has incorrect indentation level 4, expected level should be 8." source="com.puppycrawl.tools.checkstyle.checks.indentation.IndentationCheck"/>
<error line="56" column="5" severity="warning" message="&apos;method def&apos; child has incorrect indentation level 4, expected level should be 8." source="com.puppycrawl.tools.checkstyle.checks.indentation.IndentationCheck"/>
<error line="57" column="5" severity="warning" message="&apos;method def&apos; child has incorrect indentation level 4, expected level should be 8." source="com.puppycrawl.tools.checkstyle.checks.indentation.IndentationCheck"/>
<error line="59" column="5" severity="warning" message="&apos;method def&apos; child has incorrect indentation level 4, expected level should be 8." source="com.puppycrawl.tools.checkstyle.checks.indentation.IndentationCheck"/>
<error line="60" column="5" severity="warning" message="&apos;method def&apos; child has incorrect indentation level 4, expected level should be 8." source="com.puppycrawl.tools.checkstyle.checks.indentation.IndentationCheck"/>
<error line="61" column="5" severity="warning" message="&apos;method def&apos; child has incorrect indentation level 4, expected level should be 8." source="com.puppycrawl.tools.checkstyle.checks.indentation.IndentationCheck"/>
<error line="63" column="5" severity="warning" message="&apos;method def&apos; child has incorrect indentation level 4, expected level should be 8." source="com.puppycrawl.tools.checkstyle.checks.indentation.IndentationCheck"/>
<error line="64" column="3" severity="warning" message="&apos;method def rcurly&apos; has incorrect indentation level 2, expected level should be 4." source="com.puppycrawl.tools.checkstyle.checks.indentation.IndentationCheck"/>
<error line="66" column="3" severity="warning" message="&apos;method def modifier&apos; has incorrect indentation level 2, expected level should be 4." source="com.puppycrawl.tools.checkstyle.checks.indentation.IndentationCheck"/>
<error line="66" column="34" severity="warning" message="WhitespaceAround: &apos;{&apos; is not preceded with whitespace." source="com.puppycrawl.tools.checkstyle.checks.whitespace.WhitespaceAroundCheck"/>
<error line="67" column="5" severity="warning" message="&apos;method def&apos; child has incorrect indentation level 4, expected level should be 8." source="com.puppycrawl.tools.checkstyle.checks.indentation.IndentationCheck"/>
<error line="68" column="3" severity="warning" message="&apos;method def rcurly&apos; has incorrect indentation level 2, expected level should be 4." source="com.puppycrawl.tools.checkstyle.checks.indentation.IndentationCheck"/>
<error line="70" column="3" severity="warning" message="&apos;method def modifier&apos; has incorrect indentation level 2, expected level should be 4." source="com.puppycrawl.tools.checkstyle.checks.indentation.IndentationCheck"/>
<error line="71" column="5" severity="warning" message="&apos;method def&apos; child has incorrect indentation level 4, expected level should be 8." source="com.puppycrawl.tools.checkstyle.checks.indentation.IndentationCheck"/>
<error line="73" column="5" severity="warning" message="&apos;method def&apos; child has incorrect indentation level 4, expected level should be 8." source="com.puppycrawl.tools.checkstyle.checks.indentation.IndentationCheck"/>
<error line="74" column="5" severity="warning" message="&apos;method def&apos; child has incorrect indentation level 4, expected level should be 8." source="com.puppycrawl.tools.checkstyle.checks.indentation.IndentationCheck"/>
<error line="76" column="5" severity="warning" message="&apos;method def&apos; child has incorrect indentation level 4, expected level should be 8." source="com.puppycrawl.tools.checkstyle.checks.indentation.IndentationCheck"/>
<error line="77" column="5" severity="warning" message="&apos;method def&apos; child has incorrect indentation level 4, expected level should be 8." source="com.puppycrawl.tools.checkstyle.checks.indentation.IndentationCheck"/>
<error line="78" column="5" severity="warning" message="&apos;method def&apos; child has incorrect indentation level 4, expected level should be 8." source="com.puppycrawl.tools.checkstyle.checks.indentation.IndentationCheck"/>
<error line="79" column="5" severity="warning" message="&apos;method def&apos; child has incorrect indentation level 4, expected level should be 8." source="com.puppycrawl.tools.checkstyle.checks.indentation.IndentationCheck"/>
<error line="80" column="3" severity="warning" message="&apos;method def rcurly&apos; has incorrect indentation level 2, expected level should be 4." source="com.puppycrawl.tools.checkstyle.checks.indentation.IndentationCheck"/>
<error line="82" column="3" severity="warning" message="&apos;method def modifier&apos; has incorrect indentation level 2, expected level should be 4." source="com.puppycrawl.tools.checkstyle.checks.indentation.IndentationCheck"/>
<error line="83" column="5" severity="warning" message="&apos;method def&apos; child has incorrect indentation level 4, expected level should be 8." source="com.puppycrawl.tools.checkstyle.checks.indentation.IndentationCheck"/>
<error line="84" column="5" severity="warning" message="&apos;try&apos; has incorrect indentation level 4, expected level should be 8." source="com.puppycrawl.tools.checkstyle.checks.indentation.IndentationCheck"/>
<error line="84" column="5" severity="warning" message="WhitespaceAround: &apos;try&apos; is not followed by whitespace. Empty blocks may only be represented as {} when not part of a multi-block statement (4.1.3)" source="com.puppycrawl.tools.checkstyle.checks.whitespace.WhitespaceAroundCheck"/>
<error line="84" column="81" severity="warning" message="WhitespaceAround: &apos;{&apos; is not preceded with whitespace." source="com.puppycrawl.tools.checkstyle.checks.whitespace.WhitespaceAroundCheck"/>
<error line="85" column="7" severity="warning" message="&apos;try&apos; child has incorrect indentation level 6, expected level should be 12." source="com.puppycrawl.tools.checkstyle.checks.indentation.IndentationCheck"/>
<error line="86" column="7" severity="warning" message="&apos;try&apos; child has incorrect indentation level 6, expected level should be 12." source="com.puppycrawl.tools.checkstyle.checks.indentation.IndentationCheck"/>
<error line="87" column="7" severity="warning" message="&apos;try&apos; child has incorrect indentation level 6, expected level should be 12." source="com.puppycrawl.tools.checkstyle.checks.indentation.IndentationCheck"/>
<error line="88" column="7" severity="warning" message="&apos;try&apos; child has incorrect indentation level 6, expected level should be 12." source="com.puppycrawl.tools.checkstyle.checks.indentation.IndentationCheck"/>
<error line="89" column="5" severity="warning" message="&apos;try rcurly&apos; has incorrect indentation level 4, expected level should be 8." source="com.puppycrawl.tools.checkstyle.checks.indentation.IndentationCheck"/>
<error line="90" column="7" severity="warning" message="&apos;catch&apos; child has incorrect indentation level 6, expected level should be 12." source="com.puppycrawl.tools.checkstyle.checks.indentation.IndentationCheck"/>
<error line="91" column="7" severity="warning" message="&apos;catch&apos; child has incorrect indentation level 6, expected level should be 12." source="com.puppycrawl.tools.checkstyle.checks.indentation.IndentationCheck"/>
<error line="92" column="5" severity="warning" message="&apos;catch rcurly&apos; has incorrect indentation level 4, expected level should be 8." source="com.puppycrawl.tools.checkstyle.checks.indentation.IndentationCheck"/>
<error line="93" column="3" severity="warning" message="&apos;method def rcurly&apos; has incorrect indentation level 2, expected level should be 4." source="com.puppycrawl.tools.checkstyle.checks.indentation.IndentationCheck"/>
<error line="95" column="3" severity="warning" message="&apos;method def modifier&apos; has incorrect indentation level 2, expected level should be 4." source="com.puppycrawl.tools.checkstyle.checks.indentation.IndentationCheck"/>
<error line="96" column="5" severity="warning" message="&apos;try&apos; has incorrect indentation level 4, expected level should be 8." source="com.puppycrawl.tools.checkstyle.checks.indentation.IndentationCheck"/>
<error line="97" column="7" severity="warning" message="&apos;try&apos; child has incorrect indentation level 6, expected level should be 12." source="com.puppycrawl.tools.checkstyle.checks.indentation.IndentationCheck"/>
<error line="98" column="5" severity="warning" message="&apos;try rcurly&apos; has incorrect indentation level 4, expected level should be 8." source="com.puppycrawl.tools.checkstyle.checks.indentation.IndentationCheck"/>
<error line="99" column="7" severity="warning" message="&apos;catch&apos; child has incorrect indentation level 6, expected level should be 12." source="com.puppycrawl.tools.checkstyle.checks.indentation.IndentationCheck"/>
<error line="100" column="7" severity="warning" message="&apos;catch&apos; child has incorrect indentation level 6, expected level should be 12." source="com.puppycrawl.tools.checkstyle.checks.indentation.IndentationCheck"/>
<error line="101" column="5" severity="warning" message="&apos;catch rcurly&apos; has incorrect indentation level 4, expected level should be 8." source="com.puppycrawl.tools.checkstyle.checks.indentation.IndentationCheck"/>
<error line="102" column="3" severity="warning" message="&apos;method def rcurly&apos; has incorrect indentation level 2, expected level should be 4." source="com.puppycrawl.tools.checkstyle.checks.indentation.IndentationCheck"/>
<error line="104" column="3" severity="warning" message="&apos;method def modifier&apos; has incorrect indentation level 2, expected level should be 4." source="com.puppycrawl.tools.checkstyle.checks.indentation.IndentationCheck"/>
<error line="105" column="5" severity="warning" message="&apos;method def&apos; child has incorrect indentation level 4, expected level should be 8." source="com.puppycrawl.tools.checkstyle.checks.indentation.IndentationCheck"/>
<error line="106" column="3" severity="warning" message="&apos;method def rcurly&apos; has incorrect indentation level 2, expected level should be 4." source="com.puppycrawl.tools.checkstyle.checks.indentation.IndentationCheck"/>
<error line="108" column="3" severity="warning" message="&apos;method def modifier&apos; has incorrect indentation level 2, expected level should be 4." source="com.puppycrawl.tools.checkstyle.checks.indentation.IndentationCheck"/>
<error line="109" column="5" severity="warning" message="&apos;try&apos; has incorrect indentation level 4, expected level should be 8." source="com.puppycrawl.tools.checkstyle.checks.indentation.IndentationCheck"/>
<error line="110" column="7" severity="warning" message="&apos;try&apos; child has incorrect indentation level 6, expected level should be 12." source="com.puppycrawl.tools.checkstyle.checks.indentation.IndentationCheck"/>
<error line="111" column="5" severity="warning" message="&apos;try rcurly&apos; has incorrect indentation level 4, expected level should be 8." source="com.puppycrawl.tools.checkstyle.checks.indentation.IndentationCheck"/>
<error line="112" column="7" severity="warning" message="&apos;catch&apos; child has incorrect indentation level 6, expected level should be 12." source="com.puppycrawl.tools.checkstyle.checks.indentation.IndentationCheck"/>
<error line="113" column="7" severity="warning" message="&apos;catch&apos; child has incorrect indentation level 6, expected level should be 12." source="com.puppycrawl.tools.checkstyle.checks.indentation.IndentationCheck"/>
<error line="114" column="5" severity="warning" message="&apos;catch rcurly&apos; has incorrect indentation level 4, expected level should be 8." source="com.puppycrawl.tools.checkstyle.checks.indentation.IndentationCheck"/>
<error line="115" column="3" severity="warning" message="&apos;method def rcurly&apos; has incorrect indentation level 2, expected level should be 4." source="com.puppycrawl.tools.checkstyle.checks.indentation.IndentationCheck"/>
</file>
<file name="/home/bluefox/Tejas-Backups/rm_ems_1_1_m/rn-ems/src/vesCollector/src/main/java/org/onap/dcae/common/configuration/AuthMethod.java">
<error line="25" column="3" severity="warning" message="&apos;method def modifier&apos; has incorrect indentation level 2, expected level should be 4." source="com.puppycrawl.tools.checkstyle.checks.indentation.IndentationCheck"/>
</file>
<file name="/home/bluefox/Tejas-Backups/rm_ems_1_1_m/rn-ems/src/vesCollector/src/main/java/org/onap/dcae/common/configuration/CertBasicAuth.java">
<error line="30" column="50" severity="warning" message="WhitespaceAround: &apos;{&apos; is not preceded with whitespace." source="com.puppycrawl.tools.checkstyle.checks.whitespace.WhitespaceAroundCheck"/>
<error line="32" column="3" severity="warning" message="&apos;member def modifier&apos; has incorrect indentation level 2, expected level should be 4." source="com.puppycrawl.tools.checkstyle.checks.indentation.IndentationCheck"/>
<error line="33" column="3" severity="warning" message="&apos;member def modifier&apos; has incorrect indentation level 2, expected level should be 4." source="com.puppycrawl.tools.checkstyle.checks.indentation.IndentationCheck"/>
<error line="34" column="3" severity="warning" message="&apos;member def modifier&apos; has incorrect indentation level 2, expected level should be 4." source="com.puppycrawl.tools.checkstyle.checks.indentation.IndentationCheck"/>
<error line="36" column="3" severity="warning" message="&apos;ctor def modifier&apos; has incorrect indentation level 2, expected level should be 4." source="com.puppycrawl.tools.checkstyle.checks.indentation.IndentationCheck"/>
<error line="37" column="5" severity="warning" message="&apos;ctor def&apos; child has incorrect indentation level 4, expected level should be 8." source="com.puppycrawl.tools.checkstyle.checks.indentation.IndentationCheck"/>
<error line="38" column="5" severity="warning" message="&apos;ctor def&apos; child has incorrect indentation level 4, expected level should be 8." source="com.puppycrawl.tools.checkstyle.checks.indentation.IndentationCheck"/>
<error line="39" column="3" severity="warning" message="&apos;ctor def rcurly&apos; has incorrect indentation level 2, expected level should be 4." source="com.puppycrawl.tools.checkstyle.checks.indentation.IndentationCheck"/>
<error line="41" column="3" severity="warning" message="&apos;method def modifier&apos; has incorrect indentation level 2, expected level should be 4." source="com.puppycrawl.tools.checkstyle.checks.indentation.IndentationCheck"/>
<error line="43" column="5" severity="warning" message="&apos;method def&apos; child has incorrect indentation level 4, expected level should be 8." source="com.puppycrawl.tools.checkstyle.checks.indentation.IndentationCheck"/>
<error line="44" column="5" severity="warning" message="&apos;method def&apos; child has incorrect indentation level 4, expected level should be 8." source="com.puppycrawl.tools.checkstyle.checks.indentation.IndentationCheck"/>
<error line="45" column="5" severity="warning" message="&apos;method def&apos; child has incorrect indentation level 4, expected level should be 8." source="com.puppycrawl.tools.checkstyle.checks.indentation.IndentationCheck"/>
<error line="46" column="5" severity="warning" message="&apos;method def&apos; child has incorrect indentation level 4, expected level should be 8." source="com.puppycrawl.tools.checkstyle.checks.indentation.IndentationCheck"/>
<error line="48" column="3" severity="warning" message="&apos;method def rcurly&apos; has incorrect indentation level 2, expected level should be 4." source="com.puppycrawl.tools.checkstyle.checks.indentation.IndentationCheck"/>
</file>
<file name="/home/bluefox/Tejas-Backups/rm_ems_1_1_m/rn-ems/src/vesCollector/src/main/java/org/onap/dcae/common/publishing/DMaaPEventPublisher.java">
<error line="32" column="1" severity="warning" message="Extra separation in import group before &apos;java.util.List&apos;" source="com.puppycrawl.tools.checkstyle.checks.imports.CustomImportOrderCheck"/>
<error line="32" column="1" severity="warning" message="Wrong lexicographical order for &apos;java.util.List&apos; import. Should be before &apos;reactor.core.publisher.Flux&apos;." source="com.puppycrawl.tools.checkstyle.checks.imports.CustomImportOrderCheck"/>
<error line="33" column="1" severity="warning" message="Wrong lexicographical order for &apos;java.util.Objects&apos; import. Should be before &apos;reactor.core.publisher.Flux&apos;." source="com.puppycrawl.tools.checkstyle.checks.imports.CustomImportOrderCheck"/>
<error line="35" column="1" severity="warning" message="Import statement for &apos;org.onap.dcae.common.publishing.MessageRouterHttpStatusMapper.getHttpStatus&apos; is in the wrong order. Should be in the &apos;STATIC&apos; group, expecting not assigned imports on this line." source="com.puppycrawl.tools.checkstyle.checks.imports.CustomImportOrderCheck"/>
<error line="36" severity="warning" message="Summary javadoc is missing." source="com.puppycrawl.tools.checkstyle.checks.javadoc.SummaryJavadocCheck"/>
<error line="39" column="1" severity="warning" message="&apos;CLASS_DEF&apos; should be separated from previous statement." source="com.puppycrawl.tools.checkstyle.checks.whitespace.EmptyLineSeparatorCheck"/>
<error line="41" column="42" severity="warning" message="Member name &apos;dMaaPConfig&apos; must match pattern &apos;^[a-z][a-z0-9][a-zA-Z0-9]*$&apos;." source="com.puppycrawl.tools.checkstyle.checks.naming.MemberNameCheck"/>
<error line="44" column="61" severity="warning" message="Parameter name &apos;dMaaPConfig&apos; must match pattern &apos;^[a-z]([a-z0-9][a-zA-Z0-9]*)?$&apos;." source="com.puppycrawl.tools.checkstyle.checks.naming.ParameterNameCheck"/>
<error line="49" severity="warning" message="First sentence of Javadoc is missing an ending period." source="com.puppycrawl.tools.checkstyle.checks.javadoc.SummaryJavadocCheck"/>
<error line="53" column="72" severity="warning" message="WhitespaceAround: &apos;{&apos; is not preceded with whitespace." source="com.puppycrawl.tools.checkstyle.checks.whitespace.WhitespaceAroundCheck"/>
<error line="58" column="5" severity="warning" message="Missing a Javadoc comment." source="com.puppycrawl.tools.checkstyle.checks.javadoc.MissingJavadocMethodCheck"/>
<error line="61" severity="warning" message="Line is longer than 120 characters (found 133)." source="com.puppycrawl.tools.checkstyle.checks.sizes.LineLengthCheck"/>
</file>
<file name="/home/bluefox/Tejas-Backups/rm_ems_1_1_m/rn-ems/src/vesCollector/src/main/java/org/onap/dcae/common/publishing/DmaapRequestConfiguration.java">
<error line="20" column="1" severity="warning" message="&apos;package&apos; should be separated from previous statement." source="com.puppycrawl.tools.checkstyle.checks.whitespace.EmptyLineSeparatorCheck"/>
<error line="39" column="1" severity="warning" message="Extra separation in import group before &apos;java.time.Duration&apos;" source="com.puppycrawl.tools.checkstyle.checks.imports.CustomImportOrderCheck"/>
<error line="39" column="1" severity="warning" message="Wrong lexicographical order for &apos;java.time.Duration&apos; import. Should be before &apos;reactor.core.publisher.Flux&apos;." source="com.puppycrawl.tools.checkstyle.checks.imports.CustomImportOrderCheck"/>
<error line="79" column="52" severity="warning" message="&apos;,&apos; is not followed by whitespace." source="com.puppycrawl.tools.checkstyle.checks.whitespace.WhitespaceAfterCheck"/>
<error line="79" column="64" severity="warning" message="&apos;,&apos; is not followed by whitespace." source="com.puppycrawl.tools.checkstyle.checks.whitespace.WhitespaceAfterCheck"/>
</file>
<file name="/home/bluefox/Tejas-Backups/rm_ems_1_1_m/rn-ems/src/vesCollector/src/main/java/org/onap/dcae/common/publishing/PublisherConfig.java">
<error line="20" column="1" severity="warning" message="&apos;package&apos; should be separated from previous statement." source="com.puppycrawl.tools.checkstyle.checks.whitespace.EmptyLineSeparatorCheck"/>
<error line="25" column="1" severity="warning" message="Extra separation in import group before &apos;java.util.Objects&apos;" source="com.puppycrawl.tools.checkstyle.checks.imports.CustomImportOrderCheck"/>
<error line="27" severity="warning" message="Summary javadoc is missing." source="com.puppycrawl.tools.checkstyle.checks.javadoc.SummaryJavadocCheck"/>
<error line="54" column="28" severity="warning" message="WhitespaceAround: &apos;{&apos; is not preceded with whitespace." source="com.puppycrawl.tools.checkstyle.checks.whitespace.WhitespaceAroundCheck"/>
<error line="84" column="64" severity="warning" message="&apos;&amp;&amp;&apos; should be on a new line." source="com.puppycrawl.tools.checkstyle.checks.whitespace.OperatorWrapCheck"/>
<error line="85" column="51" severity="warning" message="&apos;&amp;&amp;&apos; should be on a new line." source="com.puppycrawl.tools.checkstyle.checks.whitespace.OperatorWrapCheck"/>
<error line="86" column="57" severity="warning" message="&apos;&amp;&amp;&apos; should be on a new line." source="com.puppycrawl.tools.checkstyle.checks.whitespace.OperatorWrapCheck"/>
<error line="97" column="35" severity="warning" message="&apos;+&apos; should be on a new line." source="com.puppycrawl.tools.checkstyle.checks.whitespace.OperatorWrapCheck"/>
<error line="98" column="48" severity="warning" message="&apos;+&apos; should be on a new line." source="com.puppycrawl.tools.checkstyle.checks.whitespace.OperatorWrapCheck"/>
<error line="99" column="44" severity="warning" message="&apos;+&apos; should be on a new line." source="com.puppycrawl.tools.checkstyle.checks.whitespace.OperatorWrapCheck"/>
<error line="100" column="50" severity="warning" message="&apos;+&apos; should be on a new line." source="com.puppycrawl.tools.checkstyle.checks.whitespace.OperatorWrapCheck"/>
<error line="101" column="50" severity="warning" message="&apos;+&apos; should be on a new line." source="com.puppycrawl.tools.checkstyle.checks.whitespace.OperatorWrapCheck"/>
</file>
<file name="/home/bluefox/Tejas-Backups/rm_ems_1_1_m/rn-ems/src/vesCollector/src/main/java/org/onap/dcae/common/publishing/Publisher.java">
<error line="20" column="1" severity="warning" message="&apos;package&apos; should be separated from previous statement." source="com.puppycrawl.tools.checkstyle.checks.whitespace.EmptyLineSeparatorCheck"/>
<error line="32" column="1" severity="warning" message="Import statement for &apos;org.onap.dcae.common.publishing.DmaapRequestConfiguration.retryConfiguration&apos; is in the wrong order. Should be in the &apos;STATIC&apos; group, expecting not assigned imports on this line." source="com.puppycrawl.tools.checkstyle.checks.imports.CustomImportOrderCheck"/>
<error line="33" column="1" severity="warning" message="Import statement for &apos;org.onap.dcae.common.publishing.DmaapRequestConfiguration.createPublishRequest&apos; is in the wrong order. Should be in the &apos;STATIC&apos; group, expecting not assigned imports on this line." source="com.puppycrawl.tools.checkstyle.checks.imports.CustomImportOrderCheck"/>
<error line="34" column="1" severity="warning" message="Import statement for &apos;org.onap.dcae.common.publishing.DmaapRequestConfiguration.jsonBatch&apos; is in the wrong order. Should be in the &apos;STATIC&apos; group, expecting not assigned imports on this line." source="com.puppycrawl.tools.checkstyle.checks.imports.CustomImportOrderCheck"/>
<error line="49" severity="warning" message="First sentence of Javadoc is missing an ending period." source="com.puppycrawl.tools.checkstyle.checks.javadoc.SummaryJavadocCheck"/>
<error line="56" severity="warning" message="Line is longer than 120 characters (found 123)." source="com.puppycrawl.tools.checkstyle.checks.sizes.LineLengthCheck"/>
</file>
<file name="/home/bluefox/Tejas-Backups/rm_ems_1_1_m/rn-ems/src/vesCollector/src/main/java/org/onap/dcae/common/publishing/DMaaPConfigurationParser.java">
<error line="20" column="1" severity="warning" message="&apos;package&apos; should be separated from previous statement." source="com.puppycrawl.tools.checkstyle.checks.whitespace.EmptyLineSeparatorCheck"/>
<error line="28" column="1" severity="warning" message="Extra separation in import group before &apos;java.net.URL&apos;" source="com.puppycrawl.tools.checkstyle.checks.imports.CustomImportOrderCheck"/>
<error line="28" column="1" severity="warning" message="Wrong lexicographical order for &apos;java.net.URL&apos; import. Should be before &apos;org.onap.dcae.common.AnyNode&apos;." source="com.puppycrawl.tools.checkstyle.checks.imports.CustomImportOrderCheck"/>
<error line="29" column="1" severity="warning" message="Wrong lexicographical order for &apos;java.nio.file.Files&apos; import. Should be before &apos;org.onap.dcae.common.AnyNode&apos;." source="com.puppycrawl.tools.checkstyle.checks.imports.CustomImportOrderCheck"/>
<error line="30" column="1" severity="warning" message="Wrong lexicographical order for &apos;java.nio.file.Path&apos; import. Should be before &apos;org.onap.dcae.common.AnyNode&apos;." source="com.puppycrawl.tools.checkstyle.checks.imports.CustomImportOrderCheck"/>
<error line="32" column="1" severity="warning" message="Extra separation in import group before &apos;org.json.JSONObject&apos;" source="com.puppycrawl.tools.checkstyle.checks.imports.CustomImportOrderCheck"/>
<error line="32" column="1" severity="warning" message="Wrong lexicographical order for &apos;org.json.JSONObject&apos; import. Should be before &apos;org.onap.dcae.common.AnyNode&apos;." source="com.puppycrawl.tools.checkstyle.checks.imports.CustomImportOrderCheck"/>
<error line="34" column="1" severity="warning" message="Import statement for &apos;io.vavr.API.*&apos; is in the wrong order. Should be in the &apos;STATIC&apos; group, expecting not assigned imports on this line." source="com.puppycrawl.tools.checkstyle.checks.imports.CustomImportOrderCheck"/>
<error line="34" column="26" severity="warning" message="Using the &apos;.*&apos; form of import should be avoided - io.vavr.API.*." source="com.puppycrawl.tools.checkstyle.checks.imports.AvoidStarImportCheck"/>
<error line="35" column="1" severity="warning" message="Import statement for &apos;org.onap.dcae.common.publishing.VavrUtils.enhanceError&apos; is in the wrong order. Should be in the &apos;STATIC&apos; group, expecting not assigned imports on this line." source="com.puppycrawl.tools.checkstyle.checks.imports.CustomImportOrderCheck"/>
<error line="36" column="1" severity="warning" message="Import statement for &apos;org.onap.dcae.common.publishing.VavrUtils.f&apos; is in the wrong order. Should be in the &apos;STATIC&apos; group, expecting not assigned imports on this line." source="com.puppycrawl.tools.checkstyle.checks.imports.CustomImportOrderCheck"/>
<error line="38" severity="warning" message="Summary javadoc is missing." source="com.puppycrawl.tools.checkstyle.checks.javadoc.SummaryJavadocCheck"/>
<error line="41" severity="warning" message="Line is longer than 120 characters (found 127)." source="com.puppycrawl.tools.checkstyle.checks.sizes.LineLengthCheck"/>
<error line="44" column="5" severity="warning" message="Missing a Javadoc comment." source="com.puppycrawl.tools.checkstyle.checks.javadoc.MissingJavadocMethodCheck"/>
<error line="60" column="33" severity="warning" message="Abbreviation in name &apos;toJSON&apos; must contain no more than &apos;2&apos; consecutive capital letters." source="com.puppycrawl.tools.checkstyle.checks.naming.AbbreviationAsWordInNameCheck"/>
<error line="67" severity="warning" message="Line is longer than 120 characters (found 134)." source="com.puppycrawl.tools.checkstyle.checks.sizes.LineLengthCheck"/>
<error line="78" column="25" severity="warning" message="Abbreviation in name &apos;topicURL&apos; must contain no more than &apos;2&apos; consecutive capital letters." source="com.puppycrawl.tools.checkstyle.checks.naming.AbbreviationAsWordInNameCheck"/>
<error line="82" severity="warning" message="Line is longer than 120 characters (found 121)." source="com.puppycrawl.tools.checkstyle.checks.sizes.LineLengthCheck"/>
</file>
<file name="/home/bluefox/Tejas-Backups/rm_ems_1_1_m/rn-ems/src/vesCollector/src/main/java/org/onap/dcae/common/publishing/VavrUtils.java">
<error line="20" column="1" severity="warning" message="&apos;package&apos; should be separated from previous statement." source="com.puppycrawl.tools.checkstyle.checks.whitespace.EmptyLineSeparatorCheck"/>
<error line="27" column="1" severity="warning" message="Import statement for &apos;io.vavr.API.$&apos; is in the wrong order. Should be in the &apos;STATIC&apos; group, expecting not assigned imports on this line." source="com.puppycrawl.tools.checkstyle.checks.imports.CustomImportOrderCheck"/>
<error line="29" severity="warning" message="Summary javadoc is missing." source="com.puppycrawl.tools.checkstyle.checks.javadoc.SummaryJavadocCheck"/>
<error line="38" severity="warning" message="First sentence of Javadoc is missing an ending period." source="com.puppycrawl.tools.checkstyle.checks.javadoc.SummaryJavadocCheck"/>
<error line="41" column="26" severity="warning" message="Method name &apos;f&apos; must match pattern &apos;^[a-z][a-z0-9][a-zA-Z0-9_]*$&apos;." source="com.puppycrawl.tools.checkstyle.checks.naming.MethodNameCheck"/>
</file>
<file name="/home/bluefox/Tejas-Backups/rm_ems_1_1_m/rn-ems/src/vesCollector/src/main/java/org/onap/dcae/common/publishing/MessageRouterHttpStatusMapper.java">
<error line="20" column="1" severity="warning" message="&apos;package&apos; should be separated from previous statement." source="com.puppycrawl.tools.checkstyle.checks.whitespace.EmptyLineSeparatorCheck"/>
<error line="32" column="1" severity="warning" message="Extra separation in import group before &apos;java.util.Objects&apos;" source="com.puppycrawl.tools.checkstyle.checks.imports.CustomImportOrderCheck"/>
<error line="32" column="1" severity="warning" message="Wrong lexicographical order for &apos;java.util.Objects&apos; import. Should be before &apos;org.springframework.http.HttpStatus&apos;." source="com.puppycrawl.tools.checkstyle.checks.imports.CustomImportOrderCheck"/>
<error line="34" column="1" severity="warning" message="Import statement for &apos;org.onap.dcae.ApplicationSettings.responseCompatibility&apos; is in the wrong order. Should be in the &apos;STATIC&apos; group, expecting not assigned imports on this line." source="com.puppycrawl.tools.checkstyle.checks.imports.CustomImportOrderCheck"/>
<error line="45" column="53" severity="warning" message="&apos;?&apos; should be on a new line." source="com.puppycrawl.tools.checkstyle.checks.whitespace.OperatorWrapCheck"/>
<error line="46" column="82" severity="warning" message="WhitespaceAround: &apos;:&apos; is not preceded with whitespace." source="com.puppycrawl.tools.checkstyle.checks.whitespace.WhitespaceAroundCheck"/>
<error line="51" severity="warning" message="Line is longer than 120 characters (found 126)." source="com.puppycrawl.tools.checkstyle.checks.sizes.LineLengthCheck"/>
<error line="62" severity="warning" message="Line is longer than 120 characters (found 126)." source="com.puppycrawl.tools.checkstyle.checks.sizes.LineLengthCheck"/>
</file>
<file name="/home/bluefox/Tejas-Backups/rm_ems_1_1_m/rn-ems/src/vesCollector/src/main/java/org/onap/dcae/common/EventTransformation.java">
<error line="21" column="1" severity="warning" message="&apos;package&apos; should be separated from previous statement." source="com.puppycrawl.tools.checkstyle.checks.whitespace.EmptyLineSeparatorCheck"/>
<error line="25" column="1" severity="warning" message="Extra separation in import group before &apos;java.util.List&apos;" source="com.puppycrawl.tools.checkstyle.checks.imports.CustomImportOrderCheck"/>
</file>
<file name="/home/bluefox/Tejas-Backups/rm_ems_1_1_m/rn-ems/src/vesCollector/src/main/java/org/onap/dcae/common/AnyNode.java">
<error line="20" column="1" severity="warning" message="&apos;package&apos; should be separated from previous statement." source="com.puppycrawl.tools.checkstyle.checks.whitespace.EmptyLineSeparatorCheck"/>
<error line="29" column="1" severity="warning" message="Extra separation in import group before &apos;java.util.stream.StreamSupport&apos;" source="com.puppycrawl.tools.checkstyle.checks.imports.CustomImportOrderCheck"/>
<error line="29" column="1" severity="warning" message="Wrong lexicographical order for &apos;java.util.stream.StreamSupport&apos; import. Should be before &apos;org.json.JSONObject&apos;." source="com.puppycrawl.tools.checkstyle.checks.imports.CustomImportOrderCheck"/>
<error line="31" column="1" severity="warning" message="Import statement for &apos;io.vavr.API.Set&apos; is in the wrong order. Should be in the &apos;STATIC&apos; group, expecting not assigned imports on this line." source="com.puppycrawl.tools.checkstyle.checks.imports.CustomImportOrderCheck"/>
</file>
<file name="/home/bluefox/Tejas-Backups/rm_ems_1_1_m/rn-ems/src/vesCollector/src/main/java/org/onap/dcae/common/Processor.java">
</file>
<file name="/home/bluefox/Tejas-Backups/rm_ems_1_1_m/rn-ems/src/vesCollector/src/main/java/org/onap/dcae/common/HeaderUtils.java">
<error line="46" column="5" severity="warning" message="Missing a Javadoc comment." source="com.puppycrawl.tools.checkstyle.checks.javadoc.MissingJavadocMethodCheck"/>
</file>
<file name="/home/bluefox/Tejas-Backups/rm_ems_1_1_m/rn-ems/src/vesCollector/src/main/java/org/onap/dcae/VesApplication.java">
<error line="27" column="1" severity="warning" message="Wrong lexicographical order for &apos;org.onap.dcae.common.publishing.DMaaPConfigurationParser&apos; import. Should be before &apos;org.onap.dcae.common.validator.StndDefinedValidatorResolver&apos;." source="com.puppycrawl.tools.checkstyle.checks.imports.CustomImportOrderCheck"/>
<error line="28" column="1" severity="warning" message="Wrong lexicographical order for &apos;org.onap.dcae.common.publishing.DMaaPEventPublisher&apos; import. Should be before &apos;org.onap.dcae.common.validator.StndDefinedValidatorResolver&apos;." source="com.puppycrawl.tools.checkstyle.checks.imports.CustomImportOrderCheck"/>
<error line="29" column="1" severity="warning" message="Wrong lexicographical order for &apos;org.onap.dcae.common.publishing.PublisherConfig&apos; import. Should be before &apos;org.onap.dcae.common.validator.StndDefinedValidatorResolver&apos;." source="com.puppycrawl.tools.checkstyle.checks.imports.CustomImportOrderCheck"/>
<error line="31" column="1" severity="warning" message="Wrong lexicographical order for &apos;org.onap.dcae.configuration.ConfigUpdater&apos; import. Should be before &apos;org.onap.dcae.configuration.ConfigurationHandler&apos;." source="com.puppycrawl.tools.checkstyle.checks.imports.CustomImportOrderCheck"/>
<error line="32" column="1" severity="warning" message="Wrong lexicographical order for &apos;org.onap.dcae.configuration.ConfigUpdaterFactory&apos; import. Should be before &apos;org.onap.dcae.configuration.ConfigurationHandler&apos;." source="com.puppycrawl.tools.checkstyle.checks.imports.CustomImportOrderCheck"/>
<error line="46" column="1" severity="warning" message="Extra separation in import group before &apos;java.nio.file.Paths&apos;" source="com.puppycrawl.tools.checkstyle.checks.imports.CustomImportOrderCheck"/>
<error line="46" column="1" severity="warning" message="Wrong lexicographical order for &apos;java.nio.file.Paths&apos; import. Should be before &apos;org.springframework.context.annotation.Lazy&apos;." source="com.puppycrawl.tools.checkstyle.checks.imports.CustomImportOrderCheck"/>
<error line="47" column="1" severity="warning" message="Wrong lexicographical order for &apos;java.time.Duration&apos; import. Should be before &apos;org.springframework.context.annotation.Lazy&apos;." source="com.puppycrawl.tools.checkstyle.checks.imports.CustomImportOrderCheck"/>
<error line="48" column="1" severity="warning" message="Wrong lexicographical order for &apos;java.util.concurrent.ScheduledThreadPoolExecutor&apos; import. Should be before &apos;org.springframework.context.annotation.Lazy&apos;." source="com.puppycrawl.tools.checkstyle.checks.imports.CustomImportOrderCheck"/>
<error line="49" column="1" severity="warning" message="Wrong lexicographical order for &apos;java.util.concurrent.locks.ReentrantLock&apos; import. Should be before &apos;org.springframework.context.annotation.Lazy&apos;." source="com.puppycrawl.tools.checkstyle.checks.imports.CustomImportOrderCheck"/>
<error line="65" column="5" severity="warning" message="Missing a Javadoc comment." source="com.puppycrawl.tools.checkstyle.checks.javadoc.MissingJavadocMethodCheck"/>
<error line="76" column="9" severity="warning" message="Distance between variable &apos;app&apos; declaration and its first usage is 4, but allowed 3.  Consider making that variable final if you still need to store its value in advance (before method calls that might have side effects on the original value)." source="com.puppycrawl.tools.checkstyle.checks.coding.VariableDeclarationUsageDistanceCheck"/>
<error line="86" column="5" severity="warning" message="Missing a Javadoc comment." source="com.puppycrawl.tools.checkstyle.checks.javadoc.MissingJavadocMethodCheck"/>
<error line="115" severity="warning" message="Line is longer than 120 characters (found 174)." source="com.puppycrawl.tools.checkstyle.checks.sizes.LineLengthCheck"/>
</file>
<file name="/home/bluefox/Tejas-Backups/rm_ems_1_1_m/rn-ems/src/vesCollector/src/test/java/org/onap/dcae/restapi/VesRestControllerTest.java">
<error line="55" column="1" severity="warning" message="Extra separation in import group before &apos;java.io.FileReader&apos;" source="com.puppycrawl.tools.checkstyle.checks.imports.CustomImportOrderCheck"/>
<error line="55" column="1" severity="warning" message="Wrong lexicographical order for &apos;java.io.FileReader&apos; import. Should be before &apos;org.springframework.web.context.request.ServletRequestAttributes&apos;." source="com.puppycrawl.tools.checkstyle.checks.imports.CustomImportOrderCheck"/>
<error line="56" column="1" severity="warning" message="Wrong lexicographical order for &apos;java.io.IOException&apos; import. Should be before &apos;org.springframework.web.context.request.ServletRequestAttributes&apos;." source="com.puppycrawl.tools.checkstyle.checks.imports.CustomImportOrderCheck"/>
<error line="57" column="1" severity="warning" message="Wrong lexicographical order for &apos;java.lang.reflect.Type&apos; import. Should be before &apos;org.springframework.web.context.request.ServletRequestAttributes&apos;." source="com.puppycrawl.tools.checkstyle.checks.imports.CustomImportOrderCheck"/>
<error line="58" column="1" severity="warning" message="Wrong lexicographical order for &apos;java.util.List&apos; import. Should be before &apos;org.springframework.web.context.request.ServletRequestAttributes&apos;." source="com.puppycrawl.tools.checkstyle.checks.imports.CustomImportOrderCheck"/>
<error line="59" column="1" severity="warning" message="Wrong lexicographical order for &apos;java.util.Map&apos; import. Should be before &apos;org.springframework.web.context.request.ServletRequestAttributes&apos;." source="com.puppycrawl.tools.checkstyle.checks.imports.CustomImportOrderCheck"/>
<error line="60" column="1" severity="warning" message="Wrong lexicographical order for &apos;java.util.stream.Stream&apos; import. Should be before &apos;org.springframework.web.context.request.ServletRequestAttributes&apos;." source="com.puppycrawl.tools.checkstyle.checks.imports.CustomImportOrderCheck"/>
<error line="62" column="1" severity="warning" message="Import statement for &apos;org.assertj.core.api.Assertions.assertThat&apos; is in the wrong order. Should be in the &apos;STATIC&apos; group, expecting not assigned imports on this line." source="com.puppycrawl.tools.checkstyle.checks.imports.CustomImportOrderCheck"/>
<error line="63" column="1" severity="warning" message="Import statement for &apos;org.junit.jupiter.params.provider.Arguments.arguments&apos; is in the wrong order. Should be in the &apos;STATIC&apos; group, expecting not assigned imports on this line." source="com.puppycrawl.tools.checkstyle.checks.imports.CustomImportOrderCheck"/>
<error line="64" column="1" severity="warning" message="Import statement for &apos;org.mockito.ArgumentMatchers.any&apos; is in the wrong order. Should be in the &apos;STATIC&apos; group, expecting not assigned imports on this line." source="com.puppycrawl.tools.checkstyle.checks.imports.CustomImportOrderCheck"/>
<error line="65" column="1" severity="warning" message="Import statement for &apos;org.mockito.ArgumentMatchers.anyString&apos; is in the wrong order. Should be in the &apos;STATIC&apos; group, expecting not assigned imports on this line." source="com.puppycrawl.tools.checkstyle.checks.imports.CustomImportOrderCheck"/>
<error line="66" column="1" severity="warning" message="Import statement for &apos;org.mockito.ArgumentMatchers.eq&apos; is in the wrong order. Should be in the &apos;STATIC&apos; group, expecting not assigned imports on this line." source="com.puppycrawl.tools.checkstyle.checks.imports.CustomImportOrderCheck"/>
<error line="67" column="1" severity="warning" message="Import statement for &apos;org.mockito.Mockito.never&apos; is in the wrong order. Should be in the &apos;STATIC&apos; group, expecting not assigned imports on this line." source="com.puppycrawl.tools.checkstyle.checks.imports.CustomImportOrderCheck"/>
<error line="68" column="1" severity="warning" message="Import statement for &apos;org.mockito.Mockito.times&apos; is in the wrong order. Should be in the &apos;STATIC&apos; group, expecting not assigned imports on this line." source="com.puppycrawl.tools.checkstyle.checks.imports.CustomImportOrderCheck"/>
<error line="69" column="1" severity="warning" message="Import statement for &apos;org.mockito.Mockito.verify&apos; is in the wrong order. Should be in the &apos;STATIC&apos; group, expecting not assigned imports on this line." source="com.puppycrawl.tools.checkstyle.checks.imports.CustomImportOrderCheck"/>
<error line="70" column="1" severity="warning" message="Import statement for &apos;org.mockito.Mockito.when&apos; is in the wrong order. Should be in the &apos;STATIC&apos; group, expecting not assigned imports on this line." source="com.puppycrawl.tools.checkstyle.checks.imports.CustomImportOrderCheck"/>
<error line="103" column="17" severity="warning" message="WhitespaceAround: &apos;{&apos; is not preceded with whitespace." source="com.puppycrawl.tools.checkstyle.checks.whitespace.WhitespaceAroundCheck"/>
<error line="163" column="57" severity="warning" message="&apos;,&apos; is not followed by whitespace." source="com.puppycrawl.tools.checkstyle.checks.whitespace.WhitespaceAfterCheck"/>
<error line="184" column="47" severity="warning" message="&apos;,&apos; is not followed by whitespace." source="com.puppycrawl.tools.checkstyle.checks.whitespace.WhitespaceAfterCheck"/>
<error line="313" column="51" severity="warning" message="&apos;,&apos; is not followed by whitespace." source="com.puppycrawl.tools.checkstyle.checks.whitespace.WhitespaceAfterCheck"/>
<error line="319" severity="warning" message="Line is longer than 120 characters (found 138)." source="com.puppycrawl.tools.checkstyle.checks.sizes.LineLengthCheck"/>
<error line="319" column="76" severity="warning" message="&apos;,&apos; is not followed by whitespace." source="com.puppycrawl.tools.checkstyle.checks.whitespace.WhitespaceAfterCheck"/>
<error line="319" column="96" severity="warning" message="&apos;,&apos; is not followed by whitespace." source="com.puppycrawl.tools.checkstyle.checks.whitespace.WhitespaceAfterCheck"/>
<error line="337" column="37" severity="warning" message="&apos;,&apos; is not followed by whitespace." source="com.puppycrawl.tools.checkstyle.checks.whitespace.WhitespaceAfterCheck"/>
<error line="343" column="62" severity="warning" message="&apos;,&apos; is not followed by whitespace." source="com.puppycrawl.tools.checkstyle.checks.whitespace.WhitespaceAfterCheck"/>
<error line="344" column="74" severity="warning" message="&apos;,&apos; is not followed by whitespace." source="com.puppycrawl.tools.checkstyle.checks.whitespace.WhitespaceAfterCheck"/>
<error line="345" column="78" severity="warning" message="&apos;,&apos; is not followed by whitespace." source="com.puppycrawl.tools.checkstyle.checks.whitespace.WhitespaceAfterCheck"/>
<error line="346" column="86" severity="warning" message="&apos;,&apos; is not followed by whitespace." source="com.puppycrawl.tools.checkstyle.checks.whitespace.WhitespaceAfterCheck"/>
<error line="347" column="66" severity="warning" message="&apos;,&apos; is not followed by whitespace." source="com.puppycrawl.tools.checkstyle.checks.whitespace.WhitespaceAfterCheck"/>
<error line="348" column="82" severity="warning" message="&apos;,&apos; is not followed by whitespace." source="com.puppycrawl.tools.checkstyle.checks.whitespace.WhitespaceAfterCheck"/>
<error line="349" column="74" severity="warning" message="&apos;,&apos; is not followed by whitespace." source="com.puppycrawl.tools.checkstyle.checks.whitespace.WhitespaceAfterCheck"/>
<error line="359" severity="warning" message="Line is longer than 120 characters (found 140)." source="com.puppycrawl.tools.checkstyle.checks.sizes.LineLengthCheck"/>
<error line="365" severity="warning" message="Line is longer than 120 characters (found 191)." source="com.puppycrawl.tools.checkstyle.checks.sizes.LineLengthCheck"/>
<error line="367" column="40" severity="warning" message="&apos;typecast&apos; is not followed by whitespace." source="com.puppycrawl.tools.checkstyle.checks.whitespace.WhitespaceAfterCheck"/>
<error line="368" column="40" severity="warning" message="&apos;typecast&apos; is not followed by whitespace." source="com.puppycrawl.tools.checkstyle.checks.whitespace.WhitespaceAfterCheck"/>
<error line="369" column="46" severity="warning" message="&apos;typecast&apos; is not followed by whitespace." source="com.puppycrawl.tools.checkstyle.checks.whitespace.WhitespaceAfterCheck"/>
<error line="372" severity="warning" message="Line is longer than 120 characters (found 137)." source="com.puppycrawl.tools.checkstyle.checks.sizes.LineLengthCheck"/>
<error line="375" column="43" severity="warning" message="&apos;,&apos; is not followed by whitespace." source="com.puppycrawl.tools.checkstyle.checks.whitespace.WhitespaceAfterCheck"/>
<error line="391" severity="warning" message="Line is longer than 120 characters (found 122)." source="com.puppycrawl.tools.checkstyle.checks.sizes.LineLengthCheck"/>
<error line="419" column="14" severity="warning" message="Abbreviation in name &apos;EVENT_TRANSFORM_LIST_TYPE&apos; must contain no more than &apos;2&apos; consecutive capital letters." source="com.puppycrawl.tools.checkstyle.checks.naming.AbbreviationAsWordInNameCheck"/>
<error line="419" column="14" severity="warning" message="Local variable name &apos;EVENT_TRANSFORM_LIST_TYPE&apos; must match pattern &apos;^[a-z]([a-z0-9][a-zA-Z0-9]*)?$&apos;." source="com.puppycrawl.tools.checkstyle.checks.naming.LocalVariableNameCheck"/>
</file>
<file name="/home/bluefox/Tejas-Backups/rm_ems_1_1_m/rn-ems/src/vesCollector/src/test/java/org/onap/dcae/restapi/WebMvcConfigTest.java">
<error line="35" column="1" severity="warning" message="Extra separation in import group before &apos;java.lang.reflect.Field&apos;" source="com.puppycrawl.tools.checkstyle.checks.imports.CustomImportOrderCheck"/>
<error line="35" column="1" severity="warning" message="Wrong lexicographical order for &apos;java.lang.reflect.Field&apos; import. Should be before &apos;org.springframework.web.servlet.view.UrlBasedViewResolver&apos;." source="com.puppycrawl.tools.checkstyle.checks.imports.CustomImportOrderCheck"/>
<error line="37" column="1" severity="warning" message="Import statement for &apos;org.mockito.Mockito.verify&apos; is in the wrong order. Should be in the &apos;STATIC&apos; group, expecting not assigned imports on this line." source="com.puppycrawl.tools.checkstyle.checks.imports.CustomImportOrderCheck"/>
<error line="38" column="1" severity="warning" message="Import statement for &apos;org.mockito.Mockito.when&apos; is in the wrong order. Should be in the &apos;STATIC&apos; group, expecting not assigned imports on this line." source="com.puppycrawl.tools.checkstyle.checks.imports.CustomImportOrderCheck"/>
<error line="39" column="1" severity="warning" message="Import statement for &apos;org.onap.dcae.restapi.WebMvcConfig.PREFIX&apos; is in the wrong order. Should be in the &apos;STATIC&apos; group, expecting not assigned imports on this line." source="com.puppycrawl.tools.checkstyle.checks.imports.CustomImportOrderCheck"/>
<error line="40" column="1" severity="warning" message="Import statement for &apos;org.onap.dcae.restapi.WebMvcConfig.SUFFIX&apos; is in the wrong order. Should be in the &apos;STATIC&apos; group, expecting not assigned imports on this line." source="com.puppycrawl.tools.checkstyle.checks.imports.CustomImportOrderCheck"/>
<error line="41" column="1" severity="warning" message="Import statement for &apos;org.onap.dcae.restapi.WebMvcConfig.SWAGGER_CLASSPATH_RESOURCES&apos; is in the wrong order. Should be in the &apos;STATIC&apos; group, expecting not assigned imports on this line." source="com.puppycrawl.tools.checkstyle.checks.imports.CustomImportOrderCheck"/>
<error line="42" column="1" severity="warning" message="Import statement for &apos;org.onap.dcae.restapi.WebMvcConfig.SWAGGER_PATH_PATTERN&apos; is in the wrong order. Should be in the &apos;STATIC&apos; group, expecting not assigned imports on this line." source="com.puppycrawl.tools.checkstyle.checks.imports.CustomImportOrderCheck"/>
<error line="43" column="1" severity="warning" message="Import statement for &apos;org.onap.dcae.restapi.WebMvcConfig.TEMPLATES_CLASSPATH_RESOURCES&apos; is in the wrong order. Should be in the &apos;STATIC&apos; group, expecting not assigned imports on this line." source="com.puppycrawl.tools.checkstyle.checks.imports.CustomImportOrderCheck"/>
<error line="44" column="1" severity="warning" message="Import statement for &apos;org.onap.dcae.restapi.WebMvcConfig.TEMPLATES_PATTERN&apos; is in the wrong order. Should be in the &apos;STATIC&apos; group, expecting not assigned imports on this line." source="com.puppycrawl.tools.checkstyle.checks.imports.CustomImportOrderCheck"/>
<error line="45" column="1" severity="warning" message="Import statement for &apos;org.onap.dcae.restapi.WebMvcConfig.WEBJARS_CLASSPATH_RESOURCES&apos; is in the wrong order. Should be in the &apos;STATIC&apos; group, expecting not assigned imports on this line." source="com.puppycrawl.tools.checkstyle.checks.imports.CustomImportOrderCheck"/>
<error line="46" column="1" severity="warning" message="Import statement for &apos;org.onap.dcae.restapi.WebMvcConfig.WEBJARS_PATH_PATTERN&apos; is in the wrong order. Should be in the &apos;STATIC&apos; group, expecting not assigned imports on this line." source="com.puppycrawl.tools.checkstyle.checks.imports.CustomImportOrderCheck"/>
<error line="73" severity="warning" message="Line is longer than 120 characters (found 122)." source="com.puppycrawl.tools.checkstyle.checks.sizes.LineLengthCheck"/>
<error line="88" severity="warning" message="Line is longer than 120 characters (found 182)." source="com.puppycrawl.tools.checkstyle.checks.sizes.LineLengthCheck"/>
<error line="93" severity="warning" message="Line is longer than 120 characters (found 181)." source="com.puppycrawl.tools.checkstyle.checks.sizes.LineLengthCheck"/>
<error line="94" column="68" severity="warning" message="&apos;.&apos; should be on a new line." source="SeparatorWrapDot"/>
</file>
<file name="/home/bluefox/Tejas-Backups/rm_ems_1_1_m/rn-ems/src/vesCollector/src/test/java/org/onap/dcae/restapi/ApiAuthInterceptionTest.java">
<error line="35" column="1" severity="warning" message="Extra separation in import group before &apos;javax.servlet.http.HttpServletRequest&apos;" source="com.puppycrawl.tools.checkstyle.checks.imports.CustomImportOrderCheck"/>
<error line="35" column="1" severity="warning" message="Wrong lexicographical order for &apos;javax.servlet.http.HttpServletRequest&apos; import. Should be before &apos;org.springframework.test.web.servlet.request.MockMvcRequestBuilders&apos;." source="com.puppycrawl.tools.checkstyle.checks.imports.CustomImportOrderCheck"/>
<error line="36" column="1" severity="warning" message="Wrong lexicographical order for &apos;javax.servlet.http.HttpServletResponse&apos; import. Should be before &apos;org.springframework.test.web.servlet.request.MockMvcRequestBuilders&apos;." source="com.puppycrawl.tools.checkstyle.checks.imports.CustomImportOrderCheck"/>
<error line="37" column="1" severity="warning" message="Wrong lexicographical order for &apos;java.io.IOException&apos; import. Should be before &apos;org.springframework.test.web.servlet.request.MockMvcRequestBuilders&apos;." source="com.puppycrawl.tools.checkstyle.checks.imports.CustomImportOrderCheck"/>
<error line="38" column="1" severity="warning" message="Wrong lexicographical order for &apos;java.io.PrintWriter&apos; import. Should be before &apos;org.springframework.test.web.servlet.request.MockMvcRequestBuilders&apos;." source="com.puppycrawl.tools.checkstyle.checks.imports.CustomImportOrderCheck"/>
<error line="40" column="1" severity="warning" message="Import statement for &apos;org.junit.Assert.assertFalse&apos; is in the wrong order. Should be in the &apos;STATIC&apos; group, expecting not assigned imports on this line." source="com.puppycrawl.tools.checkstyle.checks.imports.CustomImportOrderCheck"/>
<error line="41" column="1" severity="warning" message="Import statement for &apos;org.junit.Assert.assertTrue&apos; is in the wrong order. Should be in the &apos;STATIC&apos; group, expecting not assigned imports on this line." source="com.puppycrawl.tools.checkstyle.checks.imports.CustomImportOrderCheck"/>
<error line="42" column="1" severity="warning" message="Import statement for &apos;org.mockito.Mockito.verify&apos; is in the wrong order. Should be in the &apos;STATIC&apos; group, expecting not assigned imports on this line." source="com.puppycrawl.tools.checkstyle.checks.imports.CustomImportOrderCheck"/>
<error line="43" column="1" severity="warning" message="Import statement for &apos;org.mockito.Mockito.when&apos; is in the wrong order. Should be in the &apos;STATIC&apos; group, expecting not assigned imports on this line." source="com.puppycrawl.tools.checkstyle.checks.imports.CustomImportOrderCheck"/>
<error line="47" column="3" severity="warning" message="&apos;member def modifier&apos; has incorrect indentation level 2, expected level should be 4." source="com.puppycrawl.tools.checkstyle.checks.indentation.IndentationCheck"/>
<error line="48" column="3" severity="warning" message="&apos;member def modifier&apos; has incorrect indentation level 2, expected level should be 4." source="com.puppycrawl.tools.checkstyle.checks.indentation.IndentationCheck"/>
<error line="49" column="3" severity="warning" message="&apos;member def modifier&apos; has incorrect indentation level 2, expected level should be 4." source="com.puppycrawl.tools.checkstyle.checks.indentation.IndentationCheck"/>
<error line="51" column="3" severity="warning" message="&apos;member def modifier&apos; has incorrect indentation level 2, expected level should be 4." source="com.puppycrawl.tools.checkstyle.checks.indentation.IndentationCheck"/>
<error line="54" column="3" severity="warning" message="&apos;member def modifier&apos; has incorrect indentation level 2, expected level should be 4." source="com.puppycrawl.tools.checkstyle.checks.indentation.IndentationCheck"/>
<error line="57" column="3" severity="warning" message="&apos;member def modifier&apos; has incorrect indentation level 2, expected level should be 4." source="com.puppycrawl.tools.checkstyle.checks.indentation.IndentationCheck"/>
<error line="60" column="3" severity="warning" message="&apos;member def modifier&apos; has incorrect indentation level 2, expected level should be 4." source="com.puppycrawl.tools.checkstyle.checks.indentation.IndentationCheck"/>
<error line="63" column="3" severity="warning" message="&apos;member def modifier&apos; has incorrect indentation level 2, expected level should be 4." source="com.puppycrawl.tools.checkstyle.checks.indentation.IndentationCheck"/>
<error line="66" column="3" severity="warning" message="&apos;member def modifier&apos; has incorrect indentation level 2, expected level should be 4." source="com.puppycrawl.tools.checkstyle.checks.indentation.IndentationCheck"/>
<error line="70" column="3" severity="warning" message="&apos;method def modifier&apos; has incorrect indentation level 2, expected level should be 4." source="com.puppycrawl.tools.checkstyle.checks.indentation.IndentationCheck"/>
<error line="73" column="5" severity="warning" message="&apos;method def&apos; child has incorrect indentation level 4, expected level should be 8." source="com.puppycrawl.tools.checkstyle.checks.indentation.IndentationCheck"/>
<error line="75" column="5" severity="warning" message="&apos;method def&apos; child has incorrect indentation level 4, expected level should be 8." source="com.puppycrawl.tools.checkstyle.checks.indentation.IndentationCheck"/>
<error line="78" column="5" severity="warning" message="&apos;method def&apos; child has incorrect indentation level 4, expected level should be 8." source="com.puppycrawl.tools.checkstyle.checks.indentation.IndentationCheck"/>
<error line="81" column="5" severity="warning" message="&apos;method def&apos; child has incorrect indentation level 4, expected level should be 8." source="com.puppycrawl.tools.checkstyle.checks.indentation.IndentationCheck"/>
<error line="82" column="3" severity="warning" message="&apos;method def rcurly&apos; has incorrect indentation level 2, expected level should be 4." source="com.puppycrawl.tools.checkstyle.checks.indentation.IndentationCheck"/>
<error line="84" column="3" severity="warning" message="&apos;method def modifier&apos; has incorrect indentation level 2, expected level should be 4." source="com.puppycrawl.tools.checkstyle.checks.indentation.IndentationCheck"/>
<error line="87" column="5" severity="warning" message="&apos;method def&apos; child has incorrect indentation level 4, expected level should be 8." source="com.puppycrawl.tools.checkstyle.checks.indentation.IndentationCheck"/>
<error line="89" column="5" severity="warning" message="&apos;method def&apos; child has incorrect indentation level 4, expected level should be 8." source="com.puppycrawl.tools.checkstyle.checks.indentation.IndentationCheck"/>
<error line="90" column="5" severity="warning" message="&apos;method def&apos; child has incorrect indentation level 4, expected level should be 8." source="com.puppycrawl.tools.checkstyle.checks.indentation.IndentationCheck"/>
<error line="92" column="5" severity="warning" message="&apos;method def&apos; child has incorrect indentation level 4, expected level should be 8." source="com.puppycrawl.tools.checkstyle.checks.indentation.IndentationCheck"/>
<error line="95" column="5" severity="warning" message="&apos;method def&apos; child has incorrect indentation level 4, expected level should be 8." source="com.puppycrawl.tools.checkstyle.checks.indentation.IndentationCheck"/>
<error line="96" column="3" severity="warning" message="&apos;method def rcurly&apos; has incorrect indentation level 2, expected level should be 4." source="com.puppycrawl.tools.checkstyle.checks.indentation.IndentationCheck"/>
<error line="98" column="3" severity="warning" message="&apos;method def modifier&apos; has incorrect indentation level 2, expected level should be 4." source="com.puppycrawl.tools.checkstyle.checks.indentation.IndentationCheck"/>
<error line="101" column="5" severity="warning" message="&apos;method def&apos; child has incorrect indentation level 4, expected level should be 8." source="com.puppycrawl.tools.checkstyle.checks.indentation.IndentationCheck"/>
<error line="103" column="5" severity="warning" message="&apos;method def&apos; child has incorrect indentation level 4, expected level should be 8." source="com.puppycrawl.tools.checkstyle.checks.indentation.IndentationCheck"/>
<error line="104" column="5" severity="warning" message="&apos;method def&apos; child has incorrect indentation level 4, expected level should be 8." source="com.puppycrawl.tools.checkstyle.checks.indentation.IndentationCheck"/>
<error line="105" column="5" severity="warning" message="&apos;method def&apos; child has incorrect indentation level 4, expected level should be 8." source="com.puppycrawl.tools.checkstyle.checks.indentation.IndentationCheck"/>
<error line="108" column="5" severity="warning" message="&apos;method def&apos; child has incorrect indentation level 4, expected level should be 8." source="com.puppycrawl.tools.checkstyle.checks.indentation.IndentationCheck"/>
<error line="111" column="5" severity="warning" message="&apos;method def&apos; child has incorrect indentation level 4, expected level should be 8." source="com.puppycrawl.tools.checkstyle.checks.indentation.IndentationCheck"/>
<error line="112" column="5" severity="warning" message="&apos;method def&apos; child has incorrect indentation level 4, expected level should be 8." source="com.puppycrawl.tools.checkstyle.checks.indentation.IndentationCheck"/>
<error line="113" column="3" severity="warning" message="&apos;method def rcurly&apos; has incorrect indentation level 2, expected level should be 4." source="com.puppycrawl.tools.checkstyle.checks.indentation.IndentationCheck"/>
<error line="115" column="3" severity="warning" message="&apos;method def modifier&apos; has incorrect indentation level 2, expected level should be 4." source="com.puppycrawl.tools.checkstyle.checks.indentation.IndentationCheck"/>
<error line="118" column="5" severity="warning" message="&apos;method def&apos; child has incorrect indentation level 4, expected level should be 8." source="com.puppycrawl.tools.checkstyle.checks.indentation.IndentationCheck"/>
<error line="120" column="5" severity="warning" message="&apos;method def&apos; child has incorrect indentation level 4, expected level should be 8." source="com.puppycrawl.tools.checkstyle.checks.indentation.IndentationCheck"/>
<error line="121" column="5" severity="warning" message="&apos;method def&apos; child has incorrect indentation level 4, expected level should be 8." source="com.puppycrawl.tools.checkstyle.checks.indentation.IndentationCheck"/>
<error line="122" column="5" severity="warning" message="&apos;method def&apos; child has incorrect indentation level 4, expected level should be 8." source="com.puppycrawl.tools.checkstyle.checks.indentation.IndentationCheck"/>
<error line="125" column="5" severity="warning" message="&apos;method def&apos; child has incorrect indentation level 4, expected level should be 8." source="com.puppycrawl.tools.checkstyle.checks.indentation.IndentationCheck"/>
<error line="128" column="5" severity="warning" message="&apos;method def&apos; child has incorrect indentation level 4, expected level should be 8." source="com.puppycrawl.tools.checkstyle.checks.indentation.IndentationCheck"/>
<error line="129" column="5" severity="warning" message="&apos;method def&apos; child has incorrect indentation level 4, expected level should be 8." source="com.puppycrawl.tools.checkstyle.checks.indentation.IndentationCheck"/>
<error line="130" column="3" severity="warning" message="&apos;method def rcurly&apos; has incorrect indentation level 2, expected level should be 4." source="com.puppycrawl.tools.checkstyle.checks.indentation.IndentationCheck"/>
<error line="132" column="3" severity="warning" message="&apos;method def modifier&apos; has incorrect indentation level 2, expected level should be 4." source="com.puppycrawl.tools.checkstyle.checks.indentation.IndentationCheck"/>
<error line="133" column="5" severity="warning" message="&apos;method def&apos; child has incorrect indentation level 4, expected level should be 8." source="com.puppycrawl.tools.checkstyle.checks.indentation.IndentationCheck"/>
<error line="136" column="3" severity="warning" message="&apos;method def rcurly&apos; has incorrect indentation level 2, expected level should be 4." source="com.puppycrawl.tools.checkstyle.checks.indentation.IndentationCheck"/>
<error line="138" column="3" severity="warning" message="&apos;method def modifier&apos; has incorrect indentation level 2, expected level should be 4." source="com.puppycrawl.tools.checkstyle.checks.indentation.IndentationCheck"/>
<error line="139" column="5" severity="warning" message="&apos;method def&apos; child has incorrect indentation level 4, expected level should be 8." source="com.puppycrawl.tools.checkstyle.checks.indentation.IndentationCheck"/>
<error line="142" column="5" severity="warning" message="&apos;method def&apos; child has incorrect indentation level 4, expected level should be 8." source="com.puppycrawl.tools.checkstyle.checks.indentation.IndentationCheck"/>
<error line="143" column="5" severity="warning" message="&apos;method def&apos; child has incorrect indentation level 4, expected level should be 8." source="com.puppycrawl.tools.checkstyle.checks.indentation.IndentationCheck"/>
<error line="144" column="5" severity="warning" message="&apos;method def&apos; child has incorrect indentation level 4, expected level should be 8." source="com.puppycrawl.tools.checkstyle.checks.indentation.IndentationCheck"/>
<error line="145" column="3" severity="warning" message="&apos;method def rcurly&apos; has incorrect indentation level 2, expected level should be 4." source="com.puppycrawl.tools.checkstyle.checks.indentation.IndentationCheck"/>
</file>
<file name="/home/bluefox/Tejas-Backups/rm_ems_1_1_m/rn-ems/src/vesCollector/src/test/java/org/onap/dcae/ApplicationSettingsTest.java">
<error line="32" column="1" severity="warning" message="Extra separation in import group before &apos;java.io.File&apos;" source="com.puppycrawl.tools.checkstyle.checks.imports.CustomImportOrderCheck"/>
<error line="32" column="1" severity="warning" message="Wrong lexicographical order for &apos;java.io.File&apos; import. Should be before &apos;org.junit.Test&apos;." source="com.puppycrawl.tools.checkstyle.checks.imports.CustomImportOrderCheck"/>
<error line="33" column="1" severity="warning" message="Wrong lexicographical order for &apos;java.io.IOException&apos; import. Should be before &apos;org.junit.Test&apos;." source="com.puppycrawl.tools.checkstyle.checks.imports.CustomImportOrderCheck"/>
<error line="34" column="1" severity="warning" message="Wrong lexicographical order for &apos;java.nio.file.Files&apos; import. Should be before &apos;org.junit.Test&apos;." source="com.puppycrawl.tools.checkstyle.checks.imports.CustomImportOrderCheck"/>
<error line="35" column="1" severity="warning" message="Wrong lexicographical order for &apos;java.nio.file.Path&apos; import. Should be before &apos;org.junit.Test&apos;." source="com.puppycrawl.tools.checkstyle.checks.imports.CustomImportOrderCheck"/>
<error line="36" column="1" severity="warning" message="Wrong lexicographical order for &apos;java.nio.file.Paths&apos; import. Should be before &apos;org.junit.Test&apos;." source="com.puppycrawl.tools.checkstyle.checks.imports.CustomImportOrderCheck"/>
<error line="37" column="1" severity="warning" message="Wrong lexicographical order for &apos;java.util.Arrays&apos; import. Should be before &apos;org.junit.Test&apos;." source="com.puppycrawl.tools.checkstyle.checks.imports.CustomImportOrderCheck"/>
<error line="38" column="1" severity="warning" message="Wrong lexicographical order for &apos;java.util.Objects&apos; import. Should be before &apos;org.junit.Test&apos;." source="com.puppycrawl.tools.checkstyle.checks.imports.CustomImportOrderCheck"/>
<error line="40" column="1" severity="warning" message="Import statement for &apos;java.util.Collections.singletonList&apos; is in the wrong order. Should be in the &apos;STATIC&apos; group, expecting not assigned imports on this line." source="com.puppycrawl.tools.checkstyle.checks.imports.CustomImportOrderCheck"/>
<error line="41" column="1" severity="warning" message="Import statement for &apos;org.junit.Assert.assertEquals&apos; is in the wrong order. Should be in the &apos;STATIC&apos; group, expecting not assigned imports on this line." source="com.puppycrawl.tools.checkstyle.checks.imports.CustomImportOrderCheck"/>
<error line="42" column="1" severity="warning" message="Import statement for &apos;org.junit.Assert.assertTrue&apos; is in the wrong order. Should be in the &apos;STATIC&apos; group, expecting not assigned imports on this line." source="com.puppycrawl.tools.checkstyle.checks.imports.CustomImportOrderCheck"/>
<error line="43" column="1" severity="warning" message="Import statement for &apos;org.junit.Assert.assertFalse&apos; is in the wrong order. Should be in the &apos;STATIC&apos; group, expecting not assigned imports on this line." source="com.puppycrawl.tools.checkstyle.checks.imports.CustomImportOrderCheck"/>
<error line="44" column="1" severity="warning" message="Import statement for &apos;org.junit.Assert.assertNull&apos; is in the wrong order. Should be in the &apos;STATIC&apos; group, expecting not assigned imports on this line." source="com.puppycrawl.tools.checkstyle.checks.imports.CustomImportOrderCheck"/>
<error line="45" column="1" severity="warning" message="Import statement for &apos;org.onap.dcae.CLIUtils.processCmdLine&apos; is in the wrong order. Should be in the &apos;STATIC&apos; group, expecting not assigned imports on this line." source="com.puppycrawl.tools.checkstyle.checks.imports.CustomImportOrderCheck"/>
<error line="46" column="1" severity="warning" message="Import statement for &apos;org.onap.dcae.TestingUtilities.createTemporaryFile&apos; is in the wrong order. Should be in the &apos;STATIC&apos; group, expecting not assigned imports on this line." source="com.puppycrawl.tools.checkstyle.checks.imports.CustomImportOrderCheck"/>
<error line="58" column="17" severity="warning" message="Abbreviation in name &apos;shouldMakeApplicationSettingsOutOfCLIArguments&apos; must contain no more than &apos;2&apos; consecutive capital letters." source="com.puppycrawl.tools.checkstyle.checks.naming.AbbreviationAsWordInNameCheck"/>
<error line="73" column="17" severity="warning" message="Abbreviation in name &apos;shouldMakeApplicationSettingsOutOfCLIArgumentsAndAConfigurationFile&apos; must contain no more than &apos;2&apos; consecutive capital letters." source="com.puppycrawl.tools.checkstyle.checks.naming.AbbreviationAsWordInNameCheck"/>
<error line="86" column="9" severity="warning" message="Distance between variable &apos;fromFileParam2Value&apos; declaration and its first usage is 4, but allowed 3.  Consider making that variable final if you still need to store its value in advance (before method calls that might have side effects on the original value)." source="com.puppycrawl.tools.checkstyle.checks.coding.VariableDeclarationUsageDistanceCheck"/>
<error line="96" column="17" severity="warning" message="Abbreviation in name &apos;shouldCLIArgumentsOverrideConfigFileParameters&apos; must contain no more than &apos;2&apos; consecutive capital letters." source="com.puppycrawl.tools.checkstyle.checks.naming.AbbreviationAsWordInNameCheck"/>
<error line="105" column="16" severity="warning" message="Abbreviation in name &apos;actuallyOverridenByCLIParam&apos; must contain no more than &apos;2&apos; consecutive capital letters." source="com.puppycrawl.tools.checkstyle.checks.naming.AbbreviationAsWordInNameCheck"/>
<error line="112" column="17" severity="warning" message="Abbreviation in name &apos;shouldReturnHTTPPort&apos; must contain no more than &apos;2&apos; consecutive capital letters." source="com.puppycrawl.tools.checkstyle.checks.naming.AbbreviationAsWordInNameCheck"/>
<error line="122" column="17" severity="warning" message="Abbreviation in name &apos;shouldReturnDefaultHTTPPort&apos; must contain no more than &apos;2&apos; consecutive capital letters." source="com.puppycrawl.tools.checkstyle.checks.naming.AbbreviationAsWordInNameCheck"/>
<error line="131" column="17" severity="warning" message="Abbreviation in name &apos;shouldReturnIfHTTPSIsEnabled&apos; must contain no more than &apos;2&apos; consecutive capital letters." source="com.puppycrawl.tools.checkstyle.checks.naming.AbbreviationAsWordInNameCheck"/>
<error line="141" column="17" severity="warning" message="Abbreviation in name &apos;shouldReturnIfHTTPIsEnabled&apos; must contain no more than &apos;2&apos; consecutive capital letters." source="com.puppycrawl.tools.checkstyle.checks.naming.AbbreviationAsWordInNameCheck"/>
<error line="149" column="17" severity="warning" message="Abbreviation in name &apos;shouldByDefaultHTTPSBeDisabled&apos; must contain no more than &apos;2&apos; consecutive capital letters." source="com.puppycrawl.tools.checkstyle.checks.naming.AbbreviationAsWordInNameCheck"/>
<error line="158" column="17" severity="warning" message="Abbreviation in name &apos;shouldReturnHTTPSPort&apos; must contain no more than &apos;2&apos; consecutive capital letters." source="com.puppycrawl.tools.checkstyle.checks.naming.AbbreviationAsWordInNameCheck"/>
<error line="226" column="17" severity="warning" message="Abbreviation in name &apos;shouldReturnDMAAPConfigFileLocation&apos; must contain no more than &apos;2&apos; consecutive capital letters." source="com.puppycrawl.tools.checkstyle.checks.naming.AbbreviationAsWordInNameCheck"/>
<error line="255" column="17" severity="warning" message="Abbreviation in name &apos;shouldReportValidateJSONSchemaErrorWhenJsonContainsIntegerValueNotString&apos; must contain no more than &apos;2&apos; consecutive capital letters." source="com.puppycrawl.tools.checkstyle.checks.naming.AbbreviationAsWordInNameCheck"/>
<error line="272" column="17" severity="warning" message="Abbreviation in name &apos;shouldDoNotReportAnyValidateJSONSchemaError&apos; must contain no more than &apos;2&apos; consecutive capital letters." source="com.puppycrawl.tools.checkstyle.checks.naming.AbbreviationAsWordInNameCheck"/>
<error line="307" column="17" severity="warning" message="Abbreviation in name &apos;shouldReturnDMAAPStreamId&apos; must contain no more than &apos;2&apos; consecutive capital letters." source="com.puppycrawl.tools.checkstyle.checks.naming.AbbreviationAsWordInNameCheck"/>
<error line="326" column="17" severity="warning" message="Abbreviation in name &apos;shouldReturnDefaultDMAAPStreamId&apos; must contain no more than &apos;2&apos; consecutive capital letters." source="com.puppycrawl.tools.checkstyle.checks.naming.AbbreviationAsWordInNameCheck"/>
<error line="358" column="112" severity="warning" message="&apos;.&apos; should be on a new line." source="SeparatorWrapDot"/>
<error line="448" severity="warning" message="Line is longer than 120 characters (found 127)." source="com.puppycrawl.tools.checkstyle.checks.sizes.LineLengthCheck"/>
</file>
<file name="/home/bluefox/Tejas-Backups/rm_ems_1_1_m/rn-ems/src/vesCollector/src/test/java/org/onap/dcae/multiplestreamreducer/MultipleStreamReducerTest.java">
<error line="20" column="1" severity="warning" message="&apos;package&apos; should be separated from previous statement." source="com.puppycrawl.tools.checkstyle.checks.whitespace.EmptyLineSeparatorCheck"/>
<error line="26" column="1" severity="warning" message="Import statement for &apos;org.junit.jupiter.api.Assertions.*&apos; is in the wrong order. Should be in the &apos;STATIC&apos; group, expecting not assigned imports on this line." source="com.puppycrawl.tools.checkstyle.checks.imports.CustomImportOrderCheck"/>
<error line="26" column="47" severity="warning" message="Using the &apos;.*&apos; form of import should be avoided - org.junit.jupiter.api.Assertions.*." source="com.puppycrawl.tools.checkstyle.checks.imports.AvoidStarImportCheck"/>
<error line="58" column="64" severity="warning" message="&apos;+&apos; should be on a new line." source="com.puppycrawl.tools.checkstyle.checks.whitespace.OperatorWrapCheck"/>
<error line="59" column="63" severity="warning" message="&apos;+&apos; should be on a new line." source="com.puppycrawl.tools.checkstyle.checks.whitespace.OperatorWrapCheck"/>
<error line="63" severity="warning" message="Line is longer than 120 characters (found 122)." source="com.puppycrawl.tools.checkstyle.checks.sizes.LineLengthCheck"/>
</file>
<file name="/home/bluefox/Tejas-Backups/rm_ems_1_1_m/rn-ems/src/vesCollector/src/test/java/org/onap/dcae/FileReader.java">
<error line="27" column="1" severity="warning" message="Extra separation in import group before &apos;java.io.IOException&apos;" source="com.puppycrawl.tools.checkstyle.checks.imports.CustomImportOrderCheck"/>
<error line="27" column="1" severity="warning" message="Wrong lexicographical order for &apos;java.io.IOException&apos; import. Should be before &apos;org.slf4j.LoggerFactory&apos;." source="com.puppycrawl.tools.checkstyle.checks.imports.CustomImportOrderCheck"/>
<error line="28" column="1" severity="warning" message="Wrong lexicographical order for &apos;java.nio.file.Files&apos; import. Should be before &apos;org.slf4j.LoggerFactory&apos;." source="com.puppycrawl.tools.checkstyle.checks.imports.CustomImportOrderCheck"/>
<error line="29" column="1" severity="warning" message="Wrong lexicographical order for &apos;java.nio.file.Paths&apos; import. Should be before &apos;org.slf4j.LoggerFactory&apos;." source="com.puppycrawl.tools.checkstyle.checks.imports.CustomImportOrderCheck"/>
<error line="39" column="5" severity="warning" message="Missing a Javadoc comment." source="com.puppycrawl.tools.checkstyle.checks.javadoc.MissingJavadocMethodCheck"/>
</file>
<file name="/home/bluefox/Tejas-Backups/rm_ems_1_1_m/rn-ems/src/vesCollector/src/test/java/org/onap/dcae/CLIUtilsTest.java">
<error line="27" column="1" severity="warning" message="Import statement for &apos;org.assertj.core.api.Assertions.assertThat&apos; is in the wrong order. Should be in the &apos;STATIC&apos; group, expecting not assigned imports on this line." source="com.puppycrawl.tools.checkstyle.checks.imports.CustomImportOrderCheck"/>
<error line="29" column="14" severity="warning" message="Abbreviation in name &apos;CLIUtilsTest&apos; must contain no more than &apos;2&apos; consecutive capital letters." source="com.puppycrawl.tools.checkstyle.checks.naming.AbbreviationAsWordInNameCheck"/>
</file>
<file name="/home/bluefox/Tejas-Backups/rm_ems_1_1_m/rn-ems/src/vesCollector/src/test/java/org/onap/dcae/ApplicationConfigurationListenerTest.java">
<error line="20" column="1" severity="warning" message="&apos;package&apos; should be separated from previous statement." source="com.puppycrawl.tools.checkstyle.checks.whitespace.EmptyLineSeparatorCheck"/>
<error line="31" column="1" severity="warning" message="Extra separation in import group before &apos;java.time.Duration&apos;" source="com.puppycrawl.tools.checkstyle.checks.imports.CustomImportOrderCheck"/>
<error line="31" column="1" severity="warning" message="Wrong lexicographical order for &apos;java.time.Duration&apos; import. Should be before &apos;org.onap.dcae.configuration.ConfigurationHandler&apos;." source="com.puppycrawl.tools.checkstyle.checks.imports.CustomImportOrderCheck"/>
<error line="33" column="1" severity="warning" message="Import statement for &apos;org.mockito.ArgumentMatchers.any&apos; is in the wrong order. Should be in the &apos;STATIC&apos; group, expecting not assigned imports on this line." source="com.puppycrawl.tools.checkstyle.checks.imports.CustomImportOrderCheck"/>
<error line="49" column="8" severity="warning" message="&apos;method def&apos; child has incorrect indentation level 7, expected level should be 8." source="com.puppycrawl.tools.checkstyle.checks.indentation.IndentationCheck"/>
<error line="52" column="8" severity="warning" message="&apos;method def&apos; child has incorrect indentation level 7, expected level should be 8." source="com.puppycrawl.tools.checkstyle.checks.indentation.IndentationCheck"/>
<error line="54" column="8" severity="warning" message="Comment has incorrect indentation level 7, expected is 8, indentation should be the same level as line 55." source="com.puppycrawl.tools.checkstyle.checks.indentation.CommentsIndentationCheck"/>
</file>
<file name="/home/bluefox/Tejas-Backups/rm_ems_1_1_m/rn-ems/src/vesCollector/src/test/java/org/onap/dcae/configuration/CbsConfigurationHandlerTest.java">
<error line="20" column="1" severity="warning" message="&apos;package&apos; should be separated from previous statement." source="com.puppycrawl.tools.checkstyle.checks.whitespace.EmptyLineSeparatorCheck"/>
<error line="39" column="1" severity="warning" message="Extra separation in import group before &apos;java.time.Duration&apos;" source="com.puppycrawl.tools.checkstyle.checks.imports.CustomImportOrderCheck"/>
<error line="39" column="1" severity="warning" message="Wrong lexicographical order for &apos;java.time.Duration&apos; import. Should be before &apos;reactor.core.publisher.Mono&apos;." source="com.puppycrawl.tools.checkstyle.checks.imports.CustomImportOrderCheck"/>
<error line="41" column="1" severity="warning" message="Import statement for &apos;org.assertj.core.api.Assertions.assertThat&apos; is in the wrong order. Should be in the &apos;STATIC&apos; group, expecting not assigned imports on this line." source="com.puppycrawl.tools.checkstyle.checks.imports.CustomImportOrderCheck"/>
<error line="42" column="1" severity="warning" message="Import statement for &apos;org.assertj.core.api.Assertions.assertThatThrownBy&apos; is in the wrong order. Should be in the &apos;STATIC&apos; group, expecting not assigned imports on this line." source="com.puppycrawl.tools.checkstyle.checks.imports.CustomImportOrderCheck"/>
<error line="43" column="1" severity="warning" message="Import statement for &apos;org.mockito.ArgumentMatchers.any&apos; is in the wrong order. Should be in the &apos;STATIC&apos; group, expecting not assigned imports on this line." source="com.puppycrawl.tools.checkstyle.checks.imports.CustomImportOrderCheck"/>
<error line="44" column="1" severity="warning" message="Import statement for &apos;org.mockito.Mockito.doReturn&apos; is in the wrong order. Should be in the &apos;STATIC&apos; group, expecting not assigned imports on this line." source="com.puppycrawl.tools.checkstyle.checks.imports.CustomImportOrderCheck"/>
<error line="45" column="1" severity="warning" message="Import statement for &apos;org.mockito.Mockito.never&apos; is in the wrong order. Should be in the &apos;STATIC&apos; group, expecting not assigned imports on this line." source="com.puppycrawl.tools.checkstyle.checks.imports.CustomImportOrderCheck"/>
<error line="46" column="1" severity="warning" message="Import statement for &apos;org.mockito.Mockito.verify&apos; is in the wrong order. Should be in the &apos;STATIC&apos; group, expecting not assigned imports on this line." source="com.puppycrawl.tools.checkstyle.checks.imports.CustomImportOrderCheck"/>
<error line="101" severity="warning" message="Line is longer than 120 characters (found 146)." source="com.puppycrawl.tools.checkstyle.checks.sizes.LineLengthCheck"/>
<error line="107" column="20" severity="warning" message="Abbreviation in name &apos;createJSONObject&apos; must contain no more than &apos;2&apos; consecutive capital letters." source="com.puppycrawl.tools.checkstyle.checks.naming.AbbreviationAsWordInNameCheck"/>
</file>
<file name="/home/bluefox/Tejas-Backups/rm_ems_1_1_m/rn-ems/src/vesCollector/src/test/java/org/onap/dcae/configuration/cbs/CbsClientConfigurationProviderTest.java">
<error line="20" column="1" severity="warning" message="&apos;package&apos; should be separated from previous statement." source="com.puppycrawl.tools.checkstyle.checks.whitespace.EmptyLineSeparatorCheck"/>
</file>
<file name="/home/bluefox/Tejas-Backups/rm_ems_1_1_m/rn-ems/src/vesCollector/src/test/java/org/onap/dcae/configuration/ConfigUpdaterFactoryTest.java">
<error line="20" column="1" severity="warning" message="&apos;package&apos; should be separated from previous statement." source="com.puppycrawl.tools.checkstyle.checks.whitespace.EmptyLineSeparatorCheck"/>
</file>
<file name="/home/bluefox/Tejas-Backups/rm_ems_1_1_m/rn-ems/src/vesCollector/src/test/java/org/onap/dcae/configuration/ConfigParsingTest.java">
<error line="29" column="1" severity="warning" message="Extra separation in import group before &apos;java.nio.file.Paths&apos;" source="com.puppycrawl.tools.checkstyle.checks.imports.CustomImportOrderCheck"/>
<error line="29" column="1" severity="warning" message="Wrong lexicographical order for &apos;java.nio.file.Paths&apos; import. Should be before &apos;org.junit.Test&apos;." source="com.puppycrawl.tools.checkstyle.checks.imports.CustomImportOrderCheck"/>
<error line="31" column="1" severity="warning" message="Import statement for &apos;io.vavr.API.Map&apos; is in the wrong order. Should be in the &apos;STATIC&apos; group, expecting not assigned imports on this line." source="com.puppycrawl.tools.checkstyle.checks.imports.CustomImportOrderCheck"/>
<error line="32" column="1" severity="warning" message="Import statement for &apos;org.assertj.core.api.Assertions.assertThat&apos; is in the wrong order. Should be in the &apos;STATIC&apos; group, expecting not assigned imports on this line." source="com.puppycrawl.tools.checkstyle.checks.imports.CustomImportOrderCheck"/>
<error line="33" column="1" severity="warning" message="Import statement for &apos;org.onap.dcae.TestingUtilities.assertJSONObjectsEqual&apos; is in the wrong order. Should be in the &apos;STATIC&apos; group, expecting not assigned imports on this line." source="com.puppycrawl.tools.checkstyle.checks.imports.CustomImportOrderCheck"/>
<error line="34" column="1" severity="warning" message="Import statement for &apos;org.onap.dcae.TestingUtilities.readJSONFromFile&apos; is in the wrong order. Should be in the &apos;STATIC&apos; group, expecting not assigned imports on this line." source="com.puppycrawl.tools.checkstyle.checks.imports.CustomImportOrderCheck"/>
<error line="40" column="20" severity="warning" message="Local variable name &apos;dMaaPConf&apos; must match pattern &apos;^[a-z]([a-z0-9][a-zA-Z0-9]*)?$&apos;." source="com.puppycrawl.tools.checkstyle.checks.naming.LocalVariableNameCheck"/>
<error line="46" column="28" severity="warning" message="Local variable name &apos;dMaaPConfig&apos; must match pattern &apos;^[a-z]([a-z0-9][a-zA-Z0-9]*)?$&apos;." source="com.puppycrawl.tools.checkstyle.checks.naming.LocalVariableNameCheck"/>
<error line="57" column="28" severity="warning" message="Local variable name &apos;dMaaPConfig&apos; must match pattern &apos;^[a-z]([a-z0-9][a-zA-Z0-9]*)?$&apos;." source="com.puppycrawl.tools.checkstyle.checks.naming.LocalVariableNameCheck"/>
<error line="64" column="20" severity="warning" message="Local variable name &apos;dMaaPConf&apos; must match pattern &apos;^[a-z]([a-z0-9][a-zA-Z0-9]*)?$&apos;." source="com.puppycrawl.tools.checkstyle.checks.naming.LocalVariableNameCheck"/>
</file>
<file name="/home/bluefox/Tejas-Backups/rm_ems_1_1_m/rn-ems/src/vesCollector/src/test/java/org/onap/dcae/configuration/ConfigFilesFacadeTest.java">
<error line="21" column="1" severity="warning" message="&apos;package&apos; should be separated from previous statement." source="com.puppycrawl.tools.checkstyle.checks.whitespace.EmptyLineSeparatorCheck"/>
<error line="70" column="25" severity="warning" message="Local variable name &apos;dMaaPConfiguration&apos; must match pattern &apos;^[a-z]([a-z0-9][a-zA-Z0-9]*)?$&apos;." source="com.puppycrawl.tools.checkstyle.checks.naming.LocalVariableNameCheck"/>
</file>
<file name="/home/bluefox/Tejas-Backups/rm_ems_1_1_m/rn-ems/src/vesCollector/src/test/java/org/onap/dcae/configuration/ConfigLoaderTest.java">
<error line="20" column="1" severity="warning" message="&apos;package&apos; should be separated from previous statement." source="com.puppycrawl.tools.checkstyle.checks.whitespace.EmptyLineSeparatorCheck"/>
<error line="35" column="1" severity="warning" message="Wrong lexicographical order for &apos;io.vavr.control.Option&apos; import. Should be before &apos;java.nio.file.Paths&apos;." source="com.puppycrawl.tools.checkstyle.checks.imports.CustomImportOrderCheck"/>
</file>
<file name="/home/bluefox/Tejas-Backups/rm_ems_1_1_m/rn-ems/src/vesCollector/src/test/java/org/onap/dcae/TLSTestBase.java">
<error line="50" column="14" severity="warning" message="Abbreviation in name &apos;TLSTestBase&apos; must contain no more than &apos;2&apos; consecutive capital letters." source="com.puppycrawl.tools.checkstyle.checks.naming.AbbreviationAsWordInNameCheck"/>
<error line="58" column="22" severity="warning" message="&apos;abstract&apos; modifier out of order with the JLS suggestions." source="com.puppycrawl.tools.checkstyle.checks.modifier.ModifierOrderCheck"/>
<error line="89" column="24" severity="warning" message="Abbreviation in name &apos;getURL&apos; must contain no more than &apos;2&apos; consecutive capital letters." source="com.puppycrawl.tools.checkstyle.checks.naming.AbbreviationAsWordInNameCheck"/>
<error line="100" column="23" severity="warning" message="Abbreviation in name &apos;createHttpURL&apos; must contain no more than &apos;2&apos; consecutive capital letters." source="com.puppycrawl.tools.checkstyle.checks.naming.AbbreviationAsWordInNameCheck"/>
<error line="104" column="23" severity="warning" message="Abbreviation in name &apos;createHttpsURL&apos; must contain no more than &apos;2&apos; consecutive capital letters." source="com.puppycrawl.tools.checkstyle.checks.naming.AbbreviationAsWordInNameCheck"/>
</file>
<file name="/home/bluefox/Tejas-Backups/rm_ems_1_1_m/rn-ems/src/vesCollector/src/test/java/org/onap/dcae/vestest/TestConfigProcessor.java">
<error line="20" column="1" severity="warning" message="&apos;package&apos; should be separated from previous statement." source="com.puppycrawl.tools.checkstyle.checks.whitespace.EmptyLineSeparatorCheck"/>
<error line="70" severity="warning" message="Line is longer than 120 characters (found 130)." source="com.puppycrawl.tools.checkstyle.checks.sizes.LineLengthCheck"/>
<error line="100" column="17" severity="warning" message="Abbreviation in name &apos;testJSONObjectMapToArray&apos; must contain no more than &apos;2&apos; consecutive capital letters." source="com.puppycrawl.tools.checkstyle.checks.naming.AbbreviationAsWordInNameCheck"/>
<error line="106" severity="warning" message="Line is longer than 120 characters (found 129)." source="com.puppycrawl.tools.checkstyle.checks.sizes.LineLengthCheck"/>
<error line="119" column="6" severity="warning" message="&apos;method def modifier&apos; has incorrect indentation level 5, expected level should be 4." source="com.puppycrawl.tools.checkstyle.checks.indentation.IndentationCheck"/>
<error line="125" severity="warning" message="Line is longer than 120 characters (found 147)." source="com.puppycrawl.tools.checkstyle.checks.sizes.LineLengthCheck"/>
<error line="137" column="5" severity="warning" message="&apos;METHOD_DEF&apos; should be separated from previous statement." source="com.puppycrawl.tools.checkstyle.checks.whitespace.EmptyLineSeparatorCheck"/>
<error line="162" severity="warning" message="Line is longer than 120 characters (found 121)." source="com.puppycrawl.tools.checkstyle.checks.sizes.LineLengthCheck"/>
<error line="164" severity="warning" message="Line is longer than 120 characters (found 124)." source="com.puppycrawl.tools.checkstyle.checks.sizes.LineLengthCheck"/>
<error line="219" severity="warning" message="Line is longer than 120 characters (found 221)." source="com.puppycrawl.tools.checkstyle.checks.sizes.LineLengthCheck"/>
<error line="240" severity="warning" message="Line is longer than 120 characters (found 155)." source="com.puppycrawl.tools.checkstyle.checks.sizes.LineLengthCheck"/>
</file>
<file name="/home/bluefox/Tejas-Backups/rm_ems_1_1_m/rn-ems/src/vesCollector/src/test/java/org/onap/dcae/vestest/AnyNodeTest.java">
</file>
<file name="/home/bluefox/Tejas-Backups/rm_ems_1_1_m/rn-ems/src/vesCollector/src/test/java/org/onap/dcae/vestest/TestDefaultConfiguration.java">
</file>
<file name="/home/bluefox/Tejas-Backups/rm_ems_1_1_m/rn-ems/src/vesCollector/src/test/java/org/onap/dcae/common/EventSenderTest.java">
<error line="21" column="1" severity="warning" message="&apos;package&apos; should be separated from previous statement." source="com.puppycrawl.tools.checkstyle.checks.whitespace.EmptyLineSeparatorCheck"/>
<error line="34" column="1" severity="warning" message="Extra separation in import group before &apos;java.io.IOException&apos;" source="com.puppycrawl.tools.checkstyle.checks.imports.CustomImportOrderCheck"/>
<error line="34" column="1" severity="warning" message="Wrong lexicographical order for &apos;java.io.IOException&apos; import. Should be before &apos;org.onap.dcae.restapi.EventValidatorException&apos;." source="com.puppycrawl.tools.checkstyle.checks.imports.CustomImportOrderCheck"/>
<error line="35" column="1" severity="warning" message="Wrong lexicographical order for &apos;java.util.List&apos; import. Should be before &apos;org.onap.dcae.restapi.EventValidatorException&apos;." source="com.puppycrawl.tools.checkstyle.checks.imports.CustomImportOrderCheck"/>
<error line="37" column="1" severity="warning" message="Import statement for &apos;org.assertj.core.api.Assertions.assertThatExceptionOfType&apos; is in the wrong order. Should be in the &apos;STATIC&apos; group, expecting not assigned imports on this line." source="com.puppycrawl.tools.checkstyle.checks.imports.CustomImportOrderCheck"/>
<error line="38" column="1" severity="warning" message="Import statement for &apos;org.mockito.ArgumentMatchers.any&apos; is in the wrong order. Should be in the &apos;STATIC&apos; group, expecting not assigned imports on this line." source="com.puppycrawl.tools.checkstyle.checks.imports.CustomImportOrderCheck"/>
<error line="39" column="1" severity="warning" message="Import statement for &apos;org.mockito.ArgumentMatchers.eq&apos; is in the wrong order. Should be in the &apos;STATIC&apos; group, expecting not assigned imports on this line." source="com.puppycrawl.tools.checkstyle.checks.imports.CustomImportOrderCheck"/>
<error line="40" column="1" severity="warning" message="Import statement for &apos;org.mockito.Mockito.never&apos; is in the wrong order. Should be in the &apos;STATIC&apos; group, expecting not assigned imports on this line." source="com.puppycrawl.tools.checkstyle.checks.imports.CustomImportOrderCheck"/>
<error line="41" column="1" severity="warning" message="Import statement for &apos;org.mockito.Mockito.verify&apos; is in the wrong order. Should be in the &apos;STATIC&apos; group, expecting not assigned imports on this line." source="com.puppycrawl.tools.checkstyle.checks.imports.CustomImportOrderCheck"/>
<error line="46" column="3" severity="warning" message="&apos;member def modifier&apos; has incorrect indentation level 2, expected level should be 4." source="com.puppycrawl.tools.checkstyle.checks.indentation.IndentationCheck"/>
<error line="50" column="3" severity="warning" message="&apos;method def modifier&apos; has incorrect indentation level 2, expected level should be 4." source="com.puppycrawl.tools.checkstyle.checks.indentation.IndentationCheck"/>
<error line="53" column="5" severity="warning" message="&apos;method def&apos; child has incorrect indentation level 4, expected level should be 8." source="com.puppycrawl.tools.checkstyle.checks.indentation.IndentationCheck"/>
<error line="54" column="5" severity="warning" message="&apos;method def&apos; child has incorrect indentation level 4, expected level should be 8." source="com.puppycrawl.tools.checkstyle.checks.indentation.IndentationCheck"/>
<error line="57" column="5" severity="warning" message="&apos;method def&apos; child has incorrect indentation level 4, expected level should be 8." source="com.puppycrawl.tools.checkstyle.checks.indentation.IndentationCheck"/>
<error line="61" column="5" severity="warning" message="&apos;method def&apos; child has incorrect indentation level 4, expected level should be 8." source="com.puppycrawl.tools.checkstyle.checks.indentation.IndentationCheck"/>
<error line="62" column="3" severity="warning" message="&apos;method def rcurly&apos; has incorrect indentation level 2, expected level should be 4." source="com.puppycrawl.tools.checkstyle.checks.indentation.IndentationCheck"/>
<error line="64" column="3" severity="warning" message="&apos;method def modifier&apos; has incorrect indentation level 2, expected level should be 4." source="com.puppycrawl.tools.checkstyle.checks.indentation.IndentationCheck"/>
<error line="67" column="5" severity="warning" message="&apos;method def&apos; child has incorrect indentation level 4, expected level should be 8." source="com.puppycrawl.tools.checkstyle.checks.indentation.IndentationCheck"/>
<error line="70" column="5" severity="warning" message="&apos;method def&apos; child has incorrect indentation level 4, expected level should be 8." source="com.puppycrawl.tools.checkstyle.checks.indentation.IndentationCheck"/>
<error line="73" column="5" severity="warning" message="&apos;method def&apos; child has incorrect indentation level 4, expected level should be 8." source="com.puppycrawl.tools.checkstyle.checks.indentation.IndentationCheck"/>
<error line="76" column="5" severity="warning" message="&apos;method def&apos; child has incorrect indentation level 4, expected level should be 8." source="com.puppycrawl.tools.checkstyle.checks.indentation.IndentationCheck"/>
<error line="77" column="3" severity="warning" message="&apos;method def rcurly&apos; has incorrect indentation level 2, expected level should be 4." source="com.puppycrawl.tools.checkstyle.checks.indentation.IndentationCheck"/>
<error line="79" column="3" severity="warning" message="&apos;method def modifier&apos; has incorrect indentation level 2, expected level should be 4." source="com.puppycrawl.tools.checkstyle.checks.indentation.IndentationCheck"/>
<error line="82" column="5" severity="warning" message="&apos;method def&apos; child has incorrect indentation level 4, expected level should be 8." source="com.puppycrawl.tools.checkstyle.checks.indentation.IndentationCheck"/>
<error line="83" column="5" severity="warning" message="&apos;method def&apos; child has incorrect indentation level 4, expected level should be 8." source="com.puppycrawl.tools.checkstyle.checks.indentation.IndentationCheck"/>
<error line="86" column="5" severity="warning" message="&apos;method def&apos; child has incorrect indentation level 4, expected level should be 8." source="com.puppycrawl.tools.checkstyle.checks.indentation.IndentationCheck"/>
<error line="90" column="5" severity="warning" message="&apos;method def&apos; child has incorrect indentation level 4, expected level should be 8." source="com.puppycrawl.tools.checkstyle.checks.indentation.IndentationCheck"/>
<error line="91" column="3" severity="warning" message="&apos;method def rcurly&apos; has incorrect indentation level 2, expected level should be 4." source="com.puppycrawl.tools.checkstyle.checks.indentation.IndentationCheck"/>
<error line="93" column="3" severity="warning" message="&apos;method def modifier&apos; has incorrect indentation level 2, expected level should be 4." source="com.puppycrawl.tools.checkstyle.checks.indentation.IndentationCheck"/>
<error line="96" column="5" severity="warning" message="&apos;method def&apos; child has incorrect indentation level 4, expected level should be 8." source="com.puppycrawl.tools.checkstyle.checks.indentation.IndentationCheck"/>
<error line="97" column="5" severity="warning" message="&apos;method def&apos; child has incorrect indentation level 4, expected level should be 8." source="com.puppycrawl.tools.checkstyle.checks.indentation.IndentationCheck"/>
<error line="102" column="5" severity="warning" message="&apos;method def&apos; child has incorrect indentation level 4, expected level should be 8." source="com.puppycrawl.tools.checkstyle.checks.indentation.IndentationCheck"/>
<error line="106" column="5" severity="warning" message="&apos;method def&apos; child has incorrect indentation level 4, expected level should be 8." source="com.puppycrawl.tools.checkstyle.checks.indentation.IndentationCheck"/>
<error line="107" column="3" severity="warning" message="&apos;method def rcurly&apos; has incorrect indentation level 2, expected level should be 4." source="com.puppycrawl.tools.checkstyle.checks.indentation.IndentationCheck"/>
<error line="109" column="3" severity="warning" message="&apos;method def modifier&apos; has incorrect indentation level 2, expected level should be 4." source="com.puppycrawl.tools.checkstyle.checks.indentation.IndentationCheck"/>
<error line="110" column="5" severity="warning" message="&apos;method def&apos; child has incorrect indentation level 4, expected level should be 8." source="com.puppycrawl.tools.checkstyle.checks.indentation.IndentationCheck"/>
<error line="111" column="5" severity="warning" message="&apos;method def&apos; child has incorrect indentation level 4, expected level should be 8." source="com.puppycrawl.tools.checkstyle.checks.indentation.IndentationCheck"/>
<error line="112" column="3" severity="warning" message="&apos;method def rcurly&apos; has incorrect indentation level 2, expected level should be 4." source="com.puppycrawl.tools.checkstyle.checks.indentation.IndentationCheck"/>
<error line="114" column="3" severity="warning" message="&apos;method def modifier&apos; has incorrect indentation level 2, expected level should be 4." source="com.puppycrawl.tools.checkstyle.checks.indentation.IndentationCheck"/>
<error line="115" column="5" severity="warning" message="&apos;method def&apos; child has incorrect indentation level 4, expected level should be 8." source="com.puppycrawl.tools.checkstyle.checks.indentation.IndentationCheck"/>
<error line="116" column="3" severity="warning" message="&apos;method def rcurly&apos; has incorrect indentation level 2, expected level should be 4." source="com.puppycrawl.tools.checkstyle.checks.indentation.IndentationCheck"/>
<error line="118" column="3" severity="warning" message="&apos;method def modifier&apos; has incorrect indentation level 2, expected level should be 4." source="com.puppycrawl.tools.checkstyle.checks.indentation.IndentationCheck"/>
<error line="119" column="5" severity="warning" message="&apos;method def&apos; child has incorrect indentation level 4, expected level should be 8." source="com.puppycrawl.tools.checkstyle.checks.indentation.IndentationCheck"/>
<error line="120" column="5" severity="warning" message="&apos;method def&apos; child has incorrect indentation level 4, expected level should be 8." source="com.puppycrawl.tools.checkstyle.checks.indentation.IndentationCheck"/>
<error line="121" column="3" severity="warning" message="&apos;method def rcurly&apos; has incorrect indentation level 2, expected level should be 4." source="com.puppycrawl.tools.checkstyle.checks.indentation.IndentationCheck"/>
<error line="123" column="3" severity="warning" message="&apos;method def modifier&apos; has incorrect indentation level 2, expected level should be 4." source="com.puppycrawl.tools.checkstyle.checks.indentation.IndentationCheck"/>
<error line="124" column="7" severity="warning" message="&apos;method def&apos; child has incorrect indentation level 6, expected level should be 8." source="com.puppycrawl.tools.checkstyle.checks.indentation.IndentationCheck"/>
<error line="124" column="28" severity="warning" message="&apos;,&apos; is not followed by whitespace." source="com.puppycrawl.tools.checkstyle.checks.whitespace.WhitespaceAfterCheck"/>
<error line="124" column="53" severity="warning" message="&apos;,&apos; is not followed by whitespace." source="com.puppycrawl.tools.checkstyle.checks.whitespace.WhitespaceAfterCheck"/>
<error line="125" column="3" severity="warning" message="&apos;method def rcurly&apos; has incorrect indentation level 2, expected level should be 4." source="com.puppycrawl.tools.checkstyle.checks.indentation.IndentationCheck"/>
<error line="127" column="3" severity="warning" message="&apos;method def modifier&apos; has incorrect indentation level 2, expected level should be 4." source="com.puppycrawl.tools.checkstyle.checks.indentation.IndentationCheck"/>
<error line="128" column="7" severity="warning" message="&apos;method def&apos; child has incorrect indentation level 6, expected level should be 8." source="com.puppycrawl.tools.checkstyle.checks.indentation.IndentationCheck"/>
</file>
<file name="/home/bluefox/Tejas-Backups/rm_ems_1_1_m/rn-ems/src/vesCollector/src/test/java/org/onap/dcae/common/ApiExceptionTest.java">
<error line="30" severity="warning" message="Summary javadoc is missing." source="com.puppycrawl.tools.checkstyle.checks.javadoc.SummaryJavadocCheck"/>
</file>
<file name="/home/bluefox/Tejas-Backups/rm_ems_1_1_m/rn-ems/src/vesCollector/src/test/java/org/onap/dcae/common/model/VesEventTest.java">
<error line="20" column="1" severity="warning" message="&apos;package&apos; should be separated from previous statement." source="com.puppycrawl.tools.checkstyle.checks.whitespace.EmptyLineSeparatorCheck"/>
<error line="27" column="1" severity="warning" message="Extra separation in import group before &apos;java.io.IOException&apos;" source="com.puppycrawl.tools.checkstyle.checks.imports.CustomImportOrderCheck"/>
<error line="27" column="1" severity="warning" message="Wrong lexicographical order for &apos;java.io.IOException&apos; import. Should be before &apos;org.onap.dcae.common.JsonDataLoader&apos;." source="com.puppycrawl.tools.checkstyle.checks.imports.CustomImportOrderCheck"/>
<error line="29" column="1" severity="warning" message="Import statement for &apos;org.assertj.core.api.Assertions.assertThatExceptionOfType&apos; is in the wrong order. Should be in the &apos;STATIC&apos; group, expecting not assigned imports on this line." source="com.puppycrawl.tools.checkstyle.checks.imports.CustomImportOrderCheck"/>
<error line="36" column="3" severity="warning" message="&apos;member def modifier&apos; has incorrect indentation level 2, expected level should be 4." source="com.puppycrawl.tools.checkstyle.checks.indentation.IndentationCheck"/>
</file>
<file name="/home/bluefox/Tejas-Backups/rm_ems_1_1_m/rn-ems/src/vesCollector/src/test/java/org/onap/dcae/common/JsonDataLoader.java">
<error line="20" column="1" severity="warning" message="&apos;package&apos; should be separated from previous statement." source="com.puppycrawl.tools.checkstyle.checks.whitespace.EmptyLineSeparatorCheck"/>
<error line="39" severity="warning" message="First sentence of Javadoc is missing an ending period." source="com.puppycrawl.tools.checkstyle.checks.javadoc.SummaryJavadocCheck"/>
</file>
<file name="/home/bluefox/Tejas-Backups/rm_ems_1_1_m/rn-ems/src/vesCollector/src/test/java/org/onap/dcae/common/HeaderUtilsTest.java">
<error line="20" column="1" severity="warning" message="&apos;package&apos; should be separated from previous statement." source="com.puppycrawl.tools.checkstyle.checks.whitespace.EmptyLineSeparatorCheck"/>
<error line="26" column="1" severity="warning" message="Extra separation in import group before &apos;java.util.Map&apos;" source="com.puppycrawl.tools.checkstyle.checks.imports.CustomImportOrderCheck"/>
<error line="26" column="1" severity="warning" message="Wrong lexicographical order for &apos;java.util.Map&apos; import. Should be before &apos;org.springframework.mock.web.MockHttpServletRequest&apos;." source="com.puppycrawl.tools.checkstyle.checks.imports.CustomImportOrderCheck"/>
<error line="28" column="1" severity="warning" message="Import statement for &apos;java.util.Map.entry&apos; is in the wrong order. Should be in the &apos;STATIC&apos; group, expecting not assigned imports on this line." source="com.puppycrawl.tools.checkstyle.checks.imports.CustomImportOrderCheck"/>
<error line="29" column="1" severity="warning" message="Import statement for &apos;org.assertj.core.api.Assertions.assertThat&apos; is in the wrong order. Should be in the &apos;STATIC&apos; group, expecting not assigned imports on this line." source="com.puppycrawl.tools.checkstyle.checks.imports.CustomImportOrderCheck"/>
</file>
<file name="/home/bluefox/Tejas-Backups/rm_ems_1_1_m/rn-ems/src/vesCollector/src/test/java/org/onap/dcae/common/validator/StndDefinedValidatorResolverTest.java">
<error line="31" column="1" severity="warning" message="Import statement for &apos;org.mockito.Mockito.when&apos; is in the wrong order. Should be in the &apos;STATIC&apos; group, expecting not assigned imports on this line." source="com.puppycrawl.tools.checkstyle.checks.imports.CustomImportOrderCheck"/>
</file>
<file name="/home/bluefox/Tejas-Backups/rm_ems_1_1_m/rn-ems/src/vesCollector/src/test/java/org/onap/dcae/common/validator/BatchEventValidatorTest.java">
<error line="20" column="1" severity="warning" message="&apos;package&apos; should be separated from previous statement." source="com.puppycrawl.tools.checkstyle.checks.whitespace.EmptyLineSeparatorCheck"/>
<error line="29" column="1" severity="warning" message="Extra separation in import group before &apos;java.io.IOException&apos;" source="com.puppycrawl.tools.checkstyle.checks.imports.CustomImportOrderCheck"/>
<error line="29" column="1" severity="warning" message="Wrong lexicographical order for &apos;java.io.IOException&apos; import. Should be before &apos;org.onap.dcae.restapi.EventValidatorException&apos;." source="com.puppycrawl.tools.checkstyle.checks.imports.CustomImportOrderCheck"/>
<error line="30" column="1" severity="warning" message="Wrong lexicographical order for &apos;java.nio.file.Files&apos; import. Should be before &apos;org.onap.dcae.restapi.EventValidatorException&apos;." source="com.puppycrawl.tools.checkstyle.checks.imports.CustomImportOrderCheck"/>
<error line="31" column="1" severity="warning" message="Wrong lexicographical order for &apos;java.nio.file.Path&apos; import. Should be before &apos;org.onap.dcae.restapi.EventValidatorException&apos;." source="com.puppycrawl.tools.checkstyle.checks.imports.CustomImportOrderCheck"/>
<error line="32" column="1" severity="warning" message="Wrong lexicographical order for &apos;java.nio.file.Paths&apos; import. Should be before &apos;org.onap.dcae.restapi.EventValidatorException&apos;." source="com.puppycrawl.tools.checkstyle.checks.imports.CustomImportOrderCheck"/>
<error line="33" column="1" severity="warning" message="Wrong lexicographical order for &apos;java.util.List&apos; import. Should be before &apos;org.onap.dcae.restapi.EventValidatorException&apos;." source="com.puppycrawl.tools.checkstyle.checks.imports.CustomImportOrderCheck"/>
<error line="34" column="1" severity="warning" message="Wrong lexicographical order for &apos;java.util.UUID&apos; import. Should be before &apos;org.onap.dcae.restapi.EventValidatorException&apos;." source="com.puppycrawl.tools.checkstyle.checks.imports.CustomImportOrderCheck"/>
<error line="36" column="1" severity="warning" message="Import statement for &apos;org.junit.jupiter.api.Assertions.assertDoesNotThrow&apos; is in the wrong order. Should be in the &apos;STATIC&apos; group, expecting not assigned imports on this line." source="com.puppycrawl.tools.checkstyle.checks.imports.CustomImportOrderCheck"/>
<error line="37" column="1" severity="warning" message="Import statement for &apos;org.junit.jupiter.api.Assertions.assertThrows&apos; is in the wrong order. Should be in the &apos;STATIC&apos; group, expecting not assigned imports on this line." source="com.puppycrawl.tools.checkstyle.checks.imports.CustomImportOrderCheck"/>
<error line="38" column="1" severity="warning" message="Import statement for &apos;org.mockito.Mockito.mock&apos; is in the wrong order. Should be in the &apos;STATIC&apos; group, expecting not assigned imports on this line." source="com.puppycrawl.tools.checkstyle.checks.imports.CustomImportOrderCheck"/>
<error line="39" column="1" severity="warning" message="Import statement for &apos;org.onap.dcae.common.validator.BatchEventValidator.executeBatchEventValidation&apos; is in the wrong order. Should be in the &apos;STATIC&apos; group, expecting not assigned imports on this line." source="com.puppycrawl.tools.checkstyle.checks.imports.CustomImportOrderCheck"/>
<error line="51" severity="warning" message="Line is longer than 120 characters (found 135)." source="com.puppycrawl.tools.checkstyle.checks.sizes.LineLengthCheck"/>
<error line="69" severity="warning" message="Line is longer than 120 characters (found 126)." source="com.puppycrawl.tools.checkstyle.checks.sizes.LineLengthCheck"/>
<error line="71" severity="warning" message="Line is longer than 120 characters (found 154)." source="com.puppycrawl.tools.checkstyle.checks.sizes.LineLengthCheck"/>
<error line="79" severity="warning" message="Line is longer than 120 characters (found 124)." source="com.puppycrawl.tools.checkstyle.checks.sizes.LineLengthCheck"/>
<error line="81" severity="warning" message="Line is longer than 120 characters (found 149)." source="com.puppycrawl.tools.checkstyle.checks.sizes.LineLengthCheck"/>
</file>
<file name="/home/bluefox/Tejas-Backups/rm_ems_1_1_m/rn-ems/src/vesCollector/src/test/java/org/onap/dcae/common/validator/StndDefinedDataValidatorTest.java">
<error line="36" column="1" severity="warning" message="Import statement for &apos;org.junit.jupiter.api.Assertions.assertDoesNotThrow&apos; is in the wrong order. Should be in the &apos;STATIC&apos; group, expecting not assigned imports on this line." source="com.puppycrawl.tools.checkstyle.checks.imports.CustomImportOrderCheck"/>
<error line="37" column="1" severity="warning" message="Import statement for &apos;org.junit.jupiter.api.Assertions.assertEquals&apos; is in the wrong order. Should be in the &apos;STATIC&apos; group, expecting not assigned imports on this line." source="com.puppycrawl.tools.checkstyle.checks.imports.CustomImportOrderCheck"/>
<error line="38" column="1" severity="warning" message="Import statement for &apos;org.mockito.Mockito.when&apos; is in the wrong order. Should be in the &apos;STATIC&apos; group, expecting not assigned imports on this line." source="com.puppycrawl.tools.checkstyle.checks.imports.CustomImportOrderCheck"/>
<error line="52" column="5" severity="warning" message="Missing a Javadoc comment." source="com.puppycrawl.tools.checkstyle.checks.javadoc.MissingJavadocMethodCheck"/>
</file>
<file name="/home/bluefox/Tejas-Backups/rm_ems_1_1_m/rn-ems/src/vesCollector/src/test/java/org/onap/dcae/common/validator/GeneralEventValidatorTest.java">
<error line="42" column="1" severity="warning" message="Import statement for &apos;org.junit.jupiter.api.Assertions.assertDoesNotThrow&apos; is in the wrong order. Should be in the &apos;STATIC&apos; group, expecting not assigned imports on this line." source="com.puppycrawl.tools.checkstyle.checks.imports.CustomImportOrderCheck"/>
<error line="43" column="1" severity="warning" message="Import statement for &apos;org.junit.jupiter.api.Assertions.assertEquals&apos; is in the wrong order. Should be in the &apos;STATIC&apos; group, expecting not assigned imports on this line." source="com.puppycrawl.tools.checkstyle.checks.imports.CustomImportOrderCheck"/>
<error line="44" column="1" severity="warning" message="Import statement for &apos;org.junit.jupiter.api.Assertions.assertThrows&apos; is in the wrong order. Should be in the &apos;STATIC&apos; group, expecting not assigned imports on this line." source="com.puppycrawl.tools.checkstyle.checks.imports.CustomImportOrderCheck"/>
<error line="45" column="1" severity="warning" message="Import statement for &apos;org.junit.jupiter.api.Assertions.fail&apos; is in the wrong order. Should be in the &apos;STATIC&apos; group, expecting not assigned imports on this line." source="com.puppycrawl.tools.checkstyle.checks.imports.CustomImportOrderCheck"/>
<error line="46" column="1" severity="warning" message="Import statement for &apos;org.mockito.ArgumentMatchers.any&apos; is in the wrong order. Should be in the &apos;STATIC&apos; group, expecting not assigned imports on this line." source="com.puppycrawl.tools.checkstyle.checks.imports.CustomImportOrderCheck"/>
<error line="47" column="1" severity="warning" message="Import statement for &apos;org.mockito.Mockito.never&apos; is in the wrong order. Should be in the &apos;STATIC&apos; group, expecting not assigned imports on this line." source="com.puppycrawl.tools.checkstyle.checks.imports.CustomImportOrderCheck"/>
<error line="48" column="1" severity="warning" message="Import statement for &apos;org.mockito.Mockito.verify&apos; is in the wrong order. Should be in the &apos;STATIC&apos; group, expecting not assigned imports on this line." source="com.puppycrawl.tools.checkstyle.checks.imports.CustomImportOrderCheck"/>
<error line="49" column="1" severity="warning" message="Import statement for &apos;org.mockito.Mockito.when&apos; is in the wrong order. Should be in the &apos;STATIC&apos; group, expecting not assigned imports on this line." source="com.puppycrawl.tools.checkstyle.checks.imports.CustomImportOrderCheck"/>
</file>
<file name="/home/bluefox/Tejas-Backups/rm_ems_1_1_m/rn-ems/src/vesCollector/src/test/java/org/onap/dcae/common/ConfigProcessorAdapterTest.java">
<error line="20" column="1" severity="warning" message="&apos;package&apos; should be separated from previous statement." source="com.puppycrawl.tools.checkstyle.checks.whitespace.EmptyLineSeparatorCheck"/>
</file>
<file name="/home/bluefox/Tejas-Backups/rm_ems_1_1_m/rn-ems/src/vesCollector/src/test/java/org/onap/dcae/common/publishing/DMaapContainer.java">
<error line="25" column="1" severity="warning" message="Extra separation in import group before &apos;java.io.File&apos;" source="com.puppycrawl.tools.checkstyle.checks.imports.CustomImportOrderCheck"/>
<error line="25" column="1" severity="warning" message="Wrong lexicographical order for &apos;java.io.File&apos; import. Should be before &apos;org.testcontainers.containers.DockerComposeContainer&apos;." source="com.puppycrawl.tools.checkstyle.checks.imports.CustomImportOrderCheck"/>
<error line="26" column="1" severity="warning" message="Wrong lexicographical order for &apos;java.net.URL&apos; import. Should be before &apos;org.testcontainers.containers.DockerComposeContainer&apos;." source="com.puppycrawl.tools.checkstyle.checks.imports.CustomImportOrderCheck"/>
<error line="37" column="67" severity="warning" message="WhitespaceAround: &apos;{&apos; is not preceded with whitespace." source="com.puppycrawl.tools.checkstyle.checks.whitespace.WhitespaceAroundCheck"/>
<error line="50" column="9" severity="warning" message="&apos;if&apos; construct must use &apos;{}&apos;s." source="com.puppycrawl.tools.checkstyle.checks.blocks.NeedBracesCheck"/>
<error line="51" column="9" severity="warning" message="&apos;else&apos; construct must use &apos;{}&apos;s." source="com.puppycrawl.tools.checkstyle.checks.blocks.NeedBracesCheck"/>
</file>
<file name="/home/bluefox/Tejas-Backups/rm_ems_1_1_m/rn-ems/src/vesCollector/src/test/java/org/onap/dcae/common/publishing/DMaaPConfigurationParserTest.java">
<error line="21" column="1" severity="warning" message="&apos;package&apos; should be separated from previous statement." source="com.puppycrawl.tools.checkstyle.checks.whitespace.EmptyLineSeparatorCheck"/>
<error line="33" severity="warning" message="Summary javadoc is missing." source="com.puppycrawl.tools.checkstyle.checks.javadoc.SummaryJavadocCheck"/>
</file>
<file name="/home/bluefox/Tejas-Backups/rm_ems_1_1_m/rn-ems/src/vesCollector/src/test/java/org/onap/dcae/common/publishing/PublisherTest.java">
<error line="20" column="1" severity="warning" message="&apos;package&apos; should be separated from previous statement." source="com.puppycrawl.tools.checkstyle.checks.whitespace.EmptyLineSeparatorCheck"/>
<error line="34" column="1" severity="warning" message="Extra separation in import group before &apos;java.time.Duration&apos;" source="com.puppycrawl.tools.checkstyle.checks.imports.CustomImportOrderCheck"/>
<error line="34" column="1" severity="warning" message="Wrong lexicographical order for &apos;java.time.Duration&apos; import. Should be before &apos;reactor.test.StepVerifier&apos;." source="com.puppycrawl.tools.checkstyle.checks.imports.CustomImportOrderCheck"/>
<error line="36" column="1" severity="warning" message="Import statement for &apos;org.onap.dcae.common.publishing.DMaapContainer.createContainerInstance&apos; is in the wrong order. Should be in the &apos;STATIC&apos; group, expecting not assigned imports on this line." source="com.puppycrawl.tools.checkstyle.checks.imports.CustomImportOrderCheck"/>
<error line="37" column="1" severity="warning" message="Import statement for &apos;org.onap.dcae.common.publishing.DmaapRequestConfiguration.getAsJsonElements&apos; is in the wrong order. Should be in the &apos;STATIC&apos; group, expecting not assigned imports on this line." source="com.puppycrawl.tools.checkstyle.checks.imports.CustomImportOrderCheck"/>
<error line="44" column="42" severity="warning" message="Abbreviation in name &apos;CONTAINER&apos; must contain no more than &apos;2&apos; consecutive capital letters." source="com.puppycrawl.tools.checkstyle.checks.naming.AbbreviationAsWordInNameCheck"/>
<error line="44" column="42" severity="warning" message="Member name &apos;CONTAINER&apos; must match pattern &apos;^[a-z][a-z0-9][a-zA-Z0-9]*$&apos;." source="com.puppycrawl.tools.checkstyle.checks.naming.MemberNameCheck"/>
<error line="52" severity="warning" message="Line is longer than 120 characters (found 121)." source="com.puppycrawl.tools.checkstyle.checks.sizes.LineLengthCheck"/>
<error line="55" severity="warning" message="Line is longer than 120 characters (found 122)." source="com.puppycrawl.tools.checkstyle.checks.sizes.LineLengthCheck"/>
</file>
<file name="/home/bluefox/Tejas-Backups/rm_ems_1_1_m/rn-ems/src/vesCollector/src/test/java/org/onap/dcae/common/publishing/MessageRouterHttpStatusMapperTest.java">
<error line="20" column="1" severity="warning" message="&apos;package&apos; should be separated from previous statement." source="com.puppycrawl.tools.checkstyle.checks.whitespace.EmptyLineSeparatorCheck"/>
<error line="31" column="1" severity="warning" message="Import statement for &apos;org.junit.jupiter.api.Assertions.assertSame&apos; is in the wrong order. Should be in the &apos;STATIC&apos; group, expecting not assigned imports on this line." source="com.puppycrawl.tools.checkstyle.checks.imports.CustomImportOrderCheck"/>
<error line="32" column="1" severity="warning" message="Import statement for &apos;org.junit.jupiter.api.Assertions.assertThrows&apos; is in the wrong order. Should be in the &apos;STATIC&apos; group, expecting not assigned imports on this line." source="com.puppycrawl.tools.checkstyle.checks.imports.CustomImportOrderCheck"/>
<error line="33" column="1" severity="warning" message="Import statement for &apos;org.mockito.Mockito.mock&apos; is in the wrong order. Should be in the &apos;STATIC&apos; group, expecting not assigned imports on this line." source="com.puppycrawl.tools.checkstyle.checks.imports.CustomImportOrderCheck"/>
<error line="34" column="1" severity="warning" message="Import statement for &apos;org.mockito.Mockito.when&apos; is in the wrong order. Should be in the &apos;STATIC&apos; group, expecting not assigned imports on this line." source="com.puppycrawl.tools.checkstyle.checks.imports.CustomImportOrderCheck"/>
<error line="35" column="1" severity="warning" message="Import statement for &apos;org.onap.dcae.ApplicationSettings.responseCompatibility&apos; is in the wrong order. Should be in the &apos;STATIC&apos; group, expecting not assigned imports on this line." source="com.puppycrawl.tools.checkstyle.checks.imports.CustomImportOrderCheck"/>
<error line="36" column="1" severity="warning" message="Import statement for &apos;org.onap.dcae.common.publishing.MessageRouterHttpStatusMapper.getHttpStatus&apos; is in the wrong order. Should be in the &apos;STATIC&apos; group, expecting not assigned imports on this line." source="com.puppycrawl.tools.checkstyle.checks.imports.CustomImportOrderCheck"/>
<error line="61" column="61" severity="warning" message="&apos;,&apos; is not followed by whitespace." source="com.puppycrawl.tools.checkstyle.checks.whitespace.WhitespaceAfterCheck"/>
<error line="71" column="59" severity="warning" message="&apos;,&apos; is not followed by whitespace." source="com.puppycrawl.tools.checkstyle.checks.whitespace.WhitespaceAfterCheck"/>
<error line="71" column="62" severity="warning" message="WhitespaceAround: &apos;-&gt;&apos; is not followed by whitespace. Empty blocks may only be represented as {} when not part of a multi-block statement (4.1.3)" source="com.puppycrawl.tools.checkstyle.checks.whitespace.WhitespaceAroundCheck"/>
<error line="71" column="62" severity="warning" message="WhitespaceAround: &apos;-&gt;&apos; is not preceded with whitespace." source="com.puppycrawl.tools.checkstyle.checks.whitespace.WhitespaceAroundCheck"/>
<error line="97" column="51" severity="warning" message="&apos;,&apos; is not followed by whitespace." source="com.puppycrawl.tools.checkstyle.checks.whitespace.WhitespaceAfterCheck"/>
<error line="97" column="54" severity="warning" message="WhitespaceAround: &apos;-&gt;&apos; is not followed by whitespace. Empty blocks may only be represented as {} when not part of a multi-block statement (4.1.3)" source="com.puppycrawl.tools.checkstyle.checks.whitespace.WhitespaceAroundCheck"/>
<error line="97" column="54" severity="warning" message="WhitespaceAround: &apos;-&gt;&apos; is not preceded with whitespace." source="com.puppycrawl.tools.checkstyle.checks.whitespace.WhitespaceAroundCheck"/>
<error line="114" column="45" severity="warning" message="&apos;,&apos; is not followed by whitespace." source="com.puppycrawl.tools.checkstyle.checks.whitespace.WhitespaceAfterCheck"/>
<error line="114" column="48" severity="warning" message="WhitespaceAround: &apos;-&gt;&apos; is not followed by whitespace. Empty blocks may only be represented as {} when not part of a multi-block statement (4.1.3)" source="com.puppycrawl.tools.checkstyle.checks.whitespace.WhitespaceAroundCheck"/>
<error line="114" column="48" severity="warning" message="WhitespaceAround: &apos;-&gt;&apos; is not preceded with whitespace." source="com.puppycrawl.tools.checkstyle.checks.whitespace.WhitespaceAroundCheck"/>
</file>
<file name="/home/bluefox/Tejas-Backups/rm_ems_1_1_m/rn-ems/src/vesCollector/src/test/java/org/onap/dcae/common/publishing/PublisherTestMockServer.java">
<error line="20" column="1" severity="warning" message="&apos;package&apos; should be separated from previous statement." source="com.puppycrawl.tools.checkstyle.checks.whitespace.EmptyLineSeparatorCheck"/>
<error line="41" column="1" severity="warning" message="Extra separation in import group before &apos;java.time.Duration&apos;" source="com.puppycrawl.tools.checkstyle.checks.imports.CustomImportOrderCheck"/>
<error line="41" column="1" severity="warning" message="Wrong lexicographical order for &apos;java.time.Duration&apos; import. Should be before &apos;reactor.test.StepVerifier&apos;." source="com.puppycrawl.tools.checkstyle.checks.imports.CustomImportOrderCheck"/>
<error line="42" column="1" severity="warning" message="Wrong lexicographical order for &apos;java.util.concurrent.TimeUnit&apos; import. Should be before &apos;reactor.test.StepVerifier&apos;." source="com.puppycrawl.tools.checkstyle.checks.imports.CustomImportOrderCheck"/>
<error line="44" column="1" severity="warning" message="Import statement for &apos;org.mockserver.model.HttpRequest.request&apos; is in the wrong order. Should be in the &apos;STATIC&apos; group, expecting not assigned imports on this line." source="com.puppycrawl.tools.checkstyle.checks.imports.CustomImportOrderCheck"/>
<error line="45" column="1" severity="warning" message="Import statement for &apos;org.mockserver.model.HttpResponse.response&apos; is in the wrong order. Should be in the &apos;STATIC&apos; group, expecting not assigned imports on this line." source="com.puppycrawl.tools.checkstyle.checks.imports.CustomImportOrderCheck"/>
<error line="46" column="1" severity="warning" message="Import statement for &apos;org.onap.dcae.common.publishing.DmaapRequestConfiguration.createPublishRequest&apos; is in the wrong order. Should be in the &apos;STATIC&apos; group, expecting not assigned imports on this line." source="com.puppycrawl.tools.checkstyle.checks.imports.CustomImportOrderCheck"/>
<error line="47" column="1" severity="warning" message="Import statement for &apos;org.onap.dcae.common.publishing.DmaapRequestConfiguration.getAsJsonElements&apos; is in the wrong order. Should be in the &apos;STATIC&apos; group, expecting not assigned imports on this line." source="com.puppycrawl.tools.checkstyle.checks.imports.CustomImportOrderCheck"/>
<error line="92" severity="warning" message="Line is longer than 120 characters (found 147)." source="com.puppycrawl.tools.checkstyle.checks.sizes.LineLengthCheck"/>
<error line="112" severity="warning" message="Line is longer than 120 characters (found 121)." source="com.puppycrawl.tools.checkstyle.checks.sizes.LineLengthCheck"/>
<error line="117" severity="warning" message="Line is longer than 120 characters (found 127)." source="com.puppycrawl.tools.checkstyle.checks.sizes.LineLengthCheck"/>
</file>
<file name="/home/bluefox/Tejas-Backups/rm_ems_1_1_m/rn-ems/src/vesCollector/src/test/java/org/onap/dcae/TLSTest.java">
<error line="32" column="1" severity="warning" message="Import statement for &apos;org.junit.jupiter.api.Assertions.assertEquals&apos; is in the wrong order. Should be in the &apos;STATIC&apos; group, expecting not assigned imports on this line." source="com.puppycrawl.tools.checkstyle.checks.imports.CustomImportOrderCheck"/>
<error line="33" column="1" severity="warning" message="Import statement for &apos;org.junit.jupiter.api.Assertions.assertThrows&apos; is in the wrong order. Should be in the &apos;STATIC&apos; group, expecting not assigned imports on this line." source="com.puppycrawl.tools.checkstyle.checks.imports.CustomImportOrderCheck"/>
<error line="34" column="1" severity="warning" message="Import statement for &apos;org.mockito.Mockito.when&apos; is in the wrong order. Should be in the &apos;STATIC&apos; group, expecting not assigned imports on this line." source="com.puppycrawl.tools.checkstyle.checks.imports.CustomImportOrderCheck"/>
<error line="35" column="1" severity="warning" message="Import statement for &apos;org.onap.dcae.TLSTest.HttpsConfigurationWithTLSAuthenticationAndBasicAuth.USERNAME&apos; is in the wrong order. Should be in the &apos;STATIC&apos; group, expecting not assigned imports on this line." source="com.puppycrawl.tools.checkstyle.checks.imports.CustomImportOrderCheck"/>
<error line="36" column="1" severity="warning" message="Import statement for &apos;org.onap.dcae.TLSTest.HttpsConfigurationWithTLSAuthenticationAndBasicAuth.PASSWORD&apos; is in the wrong order. Should be in the &apos;STATIC&apos; group, expecting not assigned imports on this line." source="com.puppycrawl.tools.checkstyle.checks.imports.CustomImportOrderCheck"/>
<error line="38" column="14" severity="warning" message="Abbreviation in name &apos;TLSTest&apos; must contain no more than &apos;2&apos; consecutive capital letters." source="com.puppycrawl.tools.checkstyle.checks.naming.AbbreviationAsWordInNameCheck"/>
<error line="62" column="11" severity="warning" message="Abbreviation in name &apos;HttpsWithTLSAuthenticationAndBasicAuthTest&apos; must contain no more than &apos;2&apos; consecutive capital letters." source="com.puppycrawl.tools.checkstyle.checks.naming.AbbreviationAsWordInNameCheck"/>
<error line="90" column="18" severity="warning" message="Abbreviation in name &apos;HttpsConfigurationWithTLSAuthenticationAndBasicAuth&apos; must contain no more than &apos;2&apos; consecutive capital letters." source="com.puppycrawl.tools.checkstyle.checks.naming.AbbreviationAsWordInNameCheck"/>
<error line="93" column="9" severity="warning" message="&apos;METHOD_DEF&apos; should be separated from previous statement." source="com.puppycrawl.tools.checkstyle.checks.whitespace.EmptyLineSeparatorCheck"/>
<error line="97" severity="warning" message="Line is longer than 120 characters (found 156)." source="com.puppycrawl.tools.checkstyle.checks.sizes.LineLengthCheck"/>
</file>
<file name="/home/bluefox/Tejas-Backups/rm_ems_1_1_m/rn-ems/src/vesCollector/src/test/java/org/onap/dcae/TestingUtilities.java">
<error line="21" column="1" severity="warning" message="&apos;package&apos; should be separated from previous statement." source="com.puppycrawl.tools.checkstyle.checks.whitespace.EmptyLineSeparatorCheck"/>
<error line="34" column="1" severity="warning" message="Extra separation in import group before &apos;javax.net.ssl.SSLContext&apos;" source="com.puppycrawl.tools.checkstyle.checks.imports.CustomImportOrderCheck"/>
<error line="34" column="1" severity="warning" message="Wrong lexicographical order for &apos;javax.net.ssl.SSLContext&apos; import. Should be before &apos;org.springframework.web.client.RestTemplate&apos;." source="com.puppycrawl.tools.checkstyle.checks.imports.CustomImportOrderCheck"/>
<error line="35" column="1" severity="warning" message="Wrong lexicographical order for &apos;java.io.File&apos; import. Should be before &apos;org.springframework.web.client.RestTemplate&apos;." source="com.puppycrawl.tools.checkstyle.checks.imports.CustomImportOrderCheck"/>
<error line="36" column="1" severity="warning" message="Wrong lexicographical order for &apos;java.io.FileInputStream&apos; import. Should be before &apos;org.springframework.web.client.RestTemplate&apos;." source="com.puppycrawl.tools.checkstyle.checks.imports.CustomImportOrderCheck"/>
<error line="37" column="1" severity="warning" message="Wrong lexicographical order for &apos;java.nio.file.Files&apos; import. Should be before &apos;org.springframework.web.client.RestTemplate&apos;." source="com.puppycrawl.tools.checkstyle.checks.imports.CustomImportOrderCheck"/>
<error line="38" column="1" severity="warning" message="Wrong lexicographical order for &apos;java.nio.file.Path&apos; import. Should be before &apos;org.springframework.web.client.RestTemplate&apos;." source="com.puppycrawl.tools.checkstyle.checks.imports.CustomImportOrderCheck"/>
<error line="39" column="1" severity="warning" message="Wrong lexicographical order for &apos;java.nio.file.Paths&apos; import. Should be before &apos;org.springframework.web.client.RestTemplate&apos;." source="com.puppycrawl.tools.checkstyle.checks.imports.CustomImportOrderCheck"/>
<error line="40" column="1" severity="warning" message="Wrong lexicographical order for &apos;java.security.KeyStore&apos; import. Should be before &apos;org.springframework.web.client.RestTemplate&apos;." source="com.puppycrawl.tools.checkstyle.checks.imports.CustomImportOrderCheck"/>
<error line="42" column="1" severity="warning" message="Import statement for &apos;java.nio.file.Files.readAllBytes&apos; is in the wrong order. Should be in the &apos;STATIC&apos; group, expecting not assigned imports on this line." source="com.puppycrawl.tools.checkstyle.checks.imports.CustomImportOrderCheck"/>
<error line="43" column="1" severity="warning" message="Import statement for &apos;org.assertj.core.api.Assertions.assertThat&apos; is in the wrong order. Should be in the &apos;STATIC&apos; group, expecting not assigned imports on this line." source="com.puppycrawl.tools.checkstyle.checks.imports.CustomImportOrderCheck"/>
<error line="45" severity="warning" message="Summary javadoc is missing." source="com.puppycrawl.tools.checkstyle.checks.javadoc.SummaryJavadocCheck"/>
<error line="54" column="24" severity="warning" message="Abbreviation in name &apos;assertJSONObjectsEqual&apos; must contain no more than &apos;2&apos; consecutive capital letters." source="com.puppycrawl.tools.checkstyle.checks.naming.AbbreviationAsWordInNameCheck"/>
<error line="58" column="30" severity="warning" message="Abbreviation in name &apos;readJSONFromFile&apos; must contain no more than &apos;2&apos; consecutive capital letters." source="com.puppycrawl.tools.checkstyle.checks.naming.AbbreviationAsWordInNameCheck"/>
<error line="66" column="5" severity="warning" message="Missing a Javadoc comment." source="com.puppycrawl.tools.checkstyle.checks.javadoc.MissingJavadocMethodCheck"/>
<error line="94" column="5" severity="warning" message="Missing a Javadoc comment." source="com.puppycrawl.tools.checkstyle.checks.javadoc.MissingJavadocMethodCheck"/>
<error line="103" column="5" severity="warning" message="Missing a Javadoc comment." source="com.puppycrawl.tools.checkstyle.checks.javadoc.MissingJavadocMethodCheck"/>
<error line="110" column="5" severity="warning" message="Missing a Javadoc comment." source="com.puppycrawl.tools.checkstyle.checks.javadoc.MissingJavadocMethodCheck"/>
<error line="124" column="5" severity="warning" message="Missing a Javadoc comment." source="com.puppycrawl.tools.checkstyle.checks.javadoc.MissingJavadocMethodCheck"/>
</file>
<file name="/home/bluefox/Tejas-Backups/rm_ems_1_1_m/rn-ems/src/vesCollector/src/main/resources/application.properties">
</file>
<file name="/home/bluefox/Tejas-Backups/rm_ems_1_1_m/rn-ems/src/vesCollector/src/main/resources/org/onap/dcae/ecomplog/seclogger.properties">
</file>
<file name="/home/bluefox/Tejas-Backups/rm_ems_1_1_m/rn-ems/src/vesCollector/src/test/resources/testcollector.properties">
</file>
<file name="/home/bluefox/Tejas-Backups/rm_ems_1_1_m/rn-ems/src/vesCollector/src/test/resources/dmaap-msg-router/MsgRtrApi.properties">
</file>
<file name="/home/bluefox/Tejas-Backups/rm_ems_1_1_m/rn-ems/src/vesCollector/src/test/resources/dmaap-msg-router/cadi.properties">
</file>
<file name="/home/bluefox/Tejas-Backups/rm_ems_1_1_m/rn-ems/src/vesCollector/src/test/resources/test_collector_ip_op.properties">
</file>
</checkstyle>
